1744942026.408419
1744942026.709163
1744942027.009754
1744942027.313270
1744942027.613829
1744942027.914407
1744942028.215038
1744942028.515639
1744942028.816309
1744942029.117099
1744942029.417724
1744942029.718916
1744942030.019808
1744942030.320865
1744942030.621769
1744942030.922773
1744942031.224339
1744942031.525296
1744942031.826087
1744942032.126680
1744942032.427621
1744942032.728251
1744942033.028905
1744942033.329554
1744942033.630302
1744942033.931050
1744942034.231730
1744942034.532385
1744942034.833095
1744942035.133876
1744942035.434473
1744942035.735154
1744942036.035615
1744942036.336256
1744942036.637060
1744942036.938072
1744942037.238754
1744942037.539581
1744942037.840333
1744942038.140936
1744942038.441957
1744942038.742722
1744942039.043470
1744942039.344994
1744942039.645637
1744942039.946250
1744942040.247032
1744942040.547852
1744942040.848672
1744942041.149478
1744942041.450179
1744942041.750758
1744942042.051482
1744942042.352090
1744942042.652682
1744942042.953291
1744942043.254022
1744942043.554821
1744942043.855698
1744942044.156354
1744942044.457112
1744942044.758011
1744942045.058664
1744942045.359342
1744942045.661632
1744942045.962298
1744942046.272157
1744942046.572675
1744942046.873259
1744942047.174117
1744942047.475268
1744942047.775706
1744942048.076319
1744942048.377177
1744942048.677793
1744942048.979091
1744942049.279731
1744942049.581137
1744942049.881858
1744942050.182340
1744942050.483008
1744942050.783518
1744942051.084223
1744942051.384992
1744942051.686314
1744942051.987385
1744942052.288266
1744942052.589135
1744942052.889789
1744942053.190865
1744942053.491733
1744942053.792792
1744942054.093404
1744942054.394053
1744942054.694758
1744942054.995328
1744942055.296283
1744942055.596754
1744942055.897520
1744942056.198239
1744942056.498855
1744942056.799449
1744942057.100260
1744942057.400734
1744942057.701619
1744942058.002214
1744942058.303223
1744942058.603992
1744942058.905413
1744942059.205920
1744942059.506930
1744942059.807549
1744942060.108523
1744942060.409456
1744942060.710093
1744942061.010732
1744942061.312472
1744942061.613482
1744942061.914239
1744942062.215835
1744942062.516462
1744942062.817032
1744942063.118007
1744942063.418601
1744942063.719308
1744942064.020722
1744942064.321356
1744942064.622212
1744942064.922915
1744942065.224142
1744942065.525144
1744942065.825817
1744942066.126592
1744942066.427321
1744942066.728552
1744942067.029428
1744942067.330084
1744942067.630797
1744942067.931601
1744942068.232420
1744942068.533163
1744942068.833777
1744942069.134692
1744942069.435287
1744942069.736182
1744942070.036839
1744942070.337276
1744942070.637962
1744942070.938464
1744942071.239055
1744942071.540784
1744942071.841598
1744942072.142224
1744942072.443121
1744942072.744308
1744942073.044896
1744942073.345638
1744942073.646270
1744942073.947003
1744942074.248813
1744942074.549558
1744942074.850293
1744942075.150972
1744942075.451682
1744942075.752670
1744942076.053490
1744942076.354516
1744942076.655301
1744942076.955810
1744942077.256597
1744942077.557258
1744942077.857875
1744942078.158540
1744942078.459285
1744942078.759821
1744942079.061556
1744942079.362212
1744942079.663060
1744942079.963824
1744942080.264796
1744942080.565534
1744942080.866126
1744942081.166774
1744942081.467513
1744942081.768134
1744942082.068855
1744942082.369416
1744942082.670100
1744942082.971095
1744942083.271674
1744942083.572966
1744942083.873541
1744942084.174168
1744942084.474834
1744942084.775473
