1744942026.207931 1744942026.408419 200.4879
1744942026.508687 1744942026.709163 200.4759
1744942026.809370 1744942027.009754 200.3839
1744942027.112806 1744942027.313270 200.4640
1744942027.413484 1744942027.613829 200.3448
1744942027.714029 1744942027.914407 200.3779
1744942028.014653 1744942028.215038 200.3851
1744942028.315247 1744942028.515639 200.3920
1744942028.615879 1744942028.816309 200.4299
1744942028.916511 1744942029.117099 200.5880
1744942029.217317 1744942029.417724 200.4068
1744942029.518162 1744942029.718916 200.7539
1744942029.819127 1744942030.019808 200.6810
1744942030.120066 1744942030.320865 200.7990
1744942030.421266 1744942030.621769 200.5029
1744942030.722189 1744942030.922773 200.5839
1744942031.023904 1744942031.224339 200.4349
1744942031.324859 1744942031.525296 200.4371
1744942031.625532 1744942031.826087 200.5551
1744942031.926292 1744942032.126680 200.3880
1744942032.227362 1744942032.427621 200.2590
1744942032.527920 1744942032.728251 200.3310
1744942032.828499 1744942033.028905 200.4058
1744942033.129168 1744942033.329554 200.3860
1744942033.429908 1744942033.630302 200.3939
1744942033.730501 1744942033.931050 200.5491
1744942034.031345 1744942034.231730 200.3851
1744942034.331931 1744942034.532385 200.4540
1744942034.632659 1744942034.833095 200.4361
1744942034.933497 1744942035.133876 200.3791
1744942035.234089 1744942035.434473 200.3841
1744942035.534745 1744942035.735154 200.4089
1744942035.835357 1744942036.035615 200.2580
1744942036.135807 1744942036.336256 200.4490
1744942036.436521 1744942036.637060 200.5389
1744942036.737537 1744942036.938072 200.5351
1744942037.038276 1744942037.238754 200.4781
1744942037.338994 1744942037.539581 200.5870
1744942037.639814 1744942037.840333 200.5191
1744942037.940549 1744942038.140936 200.3870
1744942038.241183 1744942038.441957 200.7740
1744942038.542175 1744942038.742722 200.5470
1744942038.843052 1744942039.043470 200.4180
1744942039.143698 1744942039.344994 201.2961
1744942039.445209 1744942039.645637 200.4280
1744942039.745882 1744942039.946250 200.3679
1744942040.046590 1744942040.247032 200.4418
1744942040.347271 1744942040.547852 200.5811
1744942040.648072 1744942040.848672 200.5999
1744942040.948888 1744942041.149478 200.5899
1744942041.249677 1744942041.450179 200.5022
1744942041.550503 1744942041.750758 200.2549
1744942041.850987 1744942042.051482 200.4950
1744942042.151648 1744942042.352090 200.4418
1744942042.452350 1744942042.652682 200.3322
1744942042.752922 1744942042.953291 200.3689
1744942043.053552 1744942043.254022 200.4700
1744942043.354315 1744942043.554821 200.5060
1744942043.655243 1744942043.855698 200.4552
1744942043.955941 1744942044.156354 200.4130
1744942044.256621 1744942044.457112 200.4912
1744942044.557479 1744942044.758011 200.5322
1744942044.858254 1744942045.058664 200.4101
1744942045.158885 1744942045.359342 200.4571
1744942045.459968 1744942045.661632 201.6640
1744942045.761933 1744942045.962298 200.3648
1744942046.071614 1744942046.272157 200.5429
1744942046.372391 1744942046.572675 200.2840
1744942046.672885 1744942046.873259 200.3741
1744942046.973573 1744942047.174117 200.5441
1744942047.274876 1744942047.475268 200.3918
1744942047.575465 1744942047.775706 200.2411
1744942047.875927 1744942048.076319 200.3920
1744942048.176860 1744942048.377177 200.3169
1744942048.477379 1744942048.677793 200.4139
1744942048.778190 1744942048.979091 200.9010
1744942049.079317 1744942049.279731 200.4139
1744942049.380027 1744942049.581137 201.1099
1744942049.681421 1744942049.881858 200.4371
1744942049.982101 1744942050.182340 200.2389
1744942050.282634 1744942050.483008 200.3739
1744942050.583242 1744942050.783518 200.2761
1744942050.883727 1744942051.084223 200.4960
1744942051.184502 1744942051.384992 200.4900
1744942051.485793 1744942051.686314 200.5210
1744942051.786616 1744942051.987385 200.7689
1744942052.087742 1744942052.288266 200.5239
1744942052.388717 1744942052.589135 200.4180
1744942052.689335 1744942052.889789 200.4540
1744942052.990148 1744942053.190865 200.7170
1744942053.291113 1744942053.491733 200.6202
1744942053.592066 1744942053.792792 200.7260
1744942053.893011 1744942054.093404 200.3930
1744942054.193615 1744942054.394053 200.4380
1744942054.494208 1744942054.694758 200.5498
1744942054.795017 1744942054.995328 200.3109
1744942055.095895 1744942055.296283 200.3880
1744942055.396501 1744942055.596754 200.2530
1744942055.697110 1744942055.897520 200.4101
1744942055.997755 1744942056.198239 200.4840
1744942056.298458 1744942056.498855 200.3970
1744942056.599159 1744942056.799449 200.2900
1744942056.899848 1744942057.100260 200.4120
1744942057.200394 1744942057.400734 200.3400
1744942057.501238 1744942057.701619 200.3808
1744942057.801844 1744942058.002214 200.3701
1744942058.102436 1744942058.303223 200.7868
1744942058.403457 1744942058.603992 200.5351
1744942058.704609 1744942058.905413 200.8040
1744942059.005601 1744942059.205920 200.3191
1744942059.306397 1744942059.506930 200.5332
1744942059.607240 1744942059.807549 200.3090
1744942059.907784 1744942060.108523 200.7389
1744942060.208760 1744942060.409456 200.6960
1744942060.509682 1744942060.710093 200.4111
1744942060.810347 1744942061.010732 200.3849
1744942061.112036 1744942061.312472 200.4361
1744942061.413013 1744942061.613482 200.4690
1744942061.713682 1744942061.914239 200.5570
1744942062.015092 1744942062.215835 200.7432
1744942062.316059 1744942062.516462 200.4030
1744942062.616695 1744942062.817032 200.3372
1744942062.917566 1744942063.118007 200.4409
1744942063.218216 1744942063.418601 200.3851
1744942063.518939 1744942063.719308 200.3689
1744942063.820113 1744942064.020722 200.6090
1744942064.121051 1744942064.321356 200.3050
1744942064.421595 1744942064.622212 200.6168
1744942064.722466 1744942064.922915 200.4490
1744942065.023646 1744942065.224142 200.4960
1744942065.324353 1744942065.525144 200.7911
1744942065.625381 1744942065.825817 200.4361
1744942065.926169 1744942066.126592 200.4230
1744942066.226916 1744942066.427321 200.4049
1744942066.528128 1744942066.728552 200.4242
1744942066.829035 1744942067.029428 200.3930
1744942067.129678 1744942067.330084 200.4061
1744942067.430341 1744942067.630797 200.4559
1744942067.731016 1744942067.931601 200.5851
1744942068.031980 1744942068.232420 200.4399
1744942068.332691 1744942068.533163 200.4721
1744942068.633379 1744942068.833777 200.3980
1744942068.934007 1744942069.134692 200.6850
1744942069.235002 1744942069.435287 200.2850
1744942069.535729 1744942069.736182 200.4530
1744942069.836459 1744942070.036839 200.3801
1744942070.137042 1744942070.337276 200.2339
1744942070.437564 1744942070.637962 200.3982
1744942070.738221 1744942070.938464 200.2430
1744942071.038674 1744942071.239055 200.3808
1744942071.339287 1744942071.540784 201.4968
1744942071.641056 1744942071.841598 200.5420
1744942071.941821 1744942072.142224 200.4030
1744942072.242661 1744942072.443121 200.4600
1744942072.543353 1744942072.744308 200.9549
1744942072.844518 1744942073.044896 200.3779
1744942073.145133 1744942073.345638 200.5050
1744942073.445855 1744942073.646270 200.4151
1744942073.746640 1744942073.947003 200.3629
1744942074.048335 1744942074.248813 200.4778
1744942074.349046 1744942074.549558 200.5119
1744942074.649839 1744942074.850293 200.4540
1744942074.950577 1744942075.150972 200.3949
1744942075.251202 1744942075.451682 200.4800
1744942075.551961 1744942075.752670 200.7091
1744942075.852948 1744942076.053490 200.5420
1744942076.153795 1744942076.354516 200.7210
1744942076.454910 1744942076.655301 200.3911
1744942076.755536 1744942076.955810 200.2740
1744942077.056051 1744942077.256597 200.5460
1744942077.356847 1744942077.557258 200.4108
1744942077.657493 1744942077.857875 200.3820
1744942077.958136 1744942078.158540 200.4039
1744942078.258869 1744942078.459285 200.4161
1744942078.559523 1744942078.759821 200.2978
1744942078.861039 1744942079.061556 200.5172
1744942079.161798 1744942079.362212 200.4139
1744942079.462436 1744942079.663060 200.6240
1744942079.763425 1744942079.963824 200.3989
1744942080.064050 1744942080.264796 200.7461
1744942080.365054 1744942080.565534 200.4802
1744942080.665748 1744942080.866126 200.3782
1744942080.966348 1744942081.166774 200.4261
1744942081.267034 1744942081.467513 200.4790
1744942081.567736 1744942081.768134 200.3982
1744942081.868368 1744942082.068855 200.4871
1744942082.169044 1744942082.369416 200.3720
1744942082.469639 1744942082.670100 200.4609
1744942082.770660 1744942082.971095 200.4352
1744942083.071319 1744942083.271674 200.3548
1744942083.372554 1744942083.572966 200.4120
1744942083.673193 1744942083.873541 200.3481
1744942083.973750 1744942084.174168 200.4180
1744942084.274418 1744942084.474834 200.4158
1744942084.575038 1744942084.775473 200.4352
