1744942026.207931
1744942026.508687
1744942026.809370
1744942027.112806
1744942027.413484
1744942027.714029
1744942028.014653
1744942028.315247
1744942028.615879
1744942028.916511
1744942029.217317
1744942029.518162
1744942029.819127
1744942030.120066
1744942030.421266
1744942030.722189
1744942031.023904
1744942031.324859
1744942031.625532
1744942031.926292
1744942032.227362
1744942032.527920
1744942032.828499
1744942033.129168
1744942033.429908
1744942033.730501
1744942034.031345
1744942034.331931
1744942034.632659
1744942034.933497
1744942035.234089
1744942035.534745
1744942035.835357
1744942036.135807
1744942036.436521
1744942036.737537
1744942037.038276
1744942037.338994
1744942037.639814
1744942037.940549
1744942038.241183
1744942038.542175
1744942038.843052
1744942039.143698
1744942039.445209
1744942039.745882
1744942040.046590
1744942040.347271
1744942040.648072
1744942040.948888
1744942041.249677
1744942041.550503
1744942041.850987
1744942042.151648
1744942042.452350
1744942042.752922
1744942043.053552
1744942043.354315
1744942043.655243
1744942043.955941
1744942044.256621
1744942044.557479
1744942044.858254
1744942045.158885
1744942045.459968
1744942045.761933
1744942046.071614
1744942046.372391
1744942046.672885
1744942046.973573
1744942047.274876
1744942047.575465
1744942047.875927
1744942048.176860
1744942048.477379
1744942048.778190
1744942049.079317
1744942049.380027
1744942049.681421
1744942049.982101
1744942050.282634
1744942050.583242
1744942050.883727
1744942051.184502
1744942051.485793
1744942051.786616
1744942052.087742
1744942052.388717
1744942052.689335
1744942052.990148
1744942053.291113
1744942053.592066
1744942053.893011
1744942054.193615
1744942054.494208
1744942054.795017
1744942055.095895
1744942055.396501
1744942055.697110
1744942055.997755
1744942056.298458
1744942056.599159
1744942056.899848
1744942057.200394
1744942057.501238
1744942057.801844
1744942058.102436
1744942058.403457
1744942058.704609
1744942059.005601
1744942059.306397
1744942059.607240
1744942059.907784
1744942060.208760
1744942060.509682
1744942060.810347
1744942061.112036
1744942061.413013
1744942061.713682
1744942062.015092
1744942062.316059
1744942062.616695
1744942062.917566
1744942063.218216
1744942063.518939
1744942063.820113
1744942064.121051
1744942064.421595
1744942064.722466
1744942065.023646
1744942065.324353
1744942065.625381
1744942065.926169
1744942066.226916
1744942066.528128
1744942066.829035
1744942067.129678
1744942067.430341
1744942067.731016
1744942068.031980
1744942068.332691
1744942068.633379
1744942068.934007
1744942069.235002
1744942069.535729
1744942069.836459
1744942070.137042
1744942070.437564
1744942070.738221
1744942071.038674
1744942071.339287
1744942071.641056
1744942071.941821
1744942072.242661
1744942072.543353
1744942072.844518
1744942073.145133
1744942073.445855
1744942073.746640
1744942074.048335
1744942074.349046
1744942074.649839
1744942074.950577
1744942075.251202
1744942075.551961
1744942075.852948
1744942076.153795
1744942076.454910
1744942076.755536
1744942077.056051
1744942077.356847
1744942077.657493
1744942077.958136
1744942078.258869
1744942078.559523
1744942078.861039
1744942079.161798
1744942079.462436
1744942079.763425
1744942080.064050
1744942080.365054
1744942080.665748
1744942080.966348
1744942081.267034
1744942081.567736
1744942081.868368
1744942082.169044
1744942082.469639
1744942082.770660
1744942083.071319
1744942083.372554
1744942083.673193
1744942083.973750
1744942084.274418
1744942084.575038
