1744941073.480985
1744941073.589651
1744941073.698263
1744941073.806741
1744941073.924430
1744941074.039192
1744941074.147556
1744941074.256090
1744941074.364568
1744941074.472967
1744941074.581415
1744941074.689840
1744941074.798273
1744941074.906691
1744941075.015100
1744941075.123664
1744941075.232191
1744941075.343192
1744941075.451639
1744941075.560216
1744941075.668821
1744941075.777430
1744941075.885893
1744941075.994392
1744941076.102915
1744941076.211420
1744941076.319958
1744941076.428599
1744941076.537226
1744941076.645731
1744941076.755493
1744941076.863931
1744941076.972494
1744941077.081166
1744941077.189660
1744941077.298085
1744941077.406490
1744941077.514927
1744941077.623401
1744941077.731911
1744941077.840319
1744941077.948836
1744941078.057309
1744941078.165759
1744941078.274338
1744941078.382831
1744941078.491482
1744941078.600044
1744941078.708498
1744941078.816970
1744941078.925454
1744941079.033831
1744941079.142318
1744941079.251147
1744941079.359649
1744941079.468238
1744941079.576774
1744941079.685279
1744941079.793785
1744941079.902226
1744941080.010791
1744941080.119246
1744941080.227645
1744941080.336137
1744941080.444687
1744941080.553303
1744941080.661816
1744941080.770398
1744941080.878817
1744941080.987524
1744941081.096019
1744941081.204447
1744941081.312860
1744941081.421339
1744941081.529815
1744941081.638235
1744941081.746831
1744941081.855712
1744941081.965404
1744941082.073881
1744941082.183008
1744941082.291525
1744941082.399970
1744941082.508822
1744941082.617868
1744941082.726450
1744941082.835100
1744941082.943538
1744941083.051998
1744941083.160510
1744941083.269022
1744941083.377454
1744941083.485955
1744941083.594375
1744941083.702987
1744941083.811487
1744941083.920003
1744941084.028526
1744941084.136976
1744941084.245462
1744941084.356702
1744941084.465160
1744941084.573988
1744941084.682613
1744941084.791167
1744941084.899669
1744941085.008480
1744941085.117161
1744941085.225656
1744941085.334075
1744941085.442525
1744941085.551151
1744941085.659698
1744941085.768119
1744941085.876680
1744941085.985818
1744941086.094409
1744941086.202928
1744941086.311400
1744941086.419918
1744941086.528373
1744941086.637081
1744941086.745849
1744941086.855022
1744941086.963623
1744941087.072182
1744941087.180809
1744941087.289343
1744941087.397903
1744941087.506528
1744941087.615326
1744941087.723955
1744941087.832457
1744941087.941120
1744941088.050257
1744941088.158948
1744941088.267532
1744941088.376153
1744941088.484835
1744941088.593376
1744941088.702291
1744941088.810981
1744941088.919787
1744941089.028369
1744941089.137131
1744941089.245728
1744941089.354317
1744941089.462769
1744941089.571396
1744941089.680476
1744941089.789051
1744941089.897664
1744941090.007555
1744941090.116307
1744941090.225078
1744941090.333701
1744941090.442860
1744941090.551546
1744941090.661942
1744941090.770561
1744941090.879089
1744941090.987637
1744941091.096219
1744941091.204903
1744941091.313483
1744941091.422750
1744941091.531355
1744941091.640141
1744941091.748848
1744941091.857505
1744941091.965993
1744941092.074653
1744941092.183735
1744941092.292445
1744941092.401145
1744941092.510525
1744941092.619237
1744941092.727859
1744941092.836305
1744941092.944865
1744941093.053395
1744941093.161962
1744941093.270421
1744941093.379134
1744941093.487656
1744941093.596240
1744941093.704743
1744941093.813383
1744941093.922058
1744941094.030588
1744941094.139328
1744941094.247980
1744941094.356520
1744941094.465168
1744941094.573714
1744941094.682264
1744941094.790827
1744941094.899268
1744941095.007857
1744941095.116574
1744941095.225073
1744941095.333625
1744941095.442162
1744941095.551154
1744941095.659729
1744941095.768506
1744941095.877096
1744941095.985600
1744941096.094472
1744941096.202995
1744941096.311678
1744941096.420342
1744941096.529959
1744941096.638664
1744941096.747224
1744941096.856276
1744941096.964816
1744941097.073401
1744941097.181870
1744941097.290507
1744941097.399103
1744941097.507749
1744941097.616388
1744941097.724884
1744941097.833395
1744941097.941925
1744941098.050623
1744941098.159152
1744941098.267719
1744941098.376242
1744941098.484803
1744941098.593370
1744941098.702058
1744941098.810724
1744941098.919295
1744941099.027937
1744941099.136342
1744941099.245094
1744941099.355866
1744941099.464640
1744941099.573354
1744941099.681943
1744941099.790518
1744941099.899000
1744941100.007778
1744941100.116361
1744941100.224994
1744941100.333507
1744941100.442025
1744941100.550989
1744941100.659620
1744941100.768104
1744941100.876824
1744941100.985337
1744941101.097426
1744941101.205943
1744941101.314643
1744941101.423113
1744941101.531745
1744941101.640551
1744941101.749320
1744941101.858887
1744941101.967313
1744941102.076014
1744941102.184605
1744941102.293105
1744941102.401781
1744941102.510448
1744941102.619153
1744941102.727720
1744941102.836358
1744941102.945122
1744941103.053686
1744941103.162226
1744941103.270810
1744941103.379426
1744941103.487967
1744941103.596805
1744941103.705516
1744941103.814114
1744941103.922881
1744941104.031448
1744941104.140449
1744941104.248938
1744941104.358904
1744941104.467445
1744941104.577610
1744941104.686355
1744941104.795001
1744941104.903444
1744941105.012024
1744941105.120721
1744941105.229300
1744941105.337942
1744941105.446521
1744941105.555296
1744941105.663844
1744941105.772482
1744941105.881024
1744941105.989749
1744941106.098373
1744941106.206972
1744941106.315583
1744941106.424074
1744941106.532783
1744941106.641370
1744941106.750036
1744941106.858513
1744941106.967176
1744941107.075837
1744941107.184480
1744941107.293157
1744941107.401788
1744941107.510309
1744941107.618940
1744941107.727381
1744941107.836048
1744941107.944845
1744941108.053415
1744941108.162015
1744941108.270644
1744941108.379201
1744941108.487744
1744941108.596798
1744941108.705314
1744941108.813878
1744941108.922609
1744941109.031365
1744941109.139956
1744941109.248607
1744941109.357305
1744941109.465941
1744941109.574518
1744941109.683296
1744941109.791860
1744941109.900441
1744941110.009126
1744941110.117716
1744941110.226256
1744941110.335030
1744941110.443733
1744941110.552264
1744941110.661313
1744941110.769763
1744941110.878625
1744941110.987575
1744941111.096299
1744941111.204985
1744941111.313625
1744941111.422191
1744941111.530806
1744941111.639336
1744941111.747960
1744941111.856666
1744941111.965674
1744941112.074209
1744941112.182695
1744941112.291419
1744941112.399981
1744941112.508620
1744941112.617155
1744941112.725765
1744941112.834237
1744941112.942953
1744941113.051617
1744941113.160315
1744941113.269069
1744941113.377842
1744941113.486358
1744941113.595093
1744941113.703733
1744941113.812620
1744941113.921304
1744941114.030044
1744941114.138620
1744941114.247173
1744941114.355691
1744941114.464307
1744941114.572791
1744941114.681488
1744941114.790630
1744941114.899195
1744941115.008048
1744941115.116729
1744941115.225412
1744941115.334226
1744941115.443412
1744941115.552259
1744941115.660795
1744941115.769411
1744941115.877922
1744941115.986669
1744941116.095277
1744941116.203841
1744941116.312474
1744941116.420989
1744941116.529631
1744941116.638671
1744941116.747225
1744941116.855791
1744941116.964364
1744941117.072886
1744941117.181571
1744941117.290135
1744941117.398765
1744941117.507641
1744941117.616249
1744941117.725034
1744941117.833554
1744941117.942371
1744941118.051305
1744941118.159934
1744941118.268585
1744941118.378378
1744941118.487049
1744941118.595523
1744941118.704277
1744941118.812902
1744941118.921613
1744941119.030208
1744941119.138964
1744941119.247605
1744941119.356131
1744941119.464713
1744941119.573373
1744941119.681829
1744941119.790353
1744941119.898926
1744941120.007530
1744941120.116066
1744941120.224735
1744941120.333334
1744941120.442102
1744941120.550962
1744941120.659778
1744941120.768391
1744941120.878647
1744941120.987397
1744941121.096346
1744941121.205036
1744941121.313554
1744941121.422127
1744941121.530862
1744941121.639560
1744941121.748512
1744941121.857125
1744941121.965576
1744941122.074287
1744941122.182926
1744941122.291518
1744941122.400158
1744941122.508926
1744941122.617629
1744941122.726125
1744941122.834675
1744941122.943462
1744941123.052252
1744941123.160784
1744941123.269521
1744941123.380011
1744941123.488576
1744941123.597214
1744941123.705984
1744941123.814597
1744941123.923123
1744941124.031683
1744941124.140427
1744941124.248911
1744941124.357465
1744941124.465987
1744941124.574572
1744941124.683174
1744941124.792005
1744941124.900506
1744941125.009204
1744941125.118247
1744941125.226769
1744941125.335259
1744941125.444114
1744941125.552698
1744941125.662130
1744941125.770734
1744941125.879981
1744941125.988595
1744941126.097330
1744941126.205792
1744941126.314312
1744941126.422938
1744941126.531589
1744941126.640198
1744941126.748890
1744941126.857446
1744941126.966053
1744941127.074762
1744941127.183658
1744941127.292348
1744941127.400881
1744941127.509634
1744941127.618432
1744941127.726989
1744941127.835570
1744941127.944294
1744941128.052824
1744941128.161286
1744941128.269921
1744941128.378618
1744941128.487191
1744941128.595653
1744941128.704389
1744941128.813099
1744941128.921688
1744941129.030328
1744941129.138908
1744941129.247529
1744941129.356143
1744941129.464909
1744941129.573458
1744941129.681909
1744941129.790532
1744941129.899283
1744941130.007850
1744941130.116270
1744941130.224760
1744941130.333520
1744941130.442101
1744941130.550782
1744941130.661362
1744941130.770263
1744941130.879232
1744941130.987907
1744941131.096611
1744941131.205171
1744941131.313804
1744941131.422506
1744941131.531143
1744941131.639874
1744941131.748401
1744941131.857275
