1744941073.472647 1744941073.480985 8.3380
1744941073.581383 1744941073.589651 8.2681
1744941073.689988 1744941073.698263 8.2750
1744941073.798465 1744941073.806741 8.2760
1744941073.910494 1744941073.924430 13.9358
1744941074.030443 1744941074.039192 8.7490
1744941074.139340 1744941074.147556 8.2161
1744941074.247763 1744941074.256090 8.3270
1744941074.356350 1744941074.364568 8.2181
1744941074.464756 1744941074.472967 8.2109
1744941074.573202 1744941074.581415 8.2130
1744941074.681619 1744941074.689840 8.2211
1744941074.790063 1744941074.798273 8.2102
1744941074.898472 1744941074.906691 8.2190
1744941075.006886 1744941075.015100 8.2140
1744941075.115397 1744941075.123664 8.2669
1744941075.223979 1744941075.232191 8.2121
1744941075.332516 1744941075.343192 10.6761
1744941075.443400 1744941075.451639 8.2390
1744941075.551975 1744941075.560216 8.2409
1744941075.660426 1744941075.668821 8.3952
1744941075.769204 1744941075.777430 8.2262
1744941075.877585 1744941075.885893 8.3082
1744941075.986084 1744941075.994392 8.3079
1744941076.094592 1744941076.102915 8.3230
1744941076.203181 1744941076.211420 8.2390
1744941076.311711 1744941076.319958 8.2469
1744941076.420151 1744941076.428599 8.4481
1744941076.528790 1744941076.537226 8.4360
1744941076.637428 1744941076.645731 8.3029
1744941076.745940 1744941076.755493 9.5530
1744941076.855723 1744941076.863931 8.2080
1744941076.964120 1744941076.972494 8.3740
1744941077.072893 1744941077.081166 8.2731
1744941077.181420 1744941077.189660 8.2400
1744941077.289797 1744941077.298085 8.2879
1744941077.398241 1744941077.406490 8.2490
1744941077.506694 1744941077.514927 8.2328
1744941077.615124 1744941077.623401 8.2769
1744941077.723600 1744941077.731911 8.3110
1744941077.832099 1744941077.840319 8.2200
1744941077.940565 1744941077.948836 8.2710
1744941078.049030 1744941078.057309 8.2788
1744941078.157490 1744941078.165759 8.2691
1744941078.265944 1744941078.274338 8.3940
1744941078.374562 1744941078.382831 8.2691
1744941078.483088 1744941078.491482 8.3940
1744941078.591810 1744941078.600044 8.2340
1744941078.700238 1744941078.708498 8.2600
1744941078.808750 1744941078.816970 8.2202
1744941078.917194 1744941078.925454 8.2600
1744941079.025610 1744941079.033831 8.2209
1744941079.134023 1744941079.142318 8.2951
1744941079.242667 1744941079.251147 8.4801
1744941079.351371 1744941079.359649 8.2779
1744941079.459862 1744941079.468238 8.3761
1744941079.568554 1744941079.576774 8.2200
1744941079.676992 1744941079.685279 8.2870
1744941079.785477 1744941079.793785 8.3082
1744941079.893974 1744941079.902226 8.2519
1744941080.002422 1744941080.010791 8.3690
1744941080.110988 1744941080.119246 8.2581
1744941080.219407 1744941080.227645 8.2378
1744941080.327867 1744941080.336137 8.2700
1744941080.436277 1744941080.444687 8.4100
1744941080.544924 1744941080.553303 8.3790
1744941080.653496 1744941080.661816 8.3199
1744941080.762019 1744941080.770398 8.3790
1744941080.870600 1744941080.878817 8.2171
1744941080.979140 1744941080.987524 8.3840
1744941081.087811 1744941081.096019 8.2080
1744941081.196222 1744941081.204447 8.2250
1744941081.304639 1744941081.312860 8.2209
1744941081.413080 1744941081.421339 8.2591
1744941081.521595 1744941081.529815 8.2200
1744941081.630001 1744941081.638235 8.2340
1744941081.738575 1744941081.746831 8.2560
1744941081.847441 1744941081.855712 8.2710
1744941081.956641 1744941081.965404 8.7631
1744941082.065593 1744941082.073881 8.2879
1744941082.174589 1744941082.183008 8.4190
1744941082.283230 1744941082.291525 8.2948
1744941082.391717 1744941082.399970 8.2531
1744941082.500282 1744941082.508822 8.5399
1744941082.609431 1744941082.617868 8.4369
1744941082.718107 1744941082.726450 8.3430
1744941082.826751 1744941082.835100 8.3489
1744941082.935290 1744941082.943538 8.2479
1744941083.043732 1744941083.051998 8.2660
1744941083.152199 1744941083.160510 8.3110
1744941083.260697 1744941083.269022 8.3251
1744941083.369208 1744941083.377454 8.2459
1744941083.477674 1744941083.485955 8.2810
1744941083.586128 1744941083.594375 8.2469
1744941083.694566 1744941083.702987 8.4209
1744941083.803177 1744941083.811487 8.3098
1744941083.911777 1744941083.920003 8.2259
1744941084.020271 1744941084.028526 8.2550
1744941084.128743 1744941084.136976 8.2331
1744941084.237168 1744941084.245462 8.2939
1744941084.348123 1744941084.356702 8.5790
1744941084.456873 1744941084.465160 8.2870
1744941084.565751 1744941084.573988 8.2369
1744941084.674353 1744941084.682613 8.2600
1744941084.782801 1744941084.791167 8.3661
1744941084.891428 1744941084.899669 8.2409
1744941084.999814 1744941085.008480 8.6660
1744941085.108781 1744941085.117161 8.3799
1744941085.217355 1744941085.225656 8.3010
1744941085.325802 1744941085.334075 8.2729
1744941085.434278 1744941085.442525 8.2469
1744941085.542899 1744941085.551151 8.2521
1744941085.651353 1744941085.659698 8.3451
1744941085.759906 1744941085.768119 8.2130
1744941085.868317 1744941085.876680 8.3630
1744941085.977504 1744941085.985818 8.3139
1744941086.086010 1744941086.094409 8.3990
1744941086.194595 1744941086.202928 8.3330
1744941086.303124 1744941086.311400 8.2760
1744941086.411649 1744941086.419918 8.2691
1744941086.520118 1744941086.528373 8.2550
1744941086.628620 1744941086.637081 8.4610
1744941086.737371 1744941086.745849 8.4779
1744941086.846004 1744941086.855022 9.0179
1744941086.955303 1744941086.963623 8.3201
1744941087.063885 1744941087.072182 8.2970
1744941087.172445 1744941087.180809 8.3640
1744941087.281040 1744941087.289343 8.3032
1744941087.389541 1744941087.397903 8.3621
1744941087.498222 1744941087.506528 8.3058
1744941087.606926 1744941087.615326 8.4000
1744941087.715619 1744941087.723955 8.3358
1744941087.824189 1744941087.832457 8.2681
1744941087.932748 1744941087.941120 8.3718
1744941088.041620 1744941088.050257 8.6370
1744941088.150555 1744941088.158948 8.3930
1744941088.259154 1744941088.267532 8.3780
1744941088.367772 1744941088.376153 8.3809
1744941088.476320 1744941088.484835 8.5149
1744941088.585035 1744941088.593376 8.3408
1744941088.693933 1744941088.702291 8.3580
1744941088.802551 1744941088.810981 8.4300
1744941088.911467 1744941088.919787 8.3199
1744941089.019974 1744941089.028369 8.3950
1744941089.128666 1744941089.137131 8.4651
1744941089.237350 1744941089.245728 8.3780
1744941089.346085 1744941089.354317 8.2319
1744941089.454541 1744941089.462769 8.2281
1744941089.563056 1744941089.571396 8.3401
1744941089.671826 1744941089.680476 8.6501
1744941089.780733 1744941089.789051 8.3179
1744941089.889332 1744941089.897664 8.3320
1744941089.999243 1744941090.007555 8.3120
1744941090.107853 1744941090.116307 8.4541
1744941090.216803 1744941090.225078 8.2750
1744941090.325350 1744941090.333701 8.3508
1744941090.434027 1744941090.442860 8.8329
1744941090.543172 1744941090.551546 8.3742
1744941090.653342 1744941090.661942 8.6000
1744941090.762256 1744941090.770561 8.3051
1744941090.870754 1744941090.879089 8.3351
1744941090.979361 1744941090.987637 8.2760
1744941091.087929 1744941091.096219 8.2901
1744941091.196518 1744941091.204903 8.3849
1744941091.305057 1744941091.313483 8.4260
1744941091.414087 1744941091.422750 8.6629
1744941091.522989 1744941091.531355 8.3659
1744941091.631675 1744941091.640141 8.4660
1744941091.740499 1744941091.748848 8.3489
1744941091.849213 1744941091.857505 8.2922
1744941091.957701 1744941091.965993 8.2920
1744941092.066250 1744941092.074653 8.4028
1744941092.175078 1744941092.183735 8.6570
1744941092.283963 1744941092.292445 8.4820
1744941092.392643 1744941092.401145 8.5020
1744941092.501387 1744941092.510525 9.1381
1744941092.610832 1744941092.619237 8.4050
1744941092.719537 1744941092.727859 8.3220
1744941092.828066 1744941092.836305 8.2388
1744941092.936539 1744941092.944865 8.3261
1744941093.045053 1744941093.053395 8.3420
1744941093.153698 1744941093.161962 8.2641
1744941093.262180 1744941093.270421 8.2409
1744941093.370741 1744941093.379134 8.3930
1744941093.479391 1744941093.487656 8.2650
1744941093.587830 1744941093.596240 8.4100
1744941093.696508 1744941093.704743 8.2350
1744941093.805043 1744941093.813383 8.3401
1744941093.913689 1744941093.922058 8.3692
1744941094.022273 1744941094.030588 8.3148
1744941094.130909 1744941094.139328 8.4190
1744941094.239625 1744941094.247980 8.3551
1744941094.348279 1744941094.356520 8.2409
1744941094.456907 1744941094.465168 8.2610
1744941094.565384 1744941094.573714 8.3301
1744941094.673913 1744941094.682264 8.3511
1744941094.782466 1744941094.790827 8.3611
1744941094.890960 1744941094.899268 8.3079
1744941094.999525 1744941095.007857 8.3320
1744941095.108201 1744941095.116574 8.3730
1744941095.216762 1744941095.225073 8.3110
1744941095.325286 1744941095.333625 8.3392
1744941095.433830 1744941095.442162 8.3320
1744941095.542729 1744941095.551154 8.4250
1744941095.651419 1744941095.659729 8.3101
1744941095.760084 1744941095.768506 8.4221
1744941095.868755 1744941095.877096 8.3408
1744941095.977322 1744941095.985600 8.2779
1744941096.086122 1744941096.094472 8.3499
1744941096.194600 1744941096.202995 8.3950
1744941096.303347 1744941096.311678 8.3308
1744941096.412023 1744941096.420342 8.3189
1744941096.520584 1744941096.529959 9.3749
1744941096.630339 1744941096.638664 8.3251
1744941096.738876 1744941096.747224 8.3480
1744941096.847433 1744941096.856276 8.8429
1744941096.956548 1744941096.964816 8.2681
1744941097.065045 1744941097.073401 8.3559
1744941097.173602 1744941097.181870 8.2679
1744941097.282180 1744941097.290507 8.3270
1744941097.390794 1744941097.399103 8.3089
1744941097.499356 1744941097.507749 8.3930
1744941097.608035 1744941097.616388 8.3530
1744941097.716598 1744941097.724884 8.2860
1744941097.825034 1744941097.833395 8.3611
1744941097.933556 1744941097.941925 8.3690
1744941098.042200 1744941098.050623 8.4229
1744941098.150910 1744941098.159152 8.2421
1744941098.259400 1744941098.267719 8.3191
1744941098.367854 1744941098.376242 8.3878
1744941098.476495 1744941098.484803 8.3079
1744941098.585012 1744941098.593370 8.3580
1744941098.693704 1744941098.702058 8.3542
1744941098.802372 1744941098.810724 8.3520
1744941098.911073 1744941098.919295 8.2221
1744941099.019600 1744941099.027937 8.3370
1744941099.128122 1744941099.136342 8.2200
1744941099.236793 1744941099.245094 8.3010
1744941099.345724 1744941099.355866 10.1418
1744941099.456202 1744941099.464640 8.4379
1744941099.564829 1744941099.573354 8.5249
1744941099.673637 1744941099.681943 8.3060
1744941099.782281 1744941099.790518 8.2371
1744941099.890654 1744941099.899000 8.3458
1744941099.999422 1744941100.007778 8.3559
1744941100.107955 1744941100.116361 8.4059
1744941100.216657 1744941100.224994 8.3370
1744941100.325284 1744941100.333507 8.2231
1744941100.433786 1744941100.442025 8.2390
1744941100.542309 1744941100.550989 8.6799
1744941100.651215 1744941100.659620 8.4050
1744941100.759814 1744941100.768104 8.2901
1744941100.868337 1744941100.876824 8.4870
1744941100.977023 1744941100.985337 8.3141
1744941101.089152 1744941101.097426 8.2738
1744941101.197640 1744941101.205943 8.3032
1744941101.306233 1744941101.314643 8.4100
1744941101.414845 1744941101.423113 8.2681
1744941101.523417 1744941101.531745 8.3280
1744941101.632147 1744941101.640551 8.4040
1744941101.741033 1744941101.749320 8.2870
1744941101.849620 1744941101.858887 9.2669
1744941101.959084 1744941101.967313 8.2290
1744941102.067608 1744941102.076014 8.4059
1744941102.176345 1744941102.184605 8.2598
1744941102.284828 1744941102.293105 8.2769
1744941102.393399 1744941102.401781 8.3821
1744941102.502088 1744941102.510448 8.3599
1744941102.610810 1744941102.619153 8.3430
1744941102.719461 1744941102.727720 8.2591
1744941102.827938 1744941102.836358 8.4200
1744941102.936677 1744941102.945122 8.4450
1744941103.045337 1744941103.053686 8.3489
1744941103.153981 1744941103.162226 8.2450
1744941103.262446 1744941103.270810 8.3640
1744941103.371109 1744941103.379426 8.3170
1744941103.479703 1744941103.487967 8.2641
1744941103.588269 1744941103.596805 8.5361
1744941103.697116 1744941103.705516 8.4002
1744941103.805745 1744941103.814114 8.3692
1744941103.914551 1744941103.922881 8.3299
1744941104.023071 1744941104.031448 8.3768
1744941104.131681 1744941104.140449 8.7681
1744941104.240705 1744941104.248938 8.2331
1744941104.349227 1744941104.358904 9.6769
1744941104.459189 1744941104.467445 8.2560
1744941104.569187 1744941104.577610 8.4231
1744941104.677968 1744941104.686355 8.3871
1744941104.786653 1744941104.795001 8.3480
1744941104.895201 1744941104.903444 8.2431
1744941105.003687 1744941105.012024 8.3370
1744941105.112375 1744941105.120721 8.3461
1744941105.220925 1744941105.229300 8.3749
1744941105.329598 1744941105.337942 8.3439
1744941105.438197 1744941105.446521 8.3241
1744941105.546916 1744941105.555296 8.3799
1744941105.655475 1744941105.663844 8.3692
1744941105.764148 1744941105.772482 8.3339
1744941105.872681 1744941105.881024 8.3430
1744941105.981435 1744941105.989749 8.3139
1744941106.090064 1744941106.098373 8.3089
1744941106.198668 1744941106.206972 8.3039
1744941106.307280 1744941106.315583 8.3029
1744941106.415768 1744941106.424074 8.3060
1744941106.524470 1744941106.532783 8.3129
1744941106.633039 1744941106.641370 8.3311
1744941106.741672 1744941106.750036 8.3640
1744941106.850216 1744941106.858513 8.2972
1744941106.958821 1744941106.967176 8.3549
1744941107.067446 1744941107.075837 8.3909
1744941107.176162 1744941107.184480 8.3179
1744941107.284698 1744941107.293157 8.4591
1744941107.393438 1744941107.401788 8.3499
1744941107.501959 1744941107.510309 8.3499
1744941107.610630 1744941107.618940 8.3101
1744941107.719123 1744941107.727381 8.2581
1744941107.827726 1744941107.836048 8.3220
1744941107.936312 1744941107.944845 8.5330
1744941108.045040 1744941108.053415 8.3752
1744941108.153711 1744941108.162015 8.3039
1744941108.262306 1744941108.270644 8.3380
1744941108.370840 1744941108.379201 8.3609
1744941108.479435 1744941108.487744 8.3091
1744941108.588484 1744941108.596798 8.3139
1744941108.697035 1744941108.705314 8.2788
1744941108.805525 1744941108.813878 8.3530
1744941108.914207 1744941108.922609 8.4021
1744941109.023019 1744941109.031365 8.3458
1744941109.131668 1744941109.139956 8.2879
1744941109.240312 1744941109.248607 8.2948
1744941109.348934 1744941109.357305 8.3711
1744941109.457494 1744941109.465941 8.4469
1744941109.566201 1744941109.574518 8.3170
1744941109.674970 1744941109.683296 8.3261
1744941109.783528 1744941109.791860 8.3320
1744941109.892132 1744941109.900441 8.3089
1744941110.000688 1744941110.009126 8.4379
1744941110.109470 1744941110.117716 8.2462
1744941110.217885 1744941110.226256 8.3709
1744941110.326755 1744941110.335030 8.2750
1744941110.435318 1744941110.443733 8.4150
1744941110.543987 1744941110.552264 8.2769
1744941110.652600 1744941110.661313 8.7130
1744941110.761513 1744941110.769763 8.2500
1744941110.869972 1744941110.878625 8.6529
1744941110.979159 1744941110.987575 8.4159
1744941111.087923 1744941111.096299 8.3759
1744941111.196653 1744941111.204985 8.3320
1744941111.305264 1744941111.313625 8.3611
1744941111.413879 1744941111.422191 8.3120
1744941111.522497 1744941111.530806 8.3091
1744941111.631065 1744941111.639336 8.2712
1744941111.739609 1744941111.747960 8.3511
1744941111.848267 1744941111.856666 8.3990
1744941111.957008 1744941111.965674 8.6660
1744941112.065908 1744941112.074209 8.3010
1744941112.174405 1744941112.182695 8.2898
1744941112.283104 1744941112.291419 8.3151
1744941112.391642 1744941112.399981 8.3389
1744941112.500282 1744941112.508620 8.3380
1744941112.608847 1744941112.617155 8.3082
1744941112.717506 1744941112.725765 8.2591
1744941112.825928 1744941112.834237 8.3091
1744941112.934534 1744941112.942953 8.4190
1744941113.043219 1744941113.051617 8.3978
1744941113.151846 1744941113.160315 8.4691
1744941113.260520 1744941113.269069 8.5490
1744941113.369513 1744941113.377842 8.3289
1744941113.478067 1744941113.486358 8.2910
1744941113.586755 1744941113.595093 8.3380
1744941113.695391 1744941113.703733 8.3420
1744941113.804045 1744941113.812620 8.5750
1744941113.913006 1744941113.921304 8.2979
1744941114.021689 1744941114.030044 8.3551
1744941114.130336 1744941114.138620 8.2839
1744941114.238855 1744941114.247173 8.3182
1744941114.347472 1744941114.355691 8.2190
1744941114.455995 1744941114.464307 8.3120
1744941114.564519 1744941114.572791 8.2722
1744941114.673085 1744941114.681488 8.4031
1744941114.781694 1744941114.790630 8.9362
1744941114.890867 1744941114.899195 8.3280
1744941114.999502 1744941115.008048 8.5461
1744941115.108351 1744941115.116729 8.3780
1744941115.217129 1744941115.225412 8.2829
1744941115.325730 1744941115.334226 8.4958
1744941115.434507 1744941115.443412 8.9052
1744941115.543869 1744941115.552259 8.3899
1744941115.652486 1744941115.660795 8.3089
1744941115.761038 1744941115.769411 8.3730
1744941115.869618 1744941115.877922 8.3041
1744941115.978342 1744941115.986669 8.3270
1744941116.086961 1744941116.095277 8.3160
1744941116.195569 1744941116.203841 8.2719
1744941116.304088 1744941116.312474 8.3859
1744941116.412692 1744941116.420989 8.2970
1744941116.521157 1744941116.529631 8.4739
1744941116.630143 1744941116.638671 8.5280
1744941116.738929 1744941116.747225 8.2960
1744941116.847454 1744941116.855791 8.3370
1744941116.956083 1744941116.964364 8.2810
1744941117.064664 1744941117.072886 8.2221
1744941117.173180 1744941117.181571 8.3909
1744941117.281739 1744941117.290135 8.3959
1744941117.390464 1744941117.398765 8.3010
1744941117.499251 1744941117.507641 8.3902
1744941117.607983 1744941117.616249 8.2660
1744941117.716651 1744941117.725034 8.3830
1744941117.825324 1744941117.833554 8.2300
1744941117.933881 1744941117.942371 8.4898
1744941118.042752 1744941118.051305 8.5530
1744941118.151623 1744941118.159934 8.3110
1744941118.260233 1744941118.268585 8.3520
1744941118.369942 1744941118.378378 8.4360
1744941118.478688 1744941118.487049 8.3611
1744941118.587221 1744941118.595523 8.3022
1744941118.695951 1744941118.704277 8.3261
1744941118.804493 1744941118.812902 8.4090
1744941118.913194 1744941118.921613 8.4190
1744941119.021876 1744941119.030208 8.3320
1744941119.130600 1744941119.138964 8.3640
1744941119.239284 1744941119.247605 8.3210
1744941119.347835 1744941119.356131 8.2960
1744941119.456427 1744941119.464713 8.2860
1744941119.565032 1744941119.573373 8.3411
1744941119.673544 1744941119.681829 8.2850
1744941119.781988 1744941119.790353 8.3652
1744941119.890649 1744941119.898926 8.2769
1744941119.999269 1744941120.007530 8.2610
1744941120.107826 1744941120.116066 8.2400
1744941120.216407 1744941120.224735 8.3280
1744941120.325064 1744941120.333334 8.2700
1744941120.433689 1744941120.442102 8.4128
1744941120.542450 1744941120.550962 8.5120
1744941120.651435 1744941120.659778 8.3432
1744941120.760064 1744941120.768391 8.3270
1744941120.870130 1744941120.878647 8.5170
1744941120.978993 1744941120.987397 8.4040
1744941121.087744 1744941121.096346 8.6019
1744941121.196583 1744941121.205036 8.4529
1744941121.305264 1744941121.313554 8.2901
1744941121.413755 1744941121.422127 8.3721
1744941121.522478 1744941121.530862 8.3840
1744941121.631155 1744941121.639560 8.4050
1744941121.739851 1744941121.748512 8.6610
1744941121.848764 1744941121.857125 8.3611
1744941121.957301 1744941121.965576 8.2750
1744941122.065885 1744941122.074287 8.4019
1744941122.174602 1744941122.182926 8.3239
1744941122.283226 1744941122.291518 8.2920
1744941122.391844 1744941122.400158 8.3139
1744941122.500463 1744941122.508926 8.4629
1744941122.609177 1744941122.617629 8.4519
1744941122.717855 1744941122.726125 8.2700
1744941122.826420 1744941122.834675 8.2550
1744941122.934838 1744941122.943462 8.6238
1744941123.043808 1744941123.052252 8.4441
1744941123.152533 1744941123.160784 8.2510
1744941123.261115 1744941123.269521 8.4059
1744941123.371612 1744941123.380011 8.3990
1744941123.480315 1744941123.488576 8.2610
1744941123.588870 1744941123.597214 8.3439
1744941123.697536 1744941123.705984 8.4481
1744941123.806279 1744941123.814597 8.3179
1744941123.914796 1744941123.923123 8.3268
1744941124.023419 1744941124.031683 8.2641
1744941124.132100 1744941124.140427 8.3270
1744941124.240645 1744941124.248911 8.2660
1744941124.349148 1744941124.357465 8.3170
1744941124.457604 1744941124.465987 8.3830
1744941124.566288 1744941124.574572 8.2841
1744941124.674886 1744941124.683174 8.2879
1744941124.783490 1744941124.792005 8.5151
1744941124.892220 1744941124.900506 8.2860
1744941125.000781 1744941125.009204 8.4229
1744941125.109487 1744941125.118247 8.7600
1744941125.218521 1744941125.226769 8.2479
1744941125.326912 1744941125.335259 8.3470
1744941125.435499 1744941125.444114 8.6150
1744941125.544420 1744941125.552698 8.2779
1744941125.653693 1744941125.662130 8.4372
1744941125.762477 1744941125.770734 8.2572
1744941125.870961 1744941125.879981 9.0201
1744941125.980281 1744941125.988595 8.3139
1744941126.088997 1744941126.097330 8.3332
1744941126.197576 1744941126.205792 8.2159
1744941126.306086 1744941126.314312 8.2259
1744941126.414615 1744941126.422938 8.3232
1744941126.523292 1744941126.531589 8.2970
1744941126.631879 1744941126.640198 8.3189
1744941126.740469 1744941126.748890 8.4209
1744941126.849161 1744941126.857446 8.2850
1744941126.957763 1744941126.966053 8.2901
1744941127.066320 1744941127.074762 8.4422
1744941127.175297 1744941127.183658 8.3609
1744941127.283895 1744941127.292348 8.4529
1744941127.392561 1744941127.400881 8.3201
1744941127.501159 1744941127.509634 8.4751
1744941127.610085 1744941127.618432 8.3470
1744941127.718596 1744941127.726989 8.3930
1744941127.827204 1744941127.835570 8.3661
1744941127.935861 1744941127.944294 8.4329
1744941128.044600 1744941128.052824 8.2240
1744941128.153046 1744941128.161286 8.2402
1744941128.261554 1744941128.269921 8.3671
1744941128.370281 1744941128.378618 8.3370
1744941128.478861 1744941128.487191 8.3299
1744941128.587377 1744941128.595653 8.2760
1744941128.696093 1744941128.704389 8.2960
1744941128.804806 1744941128.813099 8.2929
1744941128.913366 1744941128.921688 8.3220
1744941129.022047 1744941129.030328 8.2810
1744941129.130623 1744941129.138908 8.2848
1744941129.239214 1744941129.247529 8.3151
1744941129.347727 1744941129.356143 8.4159
1744941129.456517 1744941129.464909 8.3921
1744941129.565221 1744941129.573458 8.2369
1744941129.673600 1744941129.681909 8.3091
1744941129.782086 1744941129.790532 8.4462
1744941129.890814 1744941129.899283 8.4689
1744941129.999581 1744941130.007850 8.2688
1744941130.108046 1744941130.116270 8.2240
1744941130.216448 1744941130.224760 8.3120
1744941130.325033 1744941130.333520 8.4870
1744941130.433734 1744941130.442101 8.3671
1744941130.542431 1744941130.550782 8.3508
1744941130.652709 1744941130.661362 8.6529
1744941130.761803 1744941130.770263 8.4600
1744941130.870493 1744941130.879232 8.7390
1744941130.979516 1744941130.987907 8.3909
1744941131.088157 1744941131.096611 8.4541
1744941131.196889 1744941131.205171 8.2822
1744941131.305430 1744941131.313804 8.3740
1744941131.414133 1744941131.422506 8.3730
1744941131.522830 1744941131.531143 8.3129
1744941131.631557 1744941131.639874 8.3170
1744941131.740145 1744941131.748401 8.2560
1744941131.848829 1744941131.857275 8.4460
