1744941073.472647
1744941073.581383
1744941073.689988
1744941073.798465
1744941073.910494
1744941074.030443
1744941074.139340
1744941074.247763
1744941074.356350
1744941074.464756
1744941074.573202
1744941074.681619
1744941074.790063
1744941074.898472
1744941075.006886
1744941075.115397
1744941075.223979
1744941075.332516
1744941075.443400
1744941075.551975
1744941075.660426
1744941075.769204
1744941075.877585
1744941075.986084
1744941076.094592
1744941076.203181
1744941076.311711
1744941076.420151
1744941076.528790
1744941076.637428
1744941076.745940
1744941076.855723
1744941076.964120
1744941077.072893
1744941077.181420
1744941077.289797
1744941077.398241
1744941077.506694
1744941077.615124
1744941077.723600
1744941077.832099
1744941077.940565
1744941078.049030
1744941078.157490
1744941078.265944
1744941078.374562
1744941078.483088
1744941078.591810
1744941078.700238
1744941078.808750
1744941078.917194
1744941079.025610
1744941079.134023
1744941079.242667
1744941079.351371
1744941079.459862
1744941079.568554
1744941079.676992
1744941079.785477
1744941079.893974
1744941080.002422
1744941080.110988
1744941080.219407
1744941080.327867
1744941080.436277
1744941080.544924
1744941080.653496
1744941080.762019
1744941080.870600
1744941080.979140
1744941081.087811
1744941081.196222
1744941081.304639
1744941081.413080
1744941081.521595
1744941081.630001
1744941081.738575
1744941081.847441
1744941081.956641
1744941082.065593
1744941082.174589
1744941082.283230
1744941082.391717
1744941082.500282
1744941082.609431
1744941082.718107
1744941082.826751
1744941082.935290
1744941083.043732
1744941083.152199
1744941083.260697
1744941083.369208
1744941083.477674
1744941083.586128
1744941083.694566
1744941083.803177
1744941083.911777
1744941084.020271
1744941084.128743
1744941084.237168
1744941084.348123
1744941084.456873
1744941084.565751
1744941084.674353
1744941084.782801
1744941084.891428
1744941084.999814
1744941085.108781
1744941085.217355
1744941085.325802
1744941085.434278
1744941085.542899
1744941085.651353
1744941085.759906
1744941085.868317
1744941085.977504
1744941086.086010
1744941086.194595
1744941086.303124
1744941086.411649
1744941086.520118
1744941086.628620
1744941086.737371
1744941086.846004
1744941086.955303
1744941087.063885
1744941087.172445
1744941087.281040
1744941087.389541
1744941087.498222
1744941087.606926
1744941087.715619
1744941087.824189
1744941087.932748
1744941088.041620
1744941088.150555
1744941088.259154
1744941088.367772
1744941088.476320
1744941088.585035
1744941088.693933
1744941088.802551
1744941088.911467
1744941089.019974
1744941089.128666
1744941089.237350
1744941089.346085
1744941089.454541
1744941089.563056
1744941089.671826
1744941089.780733
1744941089.889332
1744941089.999243
1744941090.107853
1744941090.216803
1744941090.325350
1744941090.434027
1744941090.543172
1744941090.653342
1744941090.762256
1744941090.870754
1744941090.979361
1744941091.087929
1744941091.196518
1744941091.305057
1744941091.414087
1744941091.522989
1744941091.631675
1744941091.740499
1744941091.849213
1744941091.957701
1744941092.066250
1744941092.175078
1744941092.283963
1744941092.392643
1744941092.501387
1744941092.610832
1744941092.719537
1744941092.828066
1744941092.936539
1744941093.045053
1744941093.153698
1744941093.262180
1744941093.370741
1744941093.479391
1744941093.587830
1744941093.696508
1744941093.805043
1744941093.913689
1744941094.022273
1744941094.130909
1744941094.239625
1744941094.348279
1744941094.456907
1744941094.565384
1744941094.673913
1744941094.782466
1744941094.890960
1744941094.999525
1744941095.108201
1744941095.216762
1744941095.325286
1744941095.433830
1744941095.542729
1744941095.651419
1744941095.760084
1744941095.868755
1744941095.977322
1744941096.086122
1744941096.194600
1744941096.303347
1744941096.412023
1744941096.520584
1744941096.630339
1744941096.738876
1744941096.847433
1744941096.956548
1744941097.065045
1744941097.173602
1744941097.282180
1744941097.390794
1744941097.499356
1744941097.608035
1744941097.716598
1744941097.825034
1744941097.933556
1744941098.042200
1744941098.150910
1744941098.259400
1744941098.367854
1744941098.476495
1744941098.585012
1744941098.693704
1744941098.802372
1744941098.911073
1744941099.019600
1744941099.128122
1744941099.236793
1744941099.345724
1744941099.456202
1744941099.564829
1744941099.673637
1744941099.782281
1744941099.890654
1744941099.999422
1744941100.107955
1744941100.216657
1744941100.325284
1744941100.433786
1744941100.542309
1744941100.651215
1744941100.759814
1744941100.868337
1744941100.977023
1744941101.089152
1744941101.197640
1744941101.306233
1744941101.414845
1744941101.523417
1744941101.632147
1744941101.741033
1744941101.849620
1744941101.959084
1744941102.067608
1744941102.176345
1744941102.284828
1744941102.393399
1744941102.502088
1744941102.610810
1744941102.719461
1744941102.827938
1744941102.936677
1744941103.045337
1744941103.153981
1744941103.262446
1744941103.371109
1744941103.479703
1744941103.588269
1744941103.697116
1744941103.805745
1744941103.914551
1744941104.023071
1744941104.131681
1744941104.240705
1744941104.349227
1744941104.459189
1744941104.569187
1744941104.677968
1744941104.786653
1744941104.895201
1744941105.003687
1744941105.112375
1744941105.220925
1744941105.329598
1744941105.438197
1744941105.546916
1744941105.655475
1744941105.764148
1744941105.872681
1744941105.981435
1744941106.090064
1744941106.198668
1744941106.307280
1744941106.415768
1744941106.524470
1744941106.633039
1744941106.741672
1744941106.850216
1744941106.958821
1744941107.067446
1744941107.176162
1744941107.284698
1744941107.393438
1744941107.501959
1744941107.610630
1744941107.719123
1744941107.827726
1744941107.936312
1744941108.045040
1744941108.153711
1744941108.262306
1744941108.370840
1744941108.479435
1744941108.588484
1744941108.697035
1744941108.805525
1744941108.914207
1744941109.023019
1744941109.131668
1744941109.240312
1744941109.348934
1744941109.457494
1744941109.566201
1744941109.674970
1744941109.783528
1744941109.892132
1744941110.000688
1744941110.109470
1744941110.217885
1744941110.326755
1744941110.435318
1744941110.543987
1744941110.652600
1744941110.761513
1744941110.869972
1744941110.979159
1744941111.087923
1744941111.196653
1744941111.305264
1744941111.413879
1744941111.522497
1744941111.631065
1744941111.739609
1744941111.848267
1744941111.957008
1744941112.065908
1744941112.174405
1744941112.283104
1744941112.391642
1744941112.500282
1744941112.608847
1744941112.717506
1744941112.825928
1744941112.934534
1744941113.043219
1744941113.151846
1744941113.260520
1744941113.369513
1744941113.478067
1744941113.586755
1744941113.695391
1744941113.804045
1744941113.913006
1744941114.021689
1744941114.130336
1744941114.238855
1744941114.347472
1744941114.455995
1744941114.564519
1744941114.673085
1744941114.781694
1744941114.890867
1744941114.999502
1744941115.108351
1744941115.217129
1744941115.325730
1744941115.434507
1744941115.543869
1744941115.652486
1744941115.761038
1744941115.869618
1744941115.978342
1744941116.086961
1744941116.195569
1744941116.304088
1744941116.412692
1744941116.521157
1744941116.630143
1744941116.738929
1744941116.847454
1744941116.956083
1744941117.064664
1744941117.173180
1744941117.281739
1744941117.390464
1744941117.499251
1744941117.607983
1744941117.716651
1744941117.825324
1744941117.933881
1744941118.042752
1744941118.151623
1744941118.260233
1744941118.369942
1744941118.478688
1744941118.587221
1744941118.695951
1744941118.804493
1744941118.913194
1744941119.021876
1744941119.130600
1744941119.239284
1744941119.347835
1744941119.456427
1744941119.565032
1744941119.673544
1744941119.781988
1744941119.890649
1744941119.999269
1744941120.107826
1744941120.216407
1744941120.325064
1744941120.433689
1744941120.542450
1744941120.651435
1744941120.760064
1744941120.870130
1744941120.978993
1744941121.087744
1744941121.196583
1744941121.305264
1744941121.413755
1744941121.522478
1744941121.631155
1744941121.739851
1744941121.848764
1744941121.957301
1744941122.065885
1744941122.174602
1744941122.283226
1744941122.391844
1744941122.500463
1744941122.609177
1744941122.717855
1744941122.826420
1744941122.934838
1744941123.043808
1744941123.152533
1744941123.261115
1744941123.371612
1744941123.480315
1744941123.588870
1744941123.697536
1744941123.806279
1744941123.914796
1744941124.023419
1744941124.132100
1744941124.240645
1744941124.349148
1744941124.457604
1744941124.566288
1744941124.674886
1744941124.783490
1744941124.892220
1744941125.000781
1744941125.109487
1744941125.218521
1744941125.326912
1744941125.435499
1744941125.544420
1744941125.653693
1744941125.762477
1744941125.870961
1744941125.980281
1744941126.088997
1744941126.197576
1744941126.306086
1744941126.414615
1744941126.523292
1744941126.631879
1744941126.740469
1744941126.849161
1744941126.957763
1744941127.066320
1744941127.175297
1744941127.283895
1744941127.392561
1744941127.501159
1744941127.610085
1744941127.718596
1744941127.827204
1744941127.935861
1744941128.044600
1744941128.153046
1744941128.261554
1744941128.370281
1744941128.478861
1744941128.587377
1744941128.696093
1744941128.804806
1744941128.913366
1744941129.022047
1744941129.130623
1744941129.239214
1744941129.347727
1744941129.456517
1744941129.565221
1744941129.673600
1744941129.782086
1744941129.890814
1744941129.999581
1744941130.108046
1744941130.216448
1744941130.325033
1744941130.433734
1744941130.542431
1744941130.652709
1744941130.761803
1744941130.870493
1744941130.979516
1744941131.088157
1744941131.196889
1744941131.305430
1744941131.414133
1744941131.522830
1744941131.631557
1744941131.740145
1744941131.848829
