1744940802.168025
1744940802.276647
1744940802.385164
1744940802.493664
1744940802.602214
1744940802.710963
1744940802.819400
1744940802.927925
1744940803.044099
1744940803.161341
1744940803.270055
1744940803.378981
1744940803.489856
1744940803.603748
1744940803.714621
1744940803.823039
1744940803.931500
1744940804.039977
1744940804.148466
1744940804.257084
1744940804.365563
1744940804.474160
1744940804.582598
1744940804.691409
1744940804.799962
1744940804.908536
1744940805.017088
1744940805.126006
1744940805.234409
1744940805.362522
1744940805.471371
1744940805.580166
1744940805.688620
1744940805.797462
1744940805.906039
1744940806.014550
1744940806.123062
1744940806.231834
1744940806.340420
1744940806.448910
1744940806.557363
1744940806.665805
1744940806.774397
1744940806.883271
1744940806.991808
1744940807.100271
1744940807.208765
1744940807.317398
1744940807.425977
1744940807.534381
1744940807.643010
1744940807.751484
1744940807.860502
1744940807.972405
1744940808.083282
1744940808.191904
1744940808.301730
1744940808.415617
1744940808.531660
1744940808.649345
1744940808.766026
1744940808.882912
1744940808.996317
1744940809.104786
1744940809.213313
1744940809.321953
1744940809.433974
1744940809.544698
1744940809.656343
1744940809.766549
1744940809.884146
1744940809.995266
1744940810.109874
1744940810.228084
1744940810.343006
1744940810.460246
1744940810.577050
1744940810.693490
1744940810.805860
1744940810.915948
1744940811.034769
1744940811.150487
1744940811.268614
1744940811.384342
1744940811.494549
1744940811.606921
1744940811.720140
1744940811.829423
1744940811.941917
1744940812.062194
1744940812.178006
1744940812.289350
1744940812.401056
1744940812.511332
1744940812.621496
1744940812.730434
1744940812.841741
1744940812.951601
1744940813.060328
1744940813.168816
1744940813.277511
1744940813.394162
1744940813.506805
1744940813.621602
1744940813.730312
1744940813.839705
1744940813.950526
1744940814.061360
1744940814.169908
1744940814.278394
1744940814.400305
1744940814.516985
1744940814.625541
1744940814.733958
1744940814.842508
1744940814.951019
1744940815.067742
1744940815.176396
1744940815.289805
1744940815.398273
1744940815.506923
1744940815.623487
1744940815.732031
1744940815.840818
1744940815.949593
1744940816.058241
1744940816.168105
1744940816.285592
1744940816.402211
1744940816.520251
1744940816.637113
1744940816.753297
1744940816.865054
1744940816.973482
1744940817.082111
1744940817.190793
1744940817.299204
1744940817.408147
1744940817.516906
1744940817.625468
1744940817.734277
1744940817.843113
1744940817.952066
1744940818.060644
1744940818.169093
1744940818.277533
1744940818.385971
1744940818.494571
1744940818.603370
1744940818.712145
1744940818.820933
1744940818.929420
1744940819.042923
1744940819.151365
1744940819.259775
1744940819.368333
1744940819.476920
1744940819.585436
1744940819.693891
1744940819.802869
1744940819.911362
1744940820.020083
1744940820.128546
1744940820.237105
1744940820.345865
1744940820.454447
1744940820.562907
1744940820.672008
1744940820.780530
1744940820.889029
1744940820.997517
1744940821.106113
1744940821.214806
1744940821.323329
1744940821.431784
1744940821.541668
1744940821.660222
1744940821.777366
1744940821.893849
1744940822.009108
1744940822.117811
1744940822.226306
1744940822.334785
1744940822.443350
1744940822.552675
1744940822.661200
1744940822.769691
1744940822.878150
1744940822.986660
1744940823.095173
1744940823.203754
1744940823.312348
1744940823.420776
1744940823.529288
1744940823.637777
1744940823.746536
1744940823.854974
1744940823.963567
1744940824.072067
1744940824.180799
1744940824.289390
1744940824.398082
1744940824.506640
1744940824.615191
1744940824.723731
1744940824.832434
1744940824.940868
1744940825.049307
1744940825.157776
1744940825.266412
1744940825.374855
1744940825.483371
1744940825.591760
1744940825.700485
1744940825.816161
1744940825.932140
1744940826.040579
1744940826.149174
1744940826.257709
1744940826.366268
1744940826.474908
1744940826.583422
1744940826.693972
1744940826.802425
1744940826.911005
1744940827.019508
1744940827.128098
1744940827.236581
1744940827.345314
1744940827.453759
1744940827.562189
1744940827.671007
1744940827.779864
1744940827.888361
1744940827.996842
1744940828.105591
1744940828.214156
1744940828.322629
1744940828.431167
1744940828.539593
1744940828.648232
1744940828.756669
1744940828.865163
1744940828.973904
1744940829.082500
1744940829.191055
1744940829.299568
1744940829.407992
1744940829.516454
1744940829.624934
1744940829.733599
1744940829.841998
1744940829.950460
1744940830.059017
1744940830.167446
1744940830.275907
1744940830.384417
1744940830.492914
1744940830.601453
1744940830.711117
1744940830.819569
1744940830.927992
1744940831.036482
1744940831.145052
1744940831.253567
1744940831.362163
1744940831.470694
1744940831.579371
1744940831.687816
1744940831.796230
1744940831.904735
1744940832.013557
1744940832.122358
1744940832.230840
1744940832.339463
1744940832.448247
1744940832.556681
1744940832.665104
1744940832.773672
1744940832.882134
1744940832.990739
1744940833.099394
1744940833.207866
1744940833.316405
1744940833.424814
1744940833.533266
1744940833.642087
1744940833.751306
1744940833.859720
1744940833.968151
1744940834.076722
1744940834.185217
1744940834.293638
1744940834.402121
1744940834.510557
1744940834.618983
1744940834.727958
1744940834.836633
1744940834.945173
1744940835.053693
1744940835.162119
1744940835.270755
1744940835.379409
1744940835.487923
1744940835.596653
1744940835.705494
1744940835.814205
1744940835.922818
1744940836.036507
1744940836.145078
1744940836.253993
1744940836.362705
1744940836.471328
1744940836.580057
1744940836.688601
1744940836.798011
1744940836.906506
1744940837.015022
1744940837.123467
1744940837.234333
1744940837.342819
1744940837.451261
1744940837.559899
1744940837.668353
1744940837.778433
1744940837.886986
1744940837.995573
1744940838.104013
1744940838.212678
1744940838.321167
1744940838.429603
1744940838.538236
1744940838.647087
1744940838.755608
1744940838.864050
1744940838.972812
1744940839.081412
1744940839.190465
1744940839.298872
1744940839.407333
1744940839.516047
1744940839.624568
1744940839.733115
1744940839.841633
1744940839.950149
1744940840.058770
1744940840.167235
1744940840.275654
1744940840.384143
1744940840.492637
1744940840.601273
1744940840.709823
1744940840.818335
1744940840.926837
1744940841.035290
1744940841.143738
1744940841.254627
1744940841.363179
1744940841.471675
1744940841.580371
1744940841.688781
1744940841.798300
1744940841.906767
1744940842.015207
1744940842.123598
1744940842.232853
1744940842.341311
1744940842.449815
1744940842.561138
1744940842.669656
1744940842.778236
1744940842.886908
1744940842.995347
1744940843.103771
1744940843.212282
1744940843.320709
1744940843.429474
1744940843.538121
1744940843.647076
1744940843.756344
1744940843.864967
1744940843.973517
1744940844.082036
1744940844.190750
1744940844.299785
1744940844.408285
1744940844.516762
1744940844.625333
1744940844.733843
1744940844.842359
1744940844.950995
1744940845.059588
1744940845.168038
1744940845.276493
1744940845.385089
1744940845.493641
1744940845.602065
1744940845.710680
1744940845.819121
1744940845.927600
1744940846.036105
1744940846.144689
1744940846.253203
1744940846.361681
1744940846.470244
1744940846.578772
1744940846.687330
1744940846.796084
1744940846.904722
1744940847.014189
1744940847.122754
1744940847.231343
1744940847.339897
1744940847.448324
1744940847.556834
1744940847.665346
1744940847.775701
1744940847.884287
1744940847.992894
1744940848.101364
1744940848.209933
1744940848.318427
1744940848.427161
1744940848.535627
1744940848.645408
1744940848.753999
1744940848.862459
1744940848.970909
1744940849.079447
1744940849.187883
1744940849.298791
1744940849.407234
1744940849.515789
1744940849.624408
1744940849.732939
1744940849.841543
1744940849.950079
1744940850.058872
1744940850.167333
1744940850.275809
1744940850.384301
1744940850.492793
1744940850.601312
1744940850.709716
1744940850.818213
1744940850.926803
1744940851.039103
1744940851.147844
1744940851.256313
1744940851.365121
1744940851.473657
1744940851.582151
1744940851.690589
1744940851.798988
1744940851.907740
1744940852.016187
1744940852.124856
1744940852.233407
1744940852.341954
1744940852.450430
1744940852.559025
1744940852.667721
1744940852.776342
1744940852.884981
1744940852.993399
1744940853.101875
1744940853.210395
1744940853.319222
1744940853.427768
1744940853.536285
1744940853.644856
1744940853.753473
1744940853.862101
1744940853.970747
1744940854.079439
1744940854.188007
1744940854.296512
1744940854.405371
1744940854.514021
1744940854.622463
1744940854.730945
1744940854.839386
1744940854.948007
1744940855.056520
1744940855.165038
1744940855.273527
1744940855.382541
1744940855.490966
1744940855.599686
1744940855.708096
1744940855.817524
1744940855.926012
1744940856.034492
1744940856.143004
1744940856.251530
1744940856.360334
1744940856.468978
1744940856.577551
1744940856.686141
1744940856.794785
1744940856.903188
1744940857.011733
1744940857.120158
1744940857.228680
1744940857.337293
1744940857.446067
1744940857.554596
1744940857.663028
1744940857.771762
1744940857.880591
1744940857.989130
1744940858.097942
1744940858.206522
1744940858.315161
1744940858.423807
1744940858.532265
1744940858.640858
1744940858.749417
1744940858.858101
1744940858.966614
1744940859.075043
1744940859.183433
1744940859.292278
1744940859.400750
1744940859.509409
1744940859.618259
1744940859.726716
1744940859.835165
1744940859.943691
1744940860.052351
1744940860.160904
1744940860.269398
1744940860.378038
1744940860.486620
