1744940802.159668 1744940802.168025 8.3570
1744940802.268399 1744940802.276647 8.2481
1744940802.376952 1744940802.385164 8.2121
1744940802.485400 1744940802.493664 8.2641
1744940802.593878 1744940802.602214 8.3361
1744940802.702501 1744940802.710963 8.4620
1744940802.811137 1744940802.819400 8.2631
1744940802.919663 1744940802.927925 8.2622
1744940803.033224 1744940803.044099 10.8750
1744940803.147817 1744940803.161341 13.5241
1744940803.261821 1744940803.270055 8.2340
1744940803.370264 1744940803.378981 8.7171
1744940803.481314 1744940803.489856 8.5421
1744940803.590182 1744940803.603748 13.5660
1744940803.706305 1744940803.714621 8.3160
1744940803.814834 1744940803.823039 8.2049
1744940803.923254 1744940803.931500 8.2459
1744940804.031750 1744940804.039977 8.2271
1744940804.140219 1744940804.148466 8.2471
1744940804.248806 1744940804.257084 8.2779
1744940804.357317 1744940804.365563 8.2459
1744940804.465726 1744940804.474160 8.4341
1744940804.574348 1744940804.582598 8.2500
1744940804.683152 1744940804.691409 8.2572
1744940804.791741 1744940804.799962 8.2211
1744940804.900279 1744940804.908536 8.2569
1744940805.008782 1744940805.017088 8.3060
1744940805.117647 1744940805.126006 8.3590
1744940805.226213 1744940805.234409 8.1961
1744940805.337628 1744940805.362522 24.8940
1744940805.463014 1744940805.471371 8.3570
1744940805.571688 1744940805.580166 8.4782
1744940805.680369 1744940805.688620 8.2512
1744940805.789047 1744940805.797462 8.4150
1744940805.897821 1744940805.906039 8.2181
1744940806.006303 1744940806.014550 8.2469
1744940806.114835 1744940806.123062 8.2269
1744940806.223469 1744940806.231834 8.3649
1744940806.332042 1744940806.340420 8.3780
1744940806.440635 1744940806.448910 8.2750
1744940806.549115 1744940806.557363 8.2481
1744940806.657584 1744940806.665805 8.2211
1744940806.766104 1744940806.774397 8.2929
1744940806.874982 1744940806.883271 8.2889
1744940806.983456 1744940806.991808 8.3520
1744940807.091981 1744940807.100271 8.2901
1744940807.200496 1744940807.208765 8.2691
1744940807.309042 1744940807.317398 8.3561
1744940807.417598 1744940807.425977 8.3790
1744940807.526167 1744940807.534381 8.2140
1744940807.634594 1744940807.643010 8.4159
1744940807.743264 1744940807.751484 8.2200
1744940807.852204 1744940807.860502 8.2979
1744940807.961756 1744940807.972405 10.6490
1744940808.074627 1744940808.083282 8.6551
1744940808.183517 1744940808.191904 8.3871
1744940808.292041 1744940808.301730 9.6889
1744940808.404491 1744940808.415617 11.1260
1744940808.521550 1744940808.531660 10.1101
1744940808.637854 1744940808.649345 11.4908
1744940808.749956 1744940808.766026 16.0701
1744940808.871816 1744940808.882912 11.0960
1744940808.987550 1744940808.996317 8.7669
1744940809.096469 1744940809.104786 8.3170
1744940809.205040 1744940809.213313 8.2731
1744940809.313495 1744940809.321953 8.4581
1744940809.423754 1744940809.433974 10.2201
1744940809.535210 1744940809.544698 9.4881
1744940809.646770 1744940809.656343 9.5730
1744940809.757432 1744940809.766549 9.1171
1744940809.873360 1744940809.884146 10.7861
1744940809.984919 1744940809.995266 10.3469
1744940810.100332 1744940810.109874 9.5420
1744940810.210810 1744940810.228084 17.2741
1744940810.331460 1744940810.343006 11.5459
1744940810.448982 1744940810.460246 11.2641
1744940810.562573 1744940810.577050 14.4770
1744940810.682520 1744940810.693490 10.9701
1744940810.794928 1744940810.805860 10.9320
1744940810.907200 1744940810.915948 8.7478
1744940811.022140 1744940811.034769 12.6290
1744940811.136657 1744940811.150487 13.8299
1744940811.257427 1744940811.268614 11.1871
1744940811.373462 1744940811.384342 10.8800
1744940811.484685 1744940811.494549 9.8641
1744940811.595277 1744940811.606921 11.6439
1744940811.708995 1744940811.720140 11.1449
1744940811.820771 1744940811.829423 8.6520
1744940811.931127 1744940811.941917 10.7899
1744940812.043627 1744940812.062194 18.5671
1744940812.168445 1744940812.178006 9.5608
1744940812.279001 1744940812.289350 10.3490
1744940812.391727 1744940812.401056 9.3291
1744940812.501979 1744940812.511332 9.3529
1744940812.611853 1744940812.621496 9.6431
1744940812.721892 1744940812.730434 8.5418
1744940812.833197 1744940812.841741 8.5440
1744940812.941936 1744940812.951601 9.6650
1744940813.051920 1744940813.060328 8.4081
1744940813.160537 1744940813.168816 8.2791
1744940813.269139 1744940813.277511 8.3718
1744940813.382913 1744940813.394162 11.2488
1744940813.494370 1744940813.506805 12.4350
1744940813.612855 1744940813.621602 8.7471
1744940813.721969 1744940813.730312 8.3432
1744940813.830982 1744940813.839705 8.7230
1744940813.940001 1744940813.950526 10.5250
1744940814.050976 1744940814.061360 10.3838
1744940814.161684 1744940814.169908 8.2240
1744940814.270145 1744940814.278394 8.2490
1744940814.389060 1744940814.400305 11.2450
1744940814.505354 1744940814.516985 11.6310
1744940814.617189 1744940814.625541 8.3520
1744940814.725744 1744940814.733958 8.2140
1744940814.834280 1744940814.842508 8.2281
1744940814.942672 1744940814.951019 8.3470
1744940815.051260 1744940815.067742 16.4821
1744940815.168073 1744940815.176396 8.3230
1744940815.279828 1744940815.289805 9.9769
1744940815.390033 1744940815.398273 8.2400
1744940815.498461 1744940815.506923 8.4620
1744940815.614410 1744940815.623487 9.0771
1744940815.723791 1744940815.732031 8.2402
1744940815.832420 1744940815.840818 8.3978
1744940815.941326 1744940815.949593 8.2672
1744940816.049924 1744940816.058241 8.3170
1744940816.158454 1744940816.168105 9.6509
1744940816.268321 1744940816.285592 17.2710
1744940816.387057 1744940816.402211 15.1539
1744940816.509226 1744940816.520251 11.0250
1744940816.625527 1744940816.637113 11.5862
1744940816.742291 1744940816.753297 11.0061
1744940816.854286 1744940816.865054 10.7679
1744940816.965256 1744940816.973482 8.2259
1744940817.073843 1744940817.082111 8.2679
1744940817.182443 1744940817.190793 8.3501
1744940817.290993 1744940817.299204 8.2111
1744940817.399742 1744940817.408147 8.4052
1744940817.508470 1744940817.516906 8.4360
1744940817.617253 1744940817.625468 8.2150
1744940817.725677 1744940817.734277 8.6000
1744940817.834708 1744940817.843113 8.4050
1744940817.943638 1744940817.952066 8.4279
1744940818.052403 1744940818.060644 8.2409
1744940818.160791 1744940818.169093 8.3020
1744940818.269326 1744940818.277533 8.2071
1744940818.377761 1744940818.385971 8.2102
1744940818.486168 1744940818.494571 8.4031
1744940818.594958 1744940818.603370 8.4119
1744940818.703706 1744940818.712145 8.4391
1744940818.812488 1744940818.820933 8.4450
1744940818.921141 1744940818.929420 8.2791
1744940819.031585 1744940819.042923 11.3380
1744940819.143150 1744940819.151365 8.2150
1744940819.251522 1744940819.259775 8.2529
1744940819.359983 1744940819.368333 8.3501
1744940819.468538 1744940819.476920 8.3818
1744940819.577124 1744940819.585436 8.3120
1744940819.685645 1744940819.693891 8.2459
1744940819.794574 1744940819.802869 8.2951
1744940819.903085 1744940819.911362 8.2769
1744940820.011663 1744940820.020083 8.4200
1744940820.120287 1744940820.128546 8.2591
1744940820.228772 1744940820.237105 8.3330
1744940820.337400 1744940820.345865 8.4651
1744940820.446209 1744940820.454447 8.2381
1744940820.554611 1744940820.562907 8.2960
1744940820.663058 1744940820.672008 8.9500
1744940820.772282 1744940820.780530 8.2481
1744940820.880732 1744940820.889029 8.2970
1744940820.989228 1744940820.997517 8.2891
1744940821.097737 1744940821.106113 8.3759
1744940821.206556 1744940821.214806 8.2500
1744940821.315066 1744940821.323329 8.2629
1744940821.423564 1744940821.431784 8.2200
1744940821.531994 1744940821.541668 9.6738
1744940821.646195 1744940821.660222 14.0271
1744940821.766115 1744940821.777366 11.2510
1744940821.882517 1744940821.893849 11.3318
1744940821.999587 1744940822.009108 9.5210
1744940822.109396 1744940822.117811 8.4150
1744940822.218084 1744940822.226306 8.2219
1744940822.326530 1744940822.334785 8.2550
1744940822.435117 1744940822.443350 8.2331
1744940822.543584 1744940822.552675 9.0909
1744940822.652929 1744940822.661200 8.2710
1744940822.761437 1744940822.769691 8.2541
1744940822.869903 1744940822.878150 8.2469
1744940822.978418 1744940822.986660 8.2419
1744940823.086869 1744940823.095173 8.3039
1744940823.195481 1744940823.203754 8.2729
1744940823.303984 1744940823.312348 8.3640
1744940823.412562 1744940823.420776 8.2140
1744940823.521081 1744940823.529288 8.2071
1744940823.629518 1744940823.637777 8.2591
1744940823.738143 1744940823.746536 8.3930
1744940823.846752 1744940823.854974 8.2221
1744940823.955180 1744940823.963567 8.3871
1744940824.063778 1744940824.072067 8.2891
1744940824.172302 1744940824.180799 8.4970
1744940824.281152 1744940824.289390 8.2381
1744940824.389626 1744940824.398082 8.4560
1744940824.498329 1744940824.506640 8.3110
1744940824.606959 1744940824.615191 8.2319
1744940824.715458 1744940824.723731 8.2731
1744940824.824159 1744940824.832434 8.2750
1744940824.932642 1744940824.940868 8.2259
1744940825.041088 1744940825.049307 8.2190
1744940825.149494 1744940825.157776 8.2822
1744940825.257980 1744940825.266412 8.4319
1744940825.366617 1744940825.374855 8.2381
1744940825.475079 1744940825.483371 8.2920
1744940825.583549 1744940825.591760 8.2109
1744940825.692183 1744940825.700485 8.3020
1744940825.801021 1744940825.816161 15.1398
1744940825.921443 1744940825.932140 10.6971
1744940826.032345 1744940826.040579 8.2340
1744940826.140861 1744940826.149174 8.3129
1744940826.249386 1744940826.257709 8.3230
1744940826.358037 1744940826.366268 8.2309
1744940826.466489 1744940826.474908 8.4190
1744940826.575135 1744940826.583422 8.2870
1744940826.683757 1744940826.693972 10.2150
1744940826.794201 1744940826.802425 8.2240
1744940826.902650 1744940826.911005 8.3549
1744940827.011218 1744940827.019508 8.2898
1744940827.119736 1744940827.128098 8.3621
1744940827.228309 1744940827.236581 8.2722
1744940827.336861 1744940827.345314 8.4531
1744940827.445546 1744940827.453759 8.2130
1744940827.553990 1744940827.562189 8.1992
1744940827.662412 1744940827.671007 8.5950
1744940827.771539 1744940827.779864 8.3251
1744940827.880072 1744940827.888361 8.2889
1744940827.988576 1744940827.996842 8.2660
1744940828.097208 1744940828.105591 8.3830
1744940828.205946 1744940828.214156 8.2099
1744940828.314379 1744940828.322629 8.2500
1744940828.422826 1744940828.431167 8.3408
1744940828.531379 1744940828.539593 8.2140
1744940828.639842 1744940828.648232 8.3899
1744940828.748425 1744940828.756669 8.2440
1744940828.856871 1744940828.865163 8.2922
1744940828.965364 1744940828.973904 8.5399
1744940829.074177 1744940829.082500 8.3230
1744940829.182776 1744940829.191055 8.2791
1744940829.291288 1744940829.299568 8.2800
1744940829.399748 1744940829.407992 8.2438
1744940829.508231 1744940829.516454 8.2231
1744940829.616645 1744940829.624934 8.2889
1744940829.725371 1744940829.733599 8.2281
1744940829.833775 1744940829.841998 8.2231
1744940829.942232 1744940829.950460 8.2281
1744940830.050783 1744940830.059017 8.2340
1744940830.159230 1744940830.167446 8.2159
1744940830.267694 1744940830.275907 8.2130
1744940830.376188 1744940830.384417 8.2290
1744940830.484599 1744940830.492914 8.3148
1744940830.593166 1744940830.601453 8.2870
1744940830.701671 1744940830.711117 9.4461
1744940830.811328 1744940830.819569 8.2412
1744940830.919775 1744940830.927992 8.2171
1744940831.028218 1744940831.036482 8.2641
1744940831.136797 1744940831.145052 8.2550
1744940831.245303 1744940831.253567 8.2641
1744940831.353773 1744940831.362163 8.3899
1744940831.462442 1744940831.470694 8.2521
1744940831.570934 1744940831.579371 8.4369
1744940831.679587 1744940831.687816 8.2290
1744940831.787982 1744940831.796230 8.2481
1744940831.896413 1744940831.904735 8.3220
1744940832.005157 1744940832.013557 8.4000
1744940832.113997 1744940832.122358 8.3611
1744940832.222588 1744940832.230840 8.2519
1744940832.331164 1744940832.339463 8.2991
1744940832.439789 1744940832.448247 8.4579
1744940832.548458 1744940832.556681 8.2228
1744940832.656885 1744940832.665104 8.2190
1744940832.765422 1744940832.773672 8.2500
1744940832.873899 1744940832.882134 8.2350
1744940832.982342 1744940832.990739 8.3971
1744940833.090964 1744940833.099394 8.4300
1744940833.199610 1744940833.207866 8.2560
1744940833.308120 1744940833.316405 8.2850
1744940833.416585 1744940833.424814 8.2290
1744940833.525016 1744940833.533266 8.2500
1744940833.633648 1744940833.642087 8.4391
1744940833.742304 1744940833.751306 9.0020
1744940833.851517 1744940833.859720 8.2030
1744940833.959942 1744940833.968151 8.2090
1744940834.068327 1744940834.076722 8.3950
1744940834.177003 1744940834.185217 8.2140
1744940834.285424 1744940834.293638 8.2140
1744940834.393838 1744940834.402121 8.2831
1744940834.502339 1744940834.510557 8.2181
1744940834.610759 1744940834.618983 8.2240
1744940834.719191 1744940834.727958 8.7669
1744940834.828288 1744940834.836633 8.3449
1744940834.936885 1744940834.945173 8.2879
1744940835.045392 1744940835.053693 8.3010
1744940835.153902 1744940835.162119 8.2169
1744940835.262358 1744940835.270755 8.3971
1744940835.371150 1744940835.379409 8.2591
1744940835.479704 1744940835.487923 8.2190
1744940835.588148 1744940835.596653 8.5049
1744940835.697071 1744940835.705494 8.4229
1744940835.805816 1744940835.814205 8.3890
1744940835.914418 1744940835.922818 8.4000
1744940836.023638 1744940836.036507 12.8689
1744940836.136763 1744940836.145078 8.3148
1744940836.245499 1744940836.253993 8.4941
1744940836.354337 1744940836.362705 8.3680
1744940836.462947 1744940836.471328 8.3811
1744940836.571697 1744940836.580057 8.3599
1744940836.680377 1744940836.688601 8.2240
1744940836.789556 1744940836.798011 8.4550
1744940836.898229 1744940836.906506 8.2772
1744940837.006729 1744940837.015022 8.2932
1744940837.115215 1744940837.123467 8.2519
1744940837.223632 1744940837.234333 10.7009
1744940837.334535 1744940837.342819 8.2841
1744940837.443033 1744940837.451261 8.2281
1744940837.551661 1744940837.559899 8.2381
1744940837.660083 1744940837.668353 8.2700
1744940837.769657 1744940837.778433 8.7762
1744940837.878644 1744940837.886986 8.3420
1744940837.987217 1744940837.995573 8.3561
1744940838.095791 1744940838.104013 8.2219
1744940838.204403 1744940838.212678 8.2750
1744940838.312911 1744940838.321167 8.2560
1744940838.421372 1744940838.429603 8.2312
1744940838.529814 1744940838.538236 8.4219
1744940838.638561 1744940838.647087 8.5261
1744940838.747296 1744940838.755608 8.3120
1744940838.855823 1744940838.864050 8.2269
1744940838.964306 1744940838.972812 8.5058
1744940839.073062 1744940839.081412 8.3501
1744940839.181760 1744940839.190465 8.7049
1744940839.290660 1744940839.298872 8.2121
1744940839.399084 1744940839.407333 8.2488
1744940839.507533 1744940839.516047 8.5139
1744940839.616347 1744940839.624568 8.2209
1744940839.724770 1744940839.733115 8.3449
1744940839.833314 1744940839.841633 8.3191
1744940839.941850 1744940839.950149 8.2991
1744940840.050506 1744940840.058770 8.2638
1744940840.158974 1744940840.167235 8.2610
1744940840.267400 1744940840.275654 8.2541
1744940840.375873 1744940840.384143 8.2700
1744940840.484309 1744940840.492637 8.3280
1744940840.592994 1744940840.601273 8.2791
1744940840.701585 1744940840.709823 8.2378
1744940840.810053 1744940840.818335 8.2819
1744940840.918580 1744940840.926837 8.2569
1744940841.027047 1744940841.035290 8.2431
1744940841.135481 1744940841.143738 8.2569
1744940841.246017 1744940841.254627 8.6100
1744940841.354947 1744940841.363179 8.2319
1744940841.463383 1744940841.471675 8.2920
1744940841.571930 1744940841.580371 8.4410
1744940841.680578 1744940841.688781 8.2030
1744940841.789798 1744940841.798300 8.5020
1744940841.898515 1744940841.906767 8.2519
1744940842.006989 1744940842.015207 8.2181
1744940842.115360 1744940842.123598 8.2381
1744940842.223923 1744940842.232853 8.9300
1744940842.333092 1744940842.341311 8.2190
1744940842.441582 1744940842.449815 8.2331
1744940842.552559 1744940842.561138 8.5790
1744940842.661343 1744940842.669656 8.3129
1744940842.769976 1744940842.778236 8.2600
1744940842.878573 1744940842.886908 8.3351
1744940842.987127 1744940842.995347 8.2200
1744940843.095551 1744940843.103771 8.2200
1744940843.204011 1744940843.212282 8.2710
1744940843.312483 1744940843.320709 8.2259
1744940843.421074 1744940843.429474 8.4002
1744940843.529770 1744940843.538121 8.3511
1744940843.638494 1744940843.647076 8.5819
1744940843.747303 1744940843.756344 9.0411
1744940843.856573 1744940843.864967 8.3940
1744940843.965125 1744940843.973517 8.3919
1744940844.073732 1744940844.082036 8.3041
1744940844.182512 1744940844.190750 8.2378
1744940844.290971 1744940844.299785 8.8139
1744940844.399996 1744940844.408285 8.2889
1744940844.508521 1744940844.516762 8.2409
1744940844.617038 1744940844.625333 8.2951
1744940844.725608 1744940844.733843 8.2350
1744940844.834060 1744940844.842359 8.2991
1744940844.942635 1744940844.950995 8.3599
1744940845.051230 1744940845.059588 8.3580
1744940845.159790 1744940845.168038 8.2479
1744940845.268247 1744940845.276493 8.2462
1744940845.376699 1744940845.385089 8.3899
1744940845.485344 1744940845.493641 8.2970
1744940845.593858 1744940845.602065 8.2071
1744940845.702336 1744940845.710680 8.3439
1744940845.810895 1744940845.819121 8.2259
1744940845.919329 1744940845.927600 8.2710
1744940846.027853 1744940846.036105 8.2519
1744940846.136315 1744940846.144689 8.3740
1744940846.244918 1744940846.253203 8.2848
1744940846.353442 1744940846.361681 8.2390
1744940846.461878 1744940846.470244 8.3659
1744940846.570463 1744940846.578772 8.3091
1744940846.679047 1744940846.687330 8.2829
1744940846.787662 1744940846.796084 8.4219
1744940846.896296 1744940846.904722 8.4260
1744940847.005642 1744940847.014189 8.5471
1744940847.114405 1744940847.122754 8.3492
1744940847.223034 1744940847.231343 8.3091
1744940847.331566 1744940847.339897 8.3308
1744940847.440064 1744940847.448324 8.2600
1744940847.548547 1744940847.556834 8.2870
1744940847.657032 1744940847.665346 8.3139
1744940847.765690 1744940847.775701 10.0110
1744940847.875904 1744940847.884287 8.3830
1744940847.984525 1744940847.992894 8.3690
1744940848.093146 1744940848.101364 8.2178
1744940848.201563 1744940848.209933 8.3702
1744940848.310157 1744940848.318427 8.2700
1744940848.418681 1744940848.427161 8.4801
1744940848.527366 1744940848.535627 8.2610
1744940848.635838 1744940848.645408 9.5699
1744940848.745664 1744940848.753999 8.3351
1744940848.854202 1744940848.862459 8.2569
1744940848.962670 1744940848.970909 8.2390
1744940849.071156 1744940849.079447 8.2910
1744940849.179678 1744940849.187883 8.2049
1744940849.290126 1744940849.298791 8.6648
1744940849.399002 1744940849.407234 8.2319
1744940849.507538 1744940849.515789 8.2510
1744940849.616017 1744940849.624408 8.3909
1744940849.724594 1744940849.732939 8.3449
1744940849.833288 1744940849.841543 8.2550
1744940849.941799 1744940849.950079 8.2800
1744940850.050498 1744940850.058872 8.3740
1744940850.159089 1744940850.167333 8.2438
1744940850.267538 1744940850.275809 8.2710
1744940850.376021 1744940850.384301 8.2800
1744940850.484584 1744940850.492793 8.2090
1744940850.593039 1744940850.601312 8.2729
1744940850.701479 1744940850.709716 8.2371
1744940850.809976 1744940850.818213 8.2369
1744940850.918546 1744940850.926803 8.2572
1744940851.030017 1744940851.039103 9.0861
1744940851.139522 1744940851.147844 8.3220
1744940851.248092 1744940851.256313 8.2211
1744940851.356602 1744940851.365121 8.5189
1744940851.465368 1744940851.473657 8.2889
1744940851.573913 1744940851.582151 8.2378
1744940851.682359 1744940851.690589 8.2300
1744940851.790771 1744940851.798988 8.2171
1744940851.899199 1744940851.907740 8.5411
1744940852.007948 1744940852.016187 8.2390
1744940852.116602 1744940852.124856 8.2541
1744940852.225122 1744940852.233407 8.2850
1744940852.333692 1744940852.341954 8.2619
1744940852.442195 1744940852.450430 8.2350
1744940852.550643 1744940852.559025 8.3821
1744940852.659235 1744940852.667721 8.4860
1744940852.767924 1744940852.776342 8.4178
1744940852.876556 1744940852.884981 8.4250
1744940852.985189 1744940852.993399 8.2099
1744940853.093597 1744940853.101875 8.2781
1744940853.202108 1744940853.210395 8.2872
1744940853.310663 1744940853.319222 8.5590
1744940853.419471 1744940853.427768 8.2970
1744940853.528040 1744940853.536285 8.2450
1744940853.636588 1744940853.644856 8.2679
1744940853.745058 1744940853.753473 8.4150
1744940853.853709 1744940853.862101 8.3921
1744940853.962391 1744940853.970747 8.3561
1744940854.071000 1744940854.079439 8.4388
1744940854.179651 1744940854.188007 8.3561
1744940854.288234 1744940854.296512 8.2779
1744940854.396756 1744940854.405371 8.6150
1744940854.505725 1744940854.514021 8.2960
1744940854.614215 1744940854.622463 8.2481
1744940854.722668 1744940854.730945 8.2772
1744940854.831154 1744940854.839386 8.2319
1744940854.939721 1744940854.948007 8.2860
1744940855.048315 1744940855.056520 8.2049
1744940855.156722 1744940855.165038 8.3160
1744940855.265240 1744940855.273527 8.2870
1744940855.374145 1744940855.382541 8.3959
1744940855.482749 1744940855.490966 8.2171
1744940855.591300 1744940855.599686 8.3859
1744940855.699837 1744940855.708096 8.2591
1744940855.808338 1744940855.817524 9.1860
1744940855.917760 1744940855.926012 8.2521
1744940856.026252 1744940856.034492 8.2400
1744940856.134707 1744940856.143004 8.2970
1744940856.243306 1744940856.251530 8.2240
1744940856.351759 1744940856.360334 8.5750
1744940856.460600 1744940856.468978 8.3780
1744940856.569180 1744940856.577551 8.3709
1744940856.677889 1744940856.686141 8.2519
1744940856.786521 1744940856.794785 8.2641
1744940856.894983 1744940856.903188 8.2049
1744940857.003471 1744940857.011733 8.2622
1744940857.111930 1744940857.120158 8.2281
1744940857.220368 1744940857.228680 8.3120
1744940857.329042 1744940857.337293 8.2510
1744940857.437614 1744940857.446067 8.4531
1744940857.546353 1744940857.554596 8.2428
1744940857.654809 1744940857.663028 8.2190
1744940857.763342 1744940857.771762 8.4200
1744940857.872014 1744940857.880591 8.5769
1744940857.980749 1744940857.989130 8.3811
1744940858.089530 1744940858.097942 8.4121
1744940858.198197 1744940858.206522 8.3251
1744940858.306872 1744940858.315161 8.2891
1744940858.415569 1744940858.423807 8.2378
1744940858.524009 1744940858.532265 8.2560
1744940858.632464 1744940858.640858 8.3940
1744940858.741080 1744940858.749417 8.3370
1744940858.849655 1744940858.858101 8.4460
1744940858.958393 1744940858.966614 8.2209
1744940859.066789 1744940859.075043 8.2541
1744940859.175187 1744940859.183433 8.2459
1744940859.284012 1744940859.292278 8.2660
1744940859.392454 1744940859.400750 8.2960
1744940859.501059 1744940859.509409 8.3499
1744940859.609986 1744940859.618259 8.2729
1744940859.718471 1744940859.726716 8.2450
1744940859.826916 1744940859.835165 8.2490
1744940859.935379 1744940859.943691 8.3120
1744940860.043910 1744940860.052351 8.4410
1744940860.152601 1744940860.160904 8.3029
1744940860.261140 1744940860.269398 8.2579
1744940860.369623 1744940860.378038 8.4150
1744940860.478375 1744940860.486620 8.2450
