1744940802.159668
1744940802.268399
1744940802.376952
1744940802.485400
1744940802.593878
1744940802.702501
1744940802.811137
1744940802.919663
1744940803.033224
1744940803.147817
1744940803.261821
1744940803.370264
1744940803.481314
1744940803.590182
1744940803.706305
1744940803.814834
1744940803.923254
1744940804.031750
1744940804.140219
1744940804.248806
1744940804.357317
1744940804.465726
1744940804.574348
1744940804.683152
1744940804.791741
1744940804.900279
1744940805.008782
1744940805.117647
1744940805.226213
1744940805.337628
1744940805.463014
1744940805.571688
1744940805.680369
1744940805.789047
1744940805.897821
1744940806.006303
1744940806.114835
1744940806.223469
1744940806.332042
1744940806.440635
1744940806.549115
1744940806.657584
1744940806.766104
1744940806.874982
1744940806.983456
1744940807.091981
1744940807.200496
1744940807.309042
1744940807.417598
1744940807.526167
1744940807.634594
1744940807.743264
1744940807.852204
1744940807.961756
1744940808.074627
1744940808.183517
1744940808.292041
1744940808.404491
1744940808.521550
1744940808.637854
1744940808.749956
1744940808.871816
1744940808.987550
1744940809.096469
1744940809.205040
1744940809.313495
1744940809.423754
1744940809.535210
1744940809.646770
1744940809.757432
1744940809.873360
1744940809.984919
1744940810.100332
1744940810.210810
1744940810.331460
1744940810.448982
1744940810.562573
1744940810.682520
1744940810.794928
1744940810.907200
1744940811.022140
1744940811.136657
1744940811.257427
1744940811.373462
1744940811.484685
1744940811.595277
1744940811.708995
1744940811.820771
1744940811.931127
1744940812.043627
1744940812.168445
1744940812.279001
1744940812.391727
1744940812.501979
1744940812.611853
1744940812.721892
1744940812.833197
1744940812.941936
1744940813.051920
1744940813.160537
1744940813.269139
1744940813.382913
1744940813.494370
1744940813.612855
1744940813.721969
1744940813.830982
1744940813.940001
1744940814.050976
1744940814.161684
1744940814.270145
1744940814.389060
1744940814.505354
1744940814.617189
1744940814.725744
1744940814.834280
1744940814.942672
1744940815.051260
1744940815.168073
1744940815.279828
1744940815.390033
1744940815.498461
1744940815.614410
1744940815.723791
1744940815.832420
1744940815.941326
1744940816.049924
1744940816.158454
1744940816.268321
1744940816.387057
1744940816.509226
1744940816.625527
1744940816.742291
1744940816.854286
1744940816.965256
1744940817.073843
1744940817.182443
1744940817.290993
1744940817.399742
1744940817.508470
1744940817.617253
1744940817.725677
1744940817.834708
1744940817.943638
1744940818.052403
1744940818.160791
1744940818.269326
1744940818.377761
1744940818.486168
1744940818.594958
1744940818.703706
1744940818.812488
1744940818.921141
1744940819.031585
1744940819.143150
1744940819.251522
1744940819.359983
1744940819.468538
1744940819.577124
1744940819.685645
1744940819.794574
1744940819.903085
1744940820.011663
1744940820.120287
1744940820.228772
1744940820.337400
1744940820.446209
1744940820.554611
1744940820.663058
1744940820.772282
1744940820.880732
1744940820.989228
1744940821.097737
1744940821.206556
1744940821.315066
1744940821.423564
1744940821.531994
1744940821.646195
1744940821.766115
1744940821.882517
1744940821.999587
1744940822.109396
1744940822.218084
1744940822.326530
1744940822.435117
1744940822.543584
1744940822.652929
1744940822.761437
1744940822.869903
1744940822.978418
1744940823.086869
1744940823.195481
1744940823.303984
1744940823.412562
1744940823.521081
1744940823.629518
1744940823.738143
1744940823.846752
1744940823.955180
1744940824.063778
1744940824.172302
1744940824.281152
1744940824.389626
1744940824.498329
1744940824.606959
1744940824.715458
1744940824.824159
1744940824.932642
1744940825.041088
1744940825.149494
1744940825.257980
1744940825.366617
1744940825.475079
1744940825.583549
1744940825.692183
1744940825.801021
1744940825.921443
1744940826.032345
1744940826.140861
1744940826.249386
1744940826.358037
1744940826.466489
1744940826.575135
1744940826.683757
1744940826.794201
1744940826.902650
1744940827.011218
1744940827.119736
1744940827.228309
1744940827.336861
1744940827.445546
1744940827.553990
1744940827.662412
1744940827.771539
1744940827.880072
1744940827.988576
1744940828.097208
1744940828.205946
1744940828.314379
1744940828.422826
1744940828.531379
1744940828.639842
1744940828.748425
1744940828.856871
1744940828.965364
1744940829.074177
1744940829.182776
1744940829.291288
1744940829.399748
1744940829.508231
1744940829.616645
1744940829.725371
1744940829.833775
1744940829.942232
1744940830.050783
1744940830.159230
1744940830.267694
1744940830.376188
1744940830.484599
1744940830.593166
1744940830.701671
1744940830.811328
1744940830.919775
1744940831.028218
1744940831.136797
1744940831.245303
1744940831.353773
1744940831.462442
1744940831.570934
1744940831.679587
1744940831.787982
1744940831.896413
1744940832.005157
1744940832.113997
1744940832.222588
1744940832.331164
1744940832.439789
1744940832.548458
1744940832.656885
1744940832.765422
1744940832.873899
1744940832.982342
1744940833.090964
1744940833.199610
1744940833.308120
1744940833.416585
1744940833.525016
1744940833.633648
1744940833.742304
1744940833.851517
1744940833.959942
1744940834.068327
1744940834.177003
1744940834.285424
1744940834.393838
1744940834.502339
1744940834.610759
1744940834.719191
1744940834.828288
1744940834.936885
1744940835.045392
1744940835.153902
1744940835.262358
1744940835.371150
1744940835.479704
1744940835.588148
1744940835.697071
1744940835.805816
1744940835.914418
1744940836.023638
1744940836.136763
1744940836.245499
1744940836.354337
1744940836.462947
1744940836.571697
1744940836.680377
1744940836.789556
1744940836.898229
1744940837.006729
1744940837.115215
1744940837.223632
1744940837.334535
1744940837.443033
1744940837.551661
1744940837.660083
1744940837.769657
1744940837.878644
1744940837.987217
1744940838.095791
1744940838.204403
1744940838.312911
1744940838.421372
1744940838.529814
1744940838.638561
1744940838.747296
1744940838.855823
1744940838.964306
1744940839.073062
1744940839.181760
1744940839.290660
1744940839.399084
1744940839.507533
1744940839.616347
1744940839.724770
1744940839.833314
1744940839.941850
1744940840.050506
1744940840.158974
1744940840.267400
1744940840.375873
1744940840.484309
1744940840.592994
1744940840.701585
1744940840.810053
1744940840.918580
1744940841.027047
1744940841.135481
1744940841.246017
1744940841.354947
1744940841.463383
1744940841.571930
1744940841.680578
1744940841.789798
1744940841.898515
1744940842.006989
1744940842.115360
1744940842.223923
1744940842.333092
1744940842.441582
1744940842.552559
1744940842.661343
1744940842.769976
1744940842.878573
1744940842.987127
1744940843.095551
1744940843.204011
1744940843.312483
1744940843.421074
1744940843.529770
1744940843.638494
1744940843.747303
1744940843.856573
1744940843.965125
1744940844.073732
1744940844.182512
1744940844.290971
1744940844.399996
1744940844.508521
1744940844.617038
1744940844.725608
1744940844.834060
1744940844.942635
1744940845.051230
1744940845.159790
1744940845.268247
1744940845.376699
1744940845.485344
1744940845.593858
1744940845.702336
1744940845.810895
1744940845.919329
1744940846.027853
1744940846.136315
1744940846.244918
1744940846.353442
1744940846.461878
1744940846.570463
1744940846.679047
1744940846.787662
1744940846.896296
1744940847.005642
1744940847.114405
1744940847.223034
1744940847.331566
1744940847.440064
1744940847.548547
1744940847.657032
1744940847.765690
1744940847.875904
1744940847.984525
1744940848.093146
1744940848.201563
1744940848.310157
1744940848.418681
1744940848.527366
1744940848.635838
1744940848.745664
1744940848.854202
1744940848.962670
1744940849.071156
1744940849.179678
1744940849.290126
1744940849.399002
1744940849.507538
1744940849.616017
1744940849.724594
1744940849.833288
1744940849.941799
1744940850.050498
1744940850.159089
1744940850.267538
1744940850.376021
1744940850.484584
1744940850.593039
1744940850.701479
1744940850.809976
1744940850.918546
1744940851.030017
1744940851.139522
1744940851.248092
1744940851.356602
1744940851.465368
1744940851.573913
1744940851.682359
1744940851.790771
1744940851.899199
1744940852.007948
1744940852.116602
1744940852.225122
1744940852.333692
1744940852.442195
1744940852.550643
1744940852.659235
1744940852.767924
1744940852.876556
1744940852.985189
1744940853.093597
1744940853.202108
1744940853.310663
1744940853.419471
1744940853.528040
1744940853.636588
1744940853.745058
1744940853.853709
1744940853.962391
1744940854.071000
1744940854.179651
1744940854.288234
1744940854.396756
1744940854.505725
1744940854.614215
1744940854.722668
1744940854.831154
1744940854.939721
1744940855.048315
1744940855.156722
1744940855.265240
1744940855.374145
1744940855.482749
1744940855.591300
1744940855.699837
1744940855.808338
1744940855.917760
1744940856.026252
1744940856.134707
1744940856.243306
1744940856.351759
1744940856.460600
1744940856.569180
1744940856.677889
1744940856.786521
1744940856.894983
1744940857.003471
1744940857.111930
1744940857.220368
1744940857.329042
1744940857.437614
1744940857.546353
1744940857.654809
1744940857.763342
1744940857.872014
1744940857.980749
1744940858.089530
1744940858.198197
1744940858.306872
1744940858.415569
1744940858.524009
1744940858.632464
1744940858.741080
1744940858.849655
1744940858.958393
1744940859.066789
1744940859.175187
1744940859.284012
1744940859.392454
1744940859.501059
1744940859.609986
1744940859.718471
1744940859.826916
1744940859.935379
1744940860.043910
1744940860.152601
1744940860.261140
1744940860.369623
1744940860.478375
