# mahimahi mm-link (Uplink) [tests/1mbps_data.trace] > experiment_logs/1mbps_datalink.log
# command line: 'mm-link' 'tests/1mbps_data.trace' 'tests/1mbps_ack.trace' '--uplink-log=experiment_logs/1mbps_datalink.log' '--downlink-log=experiment_logs/1mbps_acklink.log' '--' 'python2' 'src/experiments/tunnel_manager.py' '--auto-test' '--scheme' 'cubic' '--data-dir' 'experiment_logs/1_cubic'
# queue: infinite
# init timestamp: 1744941868390
# base timestamp: 130
132 + 80
132 + 52
132 + 80
141 # 1504
141 - 80 9
141 - 52 9
141 - 80 9
153 # 1504
165 # 1504
177 # 1504
189 # 1504
201 # 1504
213 # 1504
225 # 1504
237 # 1504
249 # 1504
261 # 1504
273 # 1504
285 # 1504
297 # 1504
309 # 1504
321 # 1504
333 # 1504
345 # 1504
357 # 1504
369 # 1504
381 # 1504
393 # 1504
405 # 1504
417 # 1504
429 # 1504
441 # 1504
446 + 80
453 # 1504
453 - 80 7
465 # 1504
477 # 1504
489 # 1504
501 # 1504
513 # 1504
525 # 1504
537 # 1504
549 # 1504
561 # 1504
573 # 1504
585 # 1504
597 # 1504
609 # 1504
621 # 1504
633 # 1504
645 # 1504
657 # 1504
669 # 1504
681 # 1504
693 # 1504
705 # 1504
717 # 1504
729 # 1504
741 # 1504
753 # 1504
765 # 1504
777 # 1504
789 # 1504
801 # 1504
813 # 1504
825 # 1504
837 # 1504
849 # 1504
861 # 1504
873 # 1504
885 # 1504
897 # 1504
909 # 1504
921 # 1504
933 # 1504
943 + 80
945 # 1504
945 - 80 2
957 # 1504
969 # 1504
981 # 1504
993 # 1504
1005 # 1504
1017 # 1504
1029 # 1504
1041 # 1504
1053 # 1504
1065 # 1504
1077 # 1504
1089 # 1504
1101 # 1504
1113 # 1504
1125 # 1504
1137 # 1504
1149 # 1504
1161 # 1504
1173 # 1504
1185 # 1504
1197 # 1504
1209 # 1504
1221 # 1504
1233 # 1504
1245 # 1504
1257 # 1504
1269 # 1504
1281 # 1504
1293 # 1504
1305 # 1504
1317 # 1504
1329 # 1504
1341 # 1504
1353 # 1504
1365 # 1504
1377 # 1504
1389 # 1504
1401 # 1504
1413 # 1504
1425 # 1504
1437 # 1504
1449 # 1504
1461 # 1504
1473 # 1504
1485 # 1504
1497 # 1504
1509 # 1504
1521 # 1504
1533 # 1504
1545 # 1504
1557 # 1504
1569 # 1504
1581 # 1504
1593 # 1504
1605 # 1504
1617 # 1504
1629 # 1504
1641 # 1504
1653 # 1504
1665 # 1504
1677 # 1504
1689 # 1504
1701 # 1504
1713 # 1504
1725 # 1504
1737 # 1504
1749 # 1504
1761 # 1504
1773 # 1504
1785 # 1504
1797 # 1504
1809 # 1504
1821 # 1504
1833 # 1504
1845 # 1504
1857 # 1504
1869 # 1504
1881 # 1504
1893 # 1504
1905 # 1504
1917 # 1504
1929 # 1504
1941 # 1504
1953 # 1504
1965 # 1504
1977 # 1504
1989 # 1504
2001 # 1504
2013 # 1504
2025 # 1504
2037 # 1504
2049 # 1504
2061 # 1504
2073 # 1504
2085 # 1504
2097 # 1504
2109 # 1504
2121 # 1504
2133 # 1504
2145 # 1504
2157 # 1504
2169 # 1504
2181 # 1504
2193 # 1504
2205 # 1504
2217 # 1504
2229 # 1504
2241 # 1504
2253 # 1504
2265 # 1504
2277 # 1504
2289 # 1504
2301 # 1504
2313 # 1504
2325 # 1504
2337 # 1504
2349 # 1504
2361 # 1504
2373 # 1504
2385 # 1504
2397 # 1504
2409 # 1504
2421 # 1504
2433 # 1504
2445 # 1504
2457 # 1504
2469 # 1504
2481 # 1504
2493 # 1504
2505 # 1504
2517 # 1504
2529 # 1504
2541 # 1504
2553 # 1504
2565 # 1504
2577 # 1504
2589 # 1504
2601 # 1504
2613 # 1504
2625 # 1504
2637 # 1504
2649 # 1504
2661 # 1504
2673 # 1504
2685 # 1504
2697 # 1504
2709 # 1504
2721 # 1504
2733 # 1504
2745 # 1504
2757 # 1504
2769 # 1504
2781 # 1504
2793 # 1504
2805 # 1504
2817 # 1504
2829 # 1504
2841 # 1504
2853 # 1504
2865 # 1504
2877 # 1504
2889 # 1504
2901 # 1504
2913 # 1504
2925 # 1504
2937 # 1504
2949 # 1504
2961 # 1504
2973 # 1504
2985 # 1504
2997 # 1504
3009 # 1504
3021 # 1504
3033 # 1504
3045 # 1504
3057 # 1504
3069 # 1504
3081 # 1504
3093 # 1504
3105 # 1504
3117 # 1504
3129 # 1504
3141 # 1504
3153 # 1504
3165 # 1504
3177 # 1504
3189 # 1504
3201 # 1504
3213 # 1504
3225 # 1504
3237 # 1504
3249 # 1504
3261 # 1504
3273 # 1504
3285 # 1504
3297 # 1504
3309 # 1504
3321 # 1504
3333 # 1504
3345 # 1504
3357 # 1504
3369 # 1504
3381 # 1504
3393 # 1504
3405 # 1504
3417 # 1504
3429 # 1504
3441 # 1504
3453 # 1504
3465 # 1504
3477 # 1504
3489 # 1504
3501 # 1504
3513 # 1504
3525 # 1504
3537 # 1504
3549 # 1504
3561 # 1504
3573 # 1504
3585 # 1504
3597 # 1504
3609 # 1504
3621 # 1504
3633 # 1504
3645 # 1504
3657 # 1504
3669 # 1504
3681 # 1504
3693 # 1504
3705 # 1504
3717 # 1504
3729 # 1504
3741 # 1504
3753 # 1504
3765 # 1504
3777 # 1504
3789 # 1504
3801 # 1504
3813 # 1504
3825 # 1504
3837 # 1504
3849 # 1504
3861 # 1504
3873 # 1504
3885 # 1504
3897 # 1504
3909 # 1504
3921 # 1504
3933 # 1504
3945 # 1504
3957 # 1504
3969 # 1504
3981 # 1504
3993 # 1504
4005 # 1504
4017 # 1504
4029 # 1504
4041 # 1504
4053 # 1504
4065 # 1504
4077 # 1504
4089 # 1504
4101 # 1504
4113 # 1504
4125 # 1504
4137 # 1504
4149 # 1504
4161 # 1504
4173 # 1504
4175 + 52
4185 # 1504
4185 - 52 10
4197 # 1504
4209 # 1504
4221 # 1504
4233 # 1504
4245 # 1504
4257 # 1504
4269 # 1504
4281 # 1504
4293 # 1504
4305 # 1504
4317 # 1504
4329 # 1504
4341 # 1504
4353 # 1504
4365 # 1504
4377 # 1504
4389 # 1504
4401 # 1504
4413 # 1504
4425 # 1504
4437 # 1504
4449 # 1504
4461 # 1504
4473 # 1504
4485 # 1504
4497 # 1504
4509 # 1504
4521 # 1504
4533 # 1504
4545 # 1504
4557 # 1504
4569 # 1504
4581 # 1504
4593 # 1504
4605 # 1504
4617 # 1504
4629 # 1504
4641 # 1504
4653 # 1504
4665 # 1504
4677 # 1504
4689 # 1504
4701 # 1504
4713 # 1504
4725 # 1504
4737 # 1504
4749 # 1504
4761 # 1504
4773 # 1504
4785 # 1504
4797 # 1504
4809 # 1504
4821 # 1504
4833 # 1504
4845 # 1504
4857 # 1504
4869 # 1504
4881 # 1504
4893 # 1504
4905 # 1504
4917 # 1504
4929 # 1504
4941 # 1504
4953 # 1504
4965 # 1504
4977 # 1504
4989 # 1504
5001 # 1504
5013 # 1504
5025 # 1504
5037 # 1504
5049 # 1504
5061 # 1504
5073 # 1504
5085 # 1504
5097 # 1504
5109 # 1504
5121 # 1504
5133 # 1504
5145 # 1504
5157 # 1504
5169 # 1504
5181 # 1504
5193 # 1504
5205 # 1504
5217 # 1504
5229 # 1504
5241 # 1504
5253 # 1504
5265 # 1504
5277 # 1504
5289 # 1504
5301 # 1504
5313 # 1504
5325 # 1504
5337 # 1504
5349 # 1504
5361 # 1504
5373 # 1504
5385 # 1504
5397 # 1504
5409 # 1504
5421 # 1504
5433 # 1504
5445 # 1504
5457 # 1504
5469 # 1504
5481 # 1504
5493 # 1504
5505 # 1504
5517 # 1504
5529 # 1504
5541 # 1504
5553 # 1504
5565 # 1504
5577 # 1504
5589 # 1504
5601 # 1504
5613 # 1504
5625 # 1504
5637 # 1504
5649 # 1504
5661 # 1504
5673 # 1504
5685 # 1504
5697 # 1504
5709 # 1504
5721 # 1504
5733 # 1504
5745 # 1504
5757 # 1504
5769 # 1504
5781 # 1504
5793 # 1504
5805 # 1504
5817 # 1504
5829 # 1504
5841 # 1504
5853 # 1504
5865 # 1504
5877 # 1504
5889 # 1504
5901 # 1504
5913 # 1504
5925 # 1504
5937 # 1504
5949 # 1504
5961 # 1504
5973 # 1504
5985 # 1504
5997 # 1504
6009 # 1504
6021 # 1504
6033 # 1504
6045 # 1504
6057 # 1504
6069 # 1504
6081 # 1504
6093 # 1504
6105 # 1504
6117 # 1504
6129 # 1504
6141 # 1504
6153 # 1504
6165 # 1504
6177 # 1504
6189 # 1504
6201 # 1504
6213 # 1504
6225 # 1504
6237 # 1504
6249 # 1504
6261 # 1504
6273 # 1504
6285 # 1504
6297 # 1504
6309 # 1504
6321 # 1504
6333 # 1504
6345 # 1504
6357 # 1504
6369 # 1504
6381 # 1504
6393 # 1504
6405 # 1504
6417 # 1504
6429 # 1504
6441 # 1504
6453 # 1504
6465 # 1504
6477 # 1504
6489 # 1504
6501 # 1504
6513 # 1504
6525 # 1504
6537 # 1504
6549 # 1504
6561 # 1504
6573 # 1504
6585 # 1504
6597 # 1504
6609 # 1504
6621 # 1504
6633 # 1504
6645 # 1504
6657 # 1504
6669 # 1504
6681 # 1504
6693 # 1504
6705 # 1504
6717 # 1504
6729 # 1504
6741 # 1504
6753 # 1504
6765 # 1504
6777 # 1504
6789 # 1504
6801 # 1504
6813 # 1504
6825 # 1504
6837 # 1504
6849 # 1504
6861 # 1504
6873 # 1504
6885 # 1504
6897 # 1504
6909 # 1504
6921 # 1504
6933 # 1504
6945 # 1504
6957 # 1504
6969 # 1504
6981 # 1504
6993 # 1504
7005 # 1504
7017 # 1504
7029 # 1504
7041 # 1504
7053 # 1504
7065 # 1504
7077 # 1504
7089 # 1504
7101 # 1504
7113 # 1504
7125 # 1504
7137 # 1504
7149 # 1504
7161 # 1504
7173 # 1504
7185 # 1504
7197 # 1504
7209 # 1504
7221 # 1504
7233 # 1504
7245 # 1504
7257 # 1504
7269 # 1504
7281 # 1504
7293 # 1504
7305 # 1504
7317 # 1504
7329 # 1504
7341 # 1504
7353 # 1504
7365 # 1504
7377 # 1504
7389 # 1504
7401 # 1504
7413 # 1504
7425 # 1504
7437 # 1504
7449 # 1504
7461 # 1504
7473 # 1504
7485 # 1504
7497 # 1504
7509 # 1504
7521 # 1504
7533 # 1504
7545 # 1504
7557 # 1504
7569 # 1504
7581 # 1504
7593 # 1504
7605 # 1504
7617 # 1504
7629 # 1504
7641 # 1504
7653 # 1504
7665 # 1504
7677 # 1504
7689 # 1504
7701 # 1504
7713 # 1504
7725 # 1504
7737 # 1504
7749 # 1504
7761 # 1504
7773 # 1504
7785 # 1504
7797 # 1504
7809 # 1504
7821 # 1504
7833 # 1504
7845 # 1504
7857 # 1504
7869 # 1504
7881 # 1504
7893 # 1504
7905 # 1504
7917 # 1504
7929 # 1504
7941 # 1504
7953 # 1504
7965 # 1504
7977 # 1504
7989 # 1504
8001 # 1504
8013 # 1504
8025 # 1504
8037 # 1504
8049 # 1504
8061 # 1504
8073 # 1504
8085 # 1504
8097 # 1504
8109 # 1504
8121 # 1504
8133 # 1504
8145 # 1504
8157 # 1504
8169 # 1504
8181 # 1504
8193 # 1504
8205 # 1504
8217 # 1504
8229 # 1504
8241 # 1504
8253 # 1504
8265 # 1504
8277 # 1504
8289 # 1504
8301 # 1504
8313 # 1504
8325 # 1504
8337 # 1504
8349 # 1504
8361 # 1504
8373 # 1504
8385 # 1504
8397 # 1504
8409 # 1504
8421 # 1504
8433 # 1504
8445 # 1504
8457 # 1504
8469 # 1504
8481 # 1504
8493 # 1504
8505 # 1504
8517 # 1504
8529 # 1504
8541 # 1504
8553 # 1504
8565 # 1504
8577 # 1504
8589 # 1504
8601 # 1504
8613 # 1504
8625 # 1504
8637 # 1504
8649 # 1504
8661 # 1504
8673 # 1504
8685 # 1504
8697 # 1504
8709 # 1504
8721 # 1504
8733 # 1504
8745 # 1504
8757 # 1504
8769 # 1504
8781 # 1504
8793 # 1504
8805 # 1504
8817 # 1504
8829 # 1504
8841 # 1504
8853 # 1504
8865 # 1504
8877 # 1504
8889 # 1504
8901 # 1504
8913 # 1504
8925 # 1504
8937 # 1504
8949 # 1504
8961 # 1504
8973 # 1504
8985 # 1504
8997 # 1504
9009 # 1504
9021 # 1504
9033 # 1504
9045 # 1504
9057 # 1504
9069 # 1504
9081 # 1504
9093 # 1504
9105 # 1504
9117 # 1504
9129 # 1504
9141 # 1504
9153 # 1504
9165 # 1504
9177 # 1504
9189 # 1504
9201 # 1504
9213 # 1504
9225 # 1504
9237 # 1504
9249 # 1504
9261 # 1504
9273 # 1504
9285 # 1504
9297 # 1504
9309 # 1504
9321 # 1504
9333 # 1504
9345 # 1504
9357 # 1504
9369 # 1504
9381 # 1504
9393 # 1504
9405 # 1504
9417 # 1504
9429 # 1504
9441 # 1504
9453 # 1504
9465 # 1504
9477 # 1504
9489 # 1504
9501 # 1504
9513 # 1504
9525 # 1504
9537 # 1504
9549 # 1504
9561 # 1504
9573 # 1504
9585 # 1504
9597 # 1504
9609 # 1504
9621 # 1504
9633 # 1504
9645 # 1504
9657 # 1504
9669 # 1504
9681 # 1504
9693 # 1504
9705 # 1504
9717 # 1504
9729 # 1504
9741 # 1504
9753 # 1504
9765 # 1504
9777 # 1504
9789 # 1504
9801 # 1504
9813 # 1504
9825 # 1504
9837 # 1504
9849 # 1504
9861 # 1504
9873 # 1504
9885 # 1504
9897 # 1504
9909 # 1504
9921 # 1504
9933 # 1504
9945 # 1504
9957 # 1504
9969 # 1504
9981 # 1504
9993 # 1504
10005 # 1504
10017 # 1504
10029 # 1504
10041 # 1504
10053 # 1504
10065 # 1504
10077 # 1504
10089 # 1504
10101 # 1504
10113 # 1504
10125 # 1504
10137 # 1504
10149 # 1504
10161 # 1504
10173 # 1504
10185 # 1504
10197 # 1504
10209 # 1504
10221 # 1504
10233 # 1504
10245 # 1504
10257 # 1504
10269 # 1504
10281 # 1504
10293 # 1504
10305 # 1504
10317 # 1504
10329 # 1504
10341 # 1504
10353 # 1504
10365 # 1504
10377 # 1504
10389 # 1504
10401 # 1504
10413 # 1504
10425 # 1504
10437 # 1504
10449 # 1504
10461 # 1504
10473 # 1504
10485 # 1504
10497 # 1504
10509 # 1504
10521 # 1504
10533 # 1504
10545 # 1504
10557 # 1504
10569 # 1504
10581 # 1504
10593 # 1504
10605 # 1504
10617 # 1504
10629 # 1504
10641 # 1504
10653 # 1504
10665 # 1504
10677 # 1504
10689 # 1504
10701 # 1504
10713 # 1504
10725 # 1504
10737 # 1504
10749 # 1504
10761 # 1504
10773 # 1504
10785 # 1504
10797 # 1504
10809 # 1504
10821 # 1504
10833 # 1504
10845 # 1504
10857 # 1504
10869 # 1504
10881 # 1504
10893 # 1504
10905 # 1504
10917 # 1504
10929 # 1504
10941 # 1504
10953 # 1504
10965 # 1504
10977 # 1504
10989 # 1504
11001 # 1504
11013 # 1504
11025 # 1504
11037 # 1504
11049 # 1504
11061 # 1504
11073 # 1504
11085 # 1504
11097 # 1504
11109 # 1504
11121 # 1504
11133 # 1504
11145 # 1504
11157 # 1504
11169 # 1504
11181 # 1504
11193 # 1504
11205 # 1504
11217 # 1504
11229 # 1504
11241 # 1504
11253 # 1504
11265 # 1504
11277 # 1504
11289 # 1504
11301 # 1504
11313 # 1504
11325 # 1504
11337 # 1504
11349 # 1504
11361 # 1504
11373 # 1504
11385 # 1504
11397 # 1504
11409 # 1504
11421 # 1504
11433 # 1504
11445 # 1504
11457 # 1504
11469 # 1504
11481 # 1504
11493 # 1504
11505 # 1504
11517 # 1504
11529 # 1504
11541 # 1504
11553 # 1504
11565 # 1504
11577 # 1504
11589 # 1504
11601 # 1504
11613 # 1504
11625 # 1504
11637 # 1504
11649 # 1504
11661 # 1504
11673 # 1504
11685 # 1504
11697 # 1504
11709 # 1504
11721 # 1504
11733 # 1504
11745 # 1504
11757 # 1504
11769 # 1504
11781 # 1504
11793 # 1504
11805 # 1504
11817 # 1504
11829 # 1504
11841 # 1504
11853 # 1504
11865 # 1504
11877 # 1504
11889 # 1504
11901 # 1504
11913 # 1504
11925 # 1504
11937 # 1504
11949 # 1504
11961 # 1504
11973 # 1504
11985 # 1504
11997 # 1504
12009 # 1504
12021 # 1504
12033 # 1504
12045 # 1504
12057 # 1504
12069 # 1504
12081 # 1504
12093 # 1504
12105 # 1504
12111 + 52
12117 # 1504
12117 - 52 6
12129 # 1504
12141 # 1504
12153 # 1504
12165 # 1504
12177 # 1504
12189 # 1504
12201 # 1504
12213 # 1504
12225 # 1504
12237 # 1504
12249 # 1504
12261 # 1504
12273 # 1504
12285 # 1504
12297 # 1504
12309 # 1504
12321 # 1504
12333 # 1504
12345 # 1504
12357 # 1504
12369 # 1504
12381 # 1504
12393 # 1504
12405 # 1504
12417 # 1504
12429 # 1504
12441 # 1504
12453 # 1504
12465 # 1504
12477 # 1504
12489 # 1504
12501 # 1504
12513 # 1504
12525 # 1504
12537 # 1504
12549 # 1504
12561 # 1504
12573 # 1504
12585 # 1504
12597 # 1504
12609 # 1504
12621 # 1504
12633 # 1504
12645 # 1504
12657 # 1504
12669 # 1504
12681 # 1504
12693 # 1504
12705 # 1504
12717 # 1504
12729 # 1504
12741 # 1504
12753 # 1504
12765 # 1504
12777 # 1504
12789 # 1504
12801 # 1504
12813 # 1504
12825 # 1504
12837 # 1504
12849 # 1504
12861 # 1504
12873 # 1504
12885 # 1504
12897 # 1504
12909 # 1504
12921 # 1504
12933 # 1504
12945 # 1504
12957 # 1504
12969 # 1504
12981 # 1504
12993 # 1504
13005 # 1504
13017 # 1504
13029 # 1504
13041 # 1504
13053 # 1504
13065 # 1504
13077 # 1504
13089 # 1504
13101 # 1504
13113 # 1504
13125 # 1504
13137 # 1504
13149 # 1504
13161 # 1504
13173 # 1504
13185 # 1504
13197 # 1504
13209 # 1504
13221 # 1504
13233 # 1504
13245 # 1504
13257 # 1504
13269 # 1504
13281 # 1504
13293 # 1504
13305 # 1504
13317 # 1504
13329 # 1504
13341 # 1504
13353 # 1504
13365 # 1504
13377 # 1504
13389 # 1504
13401 # 1504
13413 # 1504
13425 # 1504
13437 # 1504
13449 # 1504
13461 # 1504
13473 # 1504
13485 # 1504
13497 # 1504
13509 # 1504
13521 # 1504
13533 # 1504
13545 # 1504
13557 # 1504
13569 # 1504
13581 # 1504
13593 # 1504
13605 # 1504
13617 # 1504
13629 # 1504
13641 # 1504
13653 # 1504
13665 # 1504
13677 # 1504
13689 # 1504
13701 # 1504
13713 # 1504
13725 # 1504
13737 # 1504
13749 # 1504
13761 # 1504
13773 # 1504
13785 # 1504
13797 # 1504
13809 # 1504
13821 # 1504
13833 # 1504
13845 # 1504
13857 # 1504
13869 # 1504
13881 # 1504
13893 # 1504
13905 # 1504
13917 # 1504
13929 # 1504
13941 # 1504
13953 # 1504
13965 # 1504
13977 # 1504
13989 # 1504
14001 # 1504
14013 # 1504
14025 # 1504
14037 # 1504
14049 # 1504
14061 # 1504
14073 # 1504
14085 # 1504
14097 # 1504
14109 # 1504
14121 # 1504
14133 # 1504
14145 # 1504
14157 # 1504
14169 # 1504
14181 # 1504
14193 # 1504
14205 # 1504
14217 # 1504
14229 # 1504
14241 # 1504
14253 # 1504
14265 # 1504
14277 # 1504
14289 # 1504
14301 # 1504
14313 # 1504
14325 # 1504
14337 # 1504
14349 # 1504
14361 # 1504
14373 # 1504
14385 # 1504
14397 # 1504
14409 # 1504
14421 # 1504
14433 # 1504
14445 # 1504
14457 # 1504
14469 # 1504
14481 # 1504
14493 # 1504
14505 # 1504
14517 # 1504
14529 # 1504
14541 # 1504
14553 # 1504
14565 # 1504
14577 # 1504
14589 # 1504
14601 # 1504
14613 # 1504
14625 # 1504
14637 # 1504
14649 # 1504
14661 # 1504
14673 # 1504
14685 # 1504
14697 # 1504
14709 # 1504
14721 # 1504
14733 # 1504
14745 # 1504
14757 # 1504
14769 # 1504
14781 # 1504
14793 # 1504
14805 # 1504
14817 # 1504
14829 # 1504
14841 # 1504
14853 # 1504
14865 # 1504
14877 # 1504
14889 # 1504
14901 # 1504
14913 # 1504
14925 # 1504
14937 # 1504
14949 # 1504
14961 # 1504
14973 # 1504
14985 # 1504
14997 # 1504
15009 # 1504
15021 # 1504
15033 # 1504
15045 # 1504
15057 # 1504
15069 # 1504
15081 # 1504
15093 # 1504
15105 # 1504
15117 # 1504
15129 # 1504
15141 # 1504
15153 # 1504
15165 # 1504
15177 # 1504
15189 # 1504
15201 # 1504
15213 # 1504
15225 # 1504
15237 # 1504
15249 # 1504
15261 # 1504
15273 # 1504
15285 # 1504
15297 # 1504
15309 # 1504
15321 # 1504
15333 # 1504
15345 # 1504
15357 # 1504
15369 # 1504
15381 # 1504
15393 # 1504
15405 # 1504
15417 # 1504
15429 # 1504
15441 # 1504
15453 # 1504
15465 # 1504
15477 # 1504
15489 # 1504
15501 # 1504
15513 # 1504
15525 # 1504
15537 # 1504
15549 # 1504
15561 # 1504
15573 # 1504
15585 # 1504
15597 # 1504
15609 # 1504
15621 # 1504
15633 # 1504
15645 # 1504
15657 # 1504
15669 # 1504
15681 # 1504
15693 # 1504
15705 # 1504
15717 # 1504
15729 # 1504
15741 # 1504
15753 # 1504
15765 # 1504
15777 # 1504
15789 # 1504
15801 # 1504
15813 # 1504
15825 # 1504
15837 # 1504
15849 # 1504
15861 # 1504
15873 # 1504
15885 # 1504
15897 # 1504
15909 # 1504
15921 # 1504
15933 # 1504
15945 # 1504
15957 # 1504
15969 # 1504
15981 # 1504
15993 # 1504
16005 # 1504
16017 # 1504
16029 # 1504
16041 # 1504
16053 # 1504
16065 # 1504
16077 # 1504
16089 # 1504
16101 # 1504
16113 # 1504
16125 # 1504
16137 # 1504
16149 # 1504
16161 # 1504
16173 # 1504
16185 # 1504
16197 # 1504
16209 # 1504
16221 # 1504
16233 # 1504
16245 # 1504
16257 # 1504
16269 # 1504
16281 # 1504
16293 # 1504
16305 # 1504
16317 # 1504
16329 # 1504
16341 # 1504
16353 # 1504
16365 # 1504
16377 # 1504
16389 # 1504
16401 # 1504
16413 # 1504
16425 # 1504
16437 # 1504
16449 # 1504
16461 # 1504
16473 # 1504
16485 # 1504
16497 # 1504
16509 # 1504
16521 # 1504
16533 # 1504
16545 # 1504
16557 # 1504
16569 # 1504
16581 # 1504
16593 # 1504
16605 # 1504
16617 # 1504
16629 # 1504
16641 # 1504
16653 # 1504
16665 # 1504
16677 # 1504
16689 # 1504
16701 # 1504
16713 # 1504
16725 # 1504
16737 # 1504
16749 # 1504
16761 # 1504
16773 # 1504
16785 # 1504
16797 # 1504
16809 # 1504
16821 # 1504
16833 # 1504
16845 # 1504
16857 # 1504
16869 # 1504
16881 # 1504
16893 # 1504
16905 # 1504
16917 # 1504
16929 # 1504
16941 # 1504
16953 # 1504
16965 # 1504
16977 # 1504
16989 # 1504
17001 # 1504
17013 # 1504
17025 # 1504
17037 # 1504
17049 # 1504
17061 # 1504
17073 # 1504
17085 # 1504
17097 # 1504
17109 # 1504
17121 # 1504
17133 # 1504
17145 # 1504
17157 # 1504
17169 # 1504
17181 # 1504
17193 # 1504
17205 # 1504
17217 # 1504
17229 # 1504
17241 # 1504
17253 # 1504
17265 # 1504
17277 # 1504
17289 # 1504
17301 # 1504
17313 # 1504
17325 # 1504
17337 # 1504
17349 # 1504
17361 # 1504
17373 # 1504
17385 # 1504
17397 # 1504
17409 # 1504
17421 # 1504
17433 # 1504
17445 # 1504
17457 # 1504
17469 # 1504
17481 # 1504
17493 # 1504
17505 # 1504
17517 # 1504
17529 # 1504
17541 # 1504
17553 # 1504
17565 # 1504
17577 # 1504
17589 # 1504
17601 # 1504
17613 # 1504
17625 # 1504
17637 # 1504
17649 # 1504
17661 # 1504
17673 # 1504
17685 # 1504
17697 # 1504
17709 # 1504
17721 # 1504
17733 # 1504
17745 # 1504
17757 # 1504
17769 # 1504
17781 # 1504
17793 # 1504
17805 # 1504
17817 # 1504
17829 # 1504
17841 # 1504
17853 # 1504
17865 # 1504
17877 # 1504
17889 # 1504
17901 # 1504
17913 # 1504
17925 # 1504
17937 # 1504
17949 # 1504
17961 # 1504
17973 # 1504
17985 # 1504
17997 # 1504
18009 # 1504
18021 # 1504
18033 # 1504
18045 # 1504
18057 # 1504
18069 # 1504
18081 # 1504
18093 # 1504
18105 # 1504
18117 # 1504
18129 # 1504
18141 # 1504
18153 # 1504
18165 # 1504
18177 # 1504
18189 # 1504
18201 # 1504
18213 # 1504
18225 # 1504
18237 # 1504
18249 # 1504
18261 # 1504
18273 # 1504
18285 # 1504
18297 # 1504
18309 # 1504
18321 # 1504
18333 # 1504
18345 # 1504
18357 # 1504
18369 # 1504
18381 # 1504
18393 # 1504
18405 # 1504
18417 # 1504
18429 # 1504
18441 # 1504
18453 # 1504
18465 # 1504
18477 # 1504
18489 # 1504
18501 # 1504
18513 # 1504
18525 # 1504
18537 # 1504
18549 # 1504
18561 # 1504
18573 # 1504
18585 # 1504
18597 # 1504
18609 # 1504
18621 # 1504
18633 # 1504
18645 # 1504
18657 # 1504
18669 # 1504
18681 # 1504
18693 # 1504
18705 # 1504
18717 # 1504
18729 # 1504
18741 # 1504
18753 # 1504
18765 # 1504
18777 # 1504
18789 # 1504
18801 # 1504
18813 # 1504
18825 # 1504
18837 # 1504
18849 # 1504
18861 # 1504
18873 # 1504
18885 # 1504
18897 # 1504
18909 # 1504
18921 # 1504
18933 # 1504
18945 # 1504
18957 # 1504
18969 # 1504
18981 # 1504
18993 # 1504
19005 # 1504
19017 # 1504
19029 # 1504
19041 # 1504
19053 # 1504
19065 # 1504
19077 # 1504
19089 # 1504
19101 # 1504
19113 # 1504
19125 # 1504
19137 # 1504
19149 # 1504
19161 # 1504
19173 # 1504
19185 # 1504
19197 # 1504
19209 # 1504
19221 # 1504
19233 # 1504
19245 # 1504
19257 # 1504
19269 # 1504
19281 # 1504
19293 # 1504
19305 # 1504
19317 # 1504
19329 # 1504
19341 # 1504
19353 # 1504
19365 # 1504
19377 # 1504
19389 # 1504
19401 # 1504
19413 # 1504
19425 # 1504
19437 # 1504
19449 # 1504
19461 # 1504
19473 # 1504
19485 # 1504
19497 # 1504
19509 # 1504
19521 # 1504
19533 # 1504
19545 # 1504
19557 # 1504
19569 # 1504
19581 # 1504
19593 # 1504
19605 # 1504
19617 # 1504
19629 # 1504
19641 # 1504
19653 # 1504
19665 # 1504
19677 # 1504
19689 # 1504
19701 # 1504
19713 # 1504
19725 # 1504
19737 # 1504
19749 # 1504
19761 # 1504
19773 # 1504
19785 # 1504
19797 # 1504
19809 # 1504
19821 # 1504
19833 # 1504
19845 # 1504
19857 # 1504
19869 # 1504
19881 # 1504
19893 # 1504
19905 # 1504
19917 # 1504
19929 # 1504
19941 # 1504
19953 # 1504
19965 # 1504
19977 # 1504
19989 # 1504
20001 # 1504
20013 # 1504
20025 # 1504
20037 # 1504
20049 # 1504
20061 # 1504
20073 # 1504
20085 # 1504
20097 # 1504
20109 # 1504
20121 # 1504
20133 # 1504
20145 # 1504
20157 # 1504
20169 # 1504
20181 # 1504
20193 # 1504
20205 # 1504
20217 # 1504
20229 # 1504
20241 # 1504
20253 # 1504
20265 # 1504
20277 # 1504
20289 # 1504
20301 # 1504
20313 # 1504
20325 # 1504
20337 # 1504
20349 # 1504
20361 # 1504
20373 # 1504
20385 # 1504
20397 # 1504
20409 # 1504
20421 # 1504
20433 # 1504
20445 # 1504
20457 # 1504
20469 # 1504
20481 # 1504
20493 # 1504
20505 # 1504
20517 # 1504
20529 # 1504
20541 # 1504
20553 # 1504
20565 # 1504
20577 # 1504
20589 # 1504
20601 # 1504
20613 # 1504
20625 # 1504
20637 # 1504
20649 # 1504
20661 # 1504
20673 # 1504
20685 # 1504
20697 # 1504
20709 # 1504
20721 # 1504
20733 # 1504
20745 # 1504
20757 # 1504
20769 # 1504
20781 # 1504
20793 # 1504
20805 # 1504
20817 # 1504
20829 # 1504
20841 # 1504
20853 # 1504
20865 # 1504
20877 # 1504
20889 # 1504
20901 # 1504
20913 # 1504
20925 # 1504
20937 # 1504
20949 # 1504
20961 # 1504
20973 # 1504
20985 # 1504
20997 # 1504
21009 # 1504
21021 # 1504
21033 # 1504
21045 # 1504
21057 # 1504
21069 # 1504
21081 # 1504
21093 # 1504
21105 # 1504
21117 # 1504
21129 # 1504
21141 # 1504
21153 # 1504
21165 # 1504
21177 # 1504
21189 # 1504
21201 # 1504
21213 # 1504
21225 # 1504
21237 # 1504
21249 # 1504
21261 # 1504
21273 # 1504
21285 # 1504
21297 # 1504
21309 # 1504
21321 # 1504
21333 # 1504
21345 # 1504
21357 # 1504
21369 # 1504
21381 # 1504
21393 # 1504
21405 # 1504
21417 # 1504
21429 # 1504
21441 # 1504
21453 # 1504
21465 # 1504
21477 # 1504
21489 # 1504
21501 # 1504
21513 # 1504
21525 # 1504
21537 # 1504
21549 # 1504
21561 # 1504
21573 # 1504
21585 # 1504
21597 # 1504
21609 # 1504
21621 # 1504
21633 # 1504
21645 # 1504
21657 # 1504
21669 # 1504
21681 # 1504
21693 # 1504
21705 # 1504
21717 # 1504
21729 # 1504
21741 # 1504
21753 # 1504
21765 # 1504
21777 # 1504
21789 # 1504
21801 # 1504
21813 # 1504
21825 # 1504
21837 # 1504
21849 # 1504
21861 # 1504
21873 # 1504
21885 # 1504
21897 # 1504
21909 # 1504
21921 # 1504
21933 # 1504
21945 # 1504
21957 # 1504
21969 # 1504
21981 # 1504
21993 # 1504
22005 # 1504
22017 # 1504
22029 # 1504
22041 # 1504
22053 # 1504
22065 # 1504
22077 # 1504
22089 # 1504
22101 # 1504
22113 # 1504
22125 # 1504
22137 # 1504
22149 # 1504
22161 # 1504
22173 # 1504
22185 # 1504
22197 # 1504
22209 # 1504
22221 # 1504
22233 # 1504
22245 # 1504
22257 # 1504
22269 # 1504
22281 # 1504
22293 # 1504
22305 # 1504
22317 # 1504
22329 # 1504
22341 # 1504
22353 # 1504
22365 # 1504
22377 # 1504
22389 # 1504
22401 # 1504
22413 # 1504
22425 # 1504
22437 # 1504
22449 # 1504
22461 # 1504
22473 # 1504
22485 # 1504
22497 # 1504
22509 # 1504
22521 # 1504
22533 # 1504
22545 # 1504
22557 # 1504
22569 # 1504
22581 # 1504
22593 # 1504
22605 # 1504
22617 # 1504
22629 # 1504
22641 # 1504
22653 # 1504
22665 # 1504
22677 # 1504
22689 # 1504
22701 # 1504
22713 # 1504
22725 # 1504
22737 # 1504
22749 # 1504
22761 # 1504
22773 # 1504
22785 # 1504
22797 # 1504
22809 # 1504
22821 # 1504
22833 # 1504
22845 # 1504
22857 # 1504
22869 # 1504
22881 # 1504
22893 # 1504
22905 # 1504
22917 # 1504
22929 # 1504
22941 # 1504
22953 # 1504
22965 # 1504
22977 # 1504
22989 # 1504
23001 # 1504
23013 # 1504
23025 # 1504
23037 # 1504
23049 # 1504
23061 # 1504
23073 # 1504
23085 # 1504
23097 # 1504
23109 # 1504
23121 # 1504
23133 # 1504
23145 # 1504
23157 # 1504
23169 # 1504
23181 # 1504
23193 # 1504
23205 # 1504
23217 # 1504
23229 # 1504
23241 # 1504
23253 # 1504
23265 # 1504
23277 # 1504
23289 # 1504
23301 # 1504
23313 # 1504
23325 # 1504
23337 # 1504
23349 # 1504
23361 # 1504
23373 # 1504
23385 # 1504
23397 # 1504
23409 # 1504
23421 # 1504
23433 # 1504
23445 # 1504
23457 # 1504
23469 # 1504
23481 # 1504
23493 # 1504
23505 # 1504
23517 # 1504
23529 # 1504
23541 # 1504
23553 # 1504
23565 # 1504
23577 # 1504
23589 # 1504
23601 # 1504
23613 # 1504
23625 # 1504
23637 # 1504
23649 # 1504
23661 # 1504
23673 # 1504
23685 # 1504
23697 # 1504
23709 # 1504
23721 # 1504
23733 # 1504
23745 # 1504
23757 # 1504
23769 # 1504
23781 # 1504
23793 # 1504
23805 # 1504
23817 # 1504
23829 # 1504
23841 # 1504
23853 # 1504
23865 # 1504
23877 # 1504
23889 # 1504
23901 # 1504
23913 # 1504
23925 # 1504
23937 # 1504
23949 # 1504
23961 # 1504
23973 # 1504
23985 # 1504
23997 # 1504
24009 # 1504
24021 # 1504
24033 # 1504
24045 # 1504
24057 # 1504
24069 # 1504
24081 # 1504
24093 # 1504
24105 # 1504
24117 # 1504
24129 # 1504
24141 # 1504
24153 # 1504
24165 # 1504
24177 # 1504
24189 # 1504
24201 # 1504
24213 # 1504
24225 # 1504
24237 # 1504
24249 # 1504
24261 # 1504
24273 # 1504
24285 # 1504
24297 # 1504
24309 # 1504
24321 # 1504
24333 # 1504
24345 # 1504
24357 # 1504
24369 # 1504
24381 # 1504
24393 # 1504
24405 # 1504
24417 # 1504
24429 # 1504
24441 # 1504
24453 # 1504
24465 # 1504
24477 # 1504
24489 # 1504
24501 # 1504
24513 # 1504
24525 # 1504
24537 # 1504
24549 # 1504
24561 # 1504
24573 # 1504
24585 # 1504
24597 # 1504
24609 # 1504
24621 # 1504
24633 # 1504
24645 # 1504
24657 # 1504
24669 # 1504
24681 # 1504
24693 # 1504
24705 # 1504
24717 # 1504
24729 # 1504
24741 # 1504
24753 # 1504
24765 # 1504
24777 # 1504
24789 # 1504
24801 # 1504
24813 # 1504
24825 # 1504
24837 # 1504
24849 # 1504
24861 # 1504
24873 # 1504
24885 # 1504
24897 # 1504
24909 # 1504
24921 # 1504
24933 # 1504
24945 # 1504
24957 # 1504
24969 # 1504
24981 # 1504
24993 # 1504
25005 # 1504
25017 # 1504
25029 # 1504
25041 # 1504
25053 # 1504
25065 # 1504
25077 # 1504
25089 # 1504
25101 # 1504
25113 # 1504
25125 # 1504
25137 # 1504
25149 # 1504
25161 # 1504
25173 # 1504
25185 # 1504
25197 # 1504
25209 # 1504
25221 # 1504
25233 # 1504
25245 # 1504
25257 # 1504
25269 # 1504
25281 # 1504
25293 # 1504
25305 # 1504
25317 # 1504
25329 # 1504
25341 # 1504
25353 # 1504
25365 # 1504
25377 # 1504
25389 # 1504
25401 # 1504
25413 # 1504
25425 # 1504
25437 # 1504
25449 # 1504
25461 # 1504
25473 # 1504
25485 # 1504
25497 # 1504
25509 # 1504
25521 # 1504
25533 # 1504
25545 # 1504
25557 # 1504
25569 # 1504
25581 # 1504
25593 # 1504
25605 # 1504
25617 # 1504
25629 # 1504
25641 # 1504
25653 # 1504
25665 # 1504
25677 # 1504
25689 # 1504
25701 # 1504
25713 # 1504
25725 # 1504
25737 # 1504
25749 # 1504
25761 # 1504
25773 # 1504
25785 # 1504
25797 # 1504
25809 # 1504
25821 # 1504
25833 # 1504
25845 # 1504
25857 # 1504
25869 # 1504
25881 # 1504
25893 # 1504
25905 # 1504
25917 # 1504
25929 # 1504
25941 # 1504
25953 # 1504
25965 # 1504
25977 # 1504
25989 # 1504
26001 # 1504
26013 # 1504
26025 # 1504
26037 # 1504
26049 # 1504
26061 # 1504
26073 # 1504
26085 # 1504
26097 # 1504
26109 # 1504
26121 # 1504
26133 # 1504
26145 # 1504
26157 # 1504
26169 # 1504
26181 # 1504
26193 # 1504
26205 # 1504
26217 # 1504
26229 # 1504
26241 # 1504
26253 # 1504
26265 # 1504
26277 # 1504
26289 # 1504
26301 # 1504
26313 # 1504
26325 # 1504
26337 # 1504
26349 # 1504
26361 # 1504
26373 # 1504
26385 # 1504
26397 # 1504
26409 # 1504
26421 # 1504
26433 # 1504
26445 # 1504
26457 # 1504
26469 # 1504
26481 # 1504
26493 # 1504
26505 # 1504
26517 # 1504
26529 # 1504
26541 # 1504
26553 # 1504
26565 # 1504
26577 # 1504
26589 # 1504
26601 # 1504
26613 # 1504
26625 # 1504
26637 # 1504
26649 # 1504
26661 # 1504
26673 # 1504
26685 # 1504
26697 # 1504
26709 # 1504
26721 # 1504
26733 # 1504
26745 # 1504
26757 # 1504
26769 # 1504
26781 # 1504
26793 # 1504
26805 # 1504
26817 # 1504
26829 # 1504
26841 # 1504
26853 # 1504
26865 # 1504
26877 # 1504
26889 # 1504
26901 # 1504
26913 # 1504
26925 # 1504
26937 # 1504
26949 # 1504
26961 # 1504
26973 # 1504
26985 # 1504
26997 # 1504
27009 # 1504
27021 # 1504
27033 # 1504
27045 # 1504
27057 # 1504
27069 # 1504
27081 # 1504
27093 # 1504
27105 # 1504
27117 # 1504
27129 # 1504
27141 # 1504
27153 # 1504
27165 # 1504
27177 # 1504
27189 # 1504
27201 # 1504
27213 # 1504
27215 + 52
27225 # 1504
27225 - 52 10
27237 # 1504
27249 # 1504
27261 # 1504
27273 # 1504
27285 # 1504
27297 # 1504
27309 # 1504
27321 # 1504
27333 # 1504
27345 # 1504
27357 # 1504
27369 # 1504
27381 # 1504
27393 # 1504
27405 # 1504
27417 # 1504
27429 # 1504
27441 # 1504
27453 # 1504
27465 # 1504
27477 # 1504
27489 # 1504
27501 # 1504
27513 # 1504
27525 # 1504
27537 # 1504
27549 # 1504
27561 # 1504
27573 # 1504
27585 # 1504
27597 # 1504
27609 # 1504
27621 # 1504
27633 # 1504
27645 # 1504
27657 # 1504
27669 # 1504
27681 # 1504
27693 # 1504
27705 # 1504
27717 # 1504
27729 # 1504
27741 # 1504
27753 # 1504
27765 # 1504
27777 # 1504
27789 # 1504
27801 # 1504
27813 # 1504
27825 # 1504
27837 # 1504
27849 # 1504
27861 # 1504
27873 # 1504
27885 # 1504
27897 # 1504
27909 # 1504
27921 # 1504
27933 # 1504
27945 # 1504
27957 # 1504
27969 # 1504
27981 # 1504
27993 # 1504
28005 # 1504
28017 # 1504
28029 # 1504
28041 # 1504
28053 # 1504
28065 # 1504
28077 # 1504
28089 # 1504
28101 # 1504
28113 # 1504
28125 # 1504
28137 # 1504
28149 # 1504
28161 # 1504
28173 # 1504
28185 # 1504
28197 # 1504
28209 # 1504
28221 # 1504
28233 # 1504
28245 # 1504
28257 # 1504
28269 # 1504
28281 # 1504
28293 # 1504
28305 # 1504
28317 # 1504
28329 # 1504
28341 # 1504
28353 # 1504
28365 # 1504
28377 # 1504
28389 # 1504
28401 # 1504
28413 # 1504
28425 # 1504
28437 # 1504
28449 # 1504
28461 # 1504
28473 # 1504
28485 # 1504
28497 # 1504
28509 # 1504
28521 # 1504
28533 # 1504
28545 # 1504
28557 # 1504
28569 # 1504
28581 # 1504
28593 # 1504
28605 # 1504
28617 # 1504
28629 # 1504
28641 # 1504
28653 # 1504
28665 # 1504
28677 # 1504
28689 # 1504
28701 # 1504
28713 # 1504
28725 # 1504
28737 # 1504
28749 # 1504
28761 # 1504
28773 # 1504
28785 # 1504
28797 # 1504
28809 # 1504
28821 # 1504
28833 # 1504
28845 # 1504
28857 # 1504
28869 # 1504
28881 # 1504
28893 # 1504
28905 # 1504
28917 # 1504
28929 # 1504
28941 # 1504
28953 # 1504
28965 # 1504
28977 # 1504
28989 # 1504
29001 # 1504
29013 # 1504
29025 # 1504
29037 # 1504
29049 # 1504
29061 # 1504
29073 # 1504
29085 # 1504
29097 # 1504
29109 # 1504
29121 # 1504
29133 # 1504
29145 # 1504
29157 # 1504
29169 # 1504
29181 # 1504
29193 # 1504
29205 # 1504
29217 # 1504
29229 # 1504
29241 # 1504
29253 # 1504
29265 # 1504
29277 # 1504
29289 # 1504
29301 # 1504
29313 # 1504
29325 # 1504
29337 # 1504
29349 # 1504
29361 # 1504
29373 # 1504
29385 # 1504
29397 # 1504
29409 # 1504
29421 # 1504
29433 # 1504
29445 # 1504
29457 # 1504
29469 # 1504
29481 # 1504
29493 # 1504
29505 # 1504
29517 # 1504
29529 # 1504
29541 # 1504
29553 # 1504
29565 # 1504
29577 # 1504
29589 # 1504
29601 # 1504
29613 # 1504
29625 # 1504
29637 # 1504
29649 # 1504
29661 # 1504
29673 # 1504
29685 # 1504
29697 # 1504
29709 # 1504
29721 # 1504
29733 # 1504
29745 # 1504
29757 # 1504
29769 # 1504
29781 # 1504
29793 # 1504
29805 # 1504
29817 # 1504
29829 # 1504
29841 # 1504
29853 # 1504
29865 # 1504
29877 # 1504
29889 # 1504
29901 # 1504
29913 # 1504
29925 # 1504
29937 # 1504
29949 # 1504
29961 # 1504
29973 # 1504
29985 # 1504
29997 # 1504
30009 # 1504
30021 # 1504
30033 # 1504
30045 # 1504
30057 # 1504
30069 # 1504
30081 # 1504
30093 # 1504
30105 # 1504
30117 # 1504
30129 # 1504
30141 # 1504
30153 # 1504
30165 # 1504
30177 # 1504
30189 # 1504
30201 # 1504
30213 # 1504
30225 # 1504
30237 # 1504
30249 # 1504
30261 # 1504
30273 # 1504
30285 # 1504
30297 # 1504
30309 # 1504
30321 # 1504
30333 # 1504
30345 # 1504
30357 # 1504
30369 # 1504
30381 # 1504
30393 # 1504
30405 # 1504
30417 # 1504
30429 # 1504
30441 # 1504
30453 # 1504
30465 # 1504
30477 # 1504
30489 # 1504
30501 # 1504
30513 # 1504
30525 # 1504
30537 # 1504
30549 # 1504
30561 # 1504
30573 # 1504
30585 # 1504
30597 # 1504
30609 # 1504
30621 # 1504
30633 # 1504
30645 # 1504
30657 # 1504
30669 # 1504
30681 # 1504
30693 # 1504
30705 # 1504
30717 # 1504
30729 # 1504
30741 # 1504
30753 # 1504
30765 # 1504
30777 # 1504
30789 # 1504
30801 # 1504
30813 # 1504
30825 # 1504
30837 # 1504
30849 # 1504
30861 # 1504
30873 # 1504
30885 # 1504
30897 # 1504
30909 # 1504
30921 # 1504
30933 # 1504
30945 # 1504
30957 # 1504
30969 # 1504
30981 # 1504
30993 # 1504
31005 # 1504
31017 # 1504
31029 # 1504
31041 # 1504
31053 # 1504
31065 # 1504
31077 # 1504
31089 # 1504
31101 # 1504
31113 # 1504
31125 # 1504
31137 # 1504
31149 # 1504
31161 # 1504
31173 # 1504
31185 # 1504
31197 # 1504
31209 # 1504
31221 # 1504
31233 # 1504
31245 # 1504
31257 # 1504
31269 # 1504
31281 # 1504
31293 # 1504
31305 # 1504
31317 # 1504
31329 # 1504
31341 # 1504
31353 # 1504
31365 # 1504
31377 # 1504
31389 # 1504
31401 # 1504
31413 # 1504
31425 # 1504
31437 # 1504
31449 # 1504
31461 # 1504
31473 # 1504
31485 # 1504
31497 # 1504
31509 # 1504
31521 # 1504
31533 # 1504
31545 # 1504
31557 # 1504
31569 # 1504
31581 # 1504
31593 # 1504
31605 # 1504
31617 # 1504
31629 # 1504
31641 # 1504
31653 # 1504
31665 # 1504
31677 # 1504
31689 # 1504
31701 # 1504
31713 # 1504
31725 # 1504
31737 # 1504
31749 # 1504
31761 # 1504
31773 # 1504
31785 # 1504
31797 # 1504
31809 # 1504
31821 # 1504
31833 # 1504
31845 # 1504
31857 # 1504
31869 # 1504
31881 # 1504
31893 # 1504
31905 # 1504
31917 # 1504
31929 # 1504
31941 # 1504
31953 # 1504
31965 # 1504
31977 # 1504
31989 # 1504
32001 # 1504
32013 # 1504
32025 # 1504
32037 # 1504
32049 # 1504
32061 # 1504
32073 # 1504
32085 # 1504
32097 # 1504
32109 # 1504
32121 # 1504
32133 # 1504
32145 # 1504
32157 # 1504
32169 # 1504
32181 # 1504
32193 # 1504
32205 # 1504
32217 # 1504
32229 # 1504
32241 # 1504
32253 # 1504
32265 # 1504
32277 # 1504
32289 # 1504
32301 # 1504
32313 # 1504
32325 # 1504
32337 # 1504
32349 # 1504
32361 # 1504
32373 # 1504
32385 # 1504
32397 # 1504
32409 # 1504
32421 # 1504
32433 # 1504
32445 # 1504
32457 # 1504
32469 # 1504
32481 # 1504
32493 # 1504
32505 # 1504
32517 # 1504
32529 # 1504
32541 # 1504
32553 # 1504
32565 # 1504
32577 # 1504
32589 # 1504
32601 # 1504
32613 # 1504
32625 # 1504
32637 # 1504
32649 # 1504
32661 # 1504
32673 # 1504
32685 # 1504
32697 # 1504
32709 # 1504
32721 # 1504
32733 # 1504
32745 # 1504
32757 # 1504
32769 # 1504
32781 # 1504
32793 # 1504
32805 # 1504
32817 # 1504
32829 # 1504
32841 # 1504
32853 # 1504
32865 # 1504
32877 # 1504
32889 # 1504
32901 # 1504
32913 # 1504
32925 # 1504
32937 # 1504
32949 # 1504
32961 # 1504
32973 # 1504
32985 # 1504
32997 # 1504
33009 # 1504
33021 # 1504
33033 # 1504
33045 # 1504
33057 # 1504
33069 # 1504
33081 # 1504
33093 # 1504
33105 # 1504
33117 # 1504
33129 # 1504
33141 # 1504
33153 # 1504
33165 # 1504
33177 # 1504
33189 # 1504
33201 # 1504
33213 # 1504
33225 # 1504
33237 # 1504
33249 # 1504
33261 # 1504
33273 # 1504
33285 # 1504
33297 # 1504
33309 # 1504
33321 # 1504
33333 # 1504
33345 # 1504
33357 # 1504
33369 # 1504
33381 # 1504
33393 # 1504
33405 # 1504
33417 # 1504
33429 # 1504
33441 # 1504
33453 # 1504
33465 # 1504
33477 # 1504
33489 # 1504
33501 # 1504
33513 # 1504
33525 # 1504
33537 # 1504
33549 # 1504
33561 # 1504
33573 # 1504
33585 # 1504
33597 # 1504
33609 # 1504
33621 # 1504
33633 # 1504
33645 # 1504
33657 # 1504
33669 # 1504
33681 # 1504
33693 # 1504
33705 # 1504
33717 # 1504
33729 # 1504
33741 # 1504
33753 # 1504
33765 # 1504
33777 # 1504
33789 # 1504
33801 # 1504
33813 # 1504
33825 # 1504
33837 # 1504
33849 # 1504
33861 # 1504
33873 # 1504
33885 # 1504
33897 # 1504
33909 # 1504
33921 # 1504
33933 # 1504
33945 # 1504
33957 # 1504
33969 # 1504
33981 # 1504
33993 # 1504
34005 # 1504
34017 # 1504
34029 # 1504
34041 # 1504
34053 # 1504
34065 # 1504
34077 # 1504
34089 # 1504
34101 # 1504
34113 # 1504
34125 # 1504
34137 # 1504
34149 # 1504
34161 # 1504
34173 # 1504
34185 # 1504
34197 # 1504
34209 # 1504
34221 # 1504
34233 # 1504
34245 # 1504
34257 # 1504
34269 # 1504
34281 # 1504
34293 # 1504
34305 # 1504
34317 # 1504
34329 # 1504
34341 # 1504
34353 # 1504
34365 # 1504
34377 # 1504
34389 # 1504
34401 # 1504
34413 # 1504
34425 # 1504
34437 # 1504
34449 # 1504
34461 # 1504
34473 # 1504
34485 # 1504
34497 # 1504
34509 # 1504
34521 # 1504
34533 # 1504
34545 # 1504
34557 # 1504
34569 # 1504
34581 # 1504
34593 # 1504
34605 # 1504
34617 # 1504
34629 # 1504
34641 # 1504
34653 # 1504
34665 # 1504
34677 # 1504
34689 # 1504
34701 # 1504
34713 # 1504
34725 # 1504
34737 # 1504
34749 # 1504
34761 # 1504
34773 # 1504
34785 # 1504
34797 # 1504
34809 # 1504
34821 # 1504
34833 # 1504
34845 # 1504
34857 # 1504
34869 # 1504
34881 # 1504
34893 # 1504
34905 # 1504
34917 # 1504
34929 # 1504
34941 # 1504
34953 # 1504
34965 # 1504
34977 # 1504
34989 # 1504
35001 # 1504
35013 # 1504
35025 # 1504
35037 # 1504
35049 # 1504
35061 # 1504
35073 # 1504
35085 # 1504
35097 # 1504
35109 # 1504
35121 # 1504
35133 # 1504
35145 # 1504
35157 # 1504
35169 # 1504
35181 # 1504
35193 # 1504
35205 # 1504
35217 # 1504
35229 # 1504
35241 # 1504
35253 # 1504
35265 # 1504
35277 # 1504
35289 # 1504
35301 # 1504
35313 # 1504
35325 # 1504
35337 # 1504
35349 # 1504
35361 # 1504
35373 # 1504
35385 # 1504
35397 # 1504
35409 # 1504
35421 # 1504
35433 # 1504
35445 # 1504
35457 # 1504
35469 # 1504
35481 # 1504
35493 # 1504
35505 # 1504
35517 # 1504
35529 # 1504
35541 # 1504
35553 # 1504
35565 # 1504
35577 # 1504
35589 # 1504
35601 # 1504
35613 # 1504
35625 # 1504
35637 # 1504
35649 # 1504
35661 # 1504
35673 # 1504
35685 # 1504
35697 # 1504
35709 # 1504
35721 # 1504
35733 # 1504
35745 # 1504
35757 # 1504
35769 # 1504
35781 # 1504
35793 # 1504
35805 # 1504
35817 # 1504
35829 # 1504
35841 # 1504
35853 # 1504
35865 # 1504
35877 # 1504
35889 # 1504
35901 # 1504
35913 # 1504
35925 # 1504
35937 # 1504
35949 # 1504
35961 # 1504
35973 # 1504
35985 # 1504
35997 # 1504
36009 # 1504
36021 # 1504
36033 # 1504
36045 # 1504
36057 # 1504
36069 # 1504
36081 # 1504
36093 # 1504
36105 # 1504
36117 # 1504
36129 # 1504
36141 # 1504
36153 # 1504
36165 # 1504
36177 # 1504
36189 # 1504
36201 # 1504
36213 # 1504
36225 # 1504
36237 # 1504
36249 # 1504
36261 # 1504
36273 # 1504
36285 # 1504
36297 # 1504
36309 # 1504
36321 # 1504
36333 # 1504
36345 # 1504
36357 # 1504
36369 # 1504
36381 # 1504
36393 # 1504
36405 # 1504
36417 # 1504
36429 # 1504
36441 # 1504
36453 # 1504
36465 # 1504
36477 # 1504
36489 # 1504
36501 # 1504
36513 # 1504
36525 # 1504
36537 # 1504
36549 # 1504
36561 # 1504
36573 # 1504
36585 # 1504
36597 # 1504
36609 # 1504
36621 # 1504
36633 # 1504
36645 # 1504
36657 # 1504
36669 # 1504
36681 # 1504
36693 # 1504
36705 # 1504
36717 # 1504
36729 # 1504
36741 # 1504
36753 # 1504
36765 # 1504
36777 # 1504
36789 # 1504
36801 # 1504
36813 # 1504
36825 # 1504
36837 # 1504
36849 # 1504
36861 # 1504
36873 # 1504
36885 # 1504
36897 # 1504
36909 # 1504
36921 # 1504
36933 # 1504
36945 # 1504
36957 # 1504
36969 # 1504
36981 # 1504
36993 # 1504
37005 # 1504
37017 # 1504
37029 # 1504
37041 # 1504
37053 # 1504
37065 # 1504
37077 # 1504
37089 # 1504
37101 # 1504
37113 # 1504
37125 # 1504
37137 # 1504
37149 # 1504
37161 # 1504
37173 # 1504
37185 # 1504
37197 # 1504
37209 # 1504
37221 # 1504
37233 # 1504
37245 # 1504
37257 # 1504
37269 # 1504
37281 # 1504
37293 # 1504
37305 # 1504
37317 # 1504
37329 # 1504
37341 # 1504
37353 # 1504
37365 # 1504
37377 # 1504
37389 # 1504
37401 # 1504
37413 # 1504
37425 # 1504
37437 # 1504
37449 # 1504
37461 # 1504
37473 # 1504
37485 # 1504
37497 # 1504
37509 # 1504
37521 # 1504
37533 # 1504
37545 # 1504
37557 # 1504
37569 # 1504
37581 # 1504
37593 # 1504
37605 # 1504
37617 # 1504
37629 # 1504
37641 # 1504
37653 # 1504
37665 # 1504
37677 # 1504
37689 # 1504
37701 # 1504
37713 # 1504
37725 # 1504
37737 # 1504
37749 # 1504
37761 # 1504
37773 # 1504
37785 # 1504
37797 # 1504
37809 # 1504
37821 # 1504
37833 # 1504
37845 # 1504
37857 # 1504
37869 # 1504
37881 # 1504
37893 # 1504
37905 # 1504
37917 # 1504
37929 # 1504
37941 # 1504
37953 # 1504
37965 # 1504
37977 # 1504
37989 # 1504
38001 # 1504
38013 # 1504
38025 # 1504
38037 # 1504
38049 # 1504
38061 # 1504
38073 # 1504
38085 # 1504
38097 # 1504
38109 # 1504
38121 # 1504
38133 # 1504
38145 # 1504
38157 # 1504
38169 # 1504
38181 # 1504
38193 # 1504
38205 # 1504
38217 # 1504
38229 # 1504
38241 # 1504
38253 # 1504
38265 # 1504
38277 # 1504
38289 # 1504
38301 # 1504
38313 # 1504
38325 # 1504
38337 # 1504
38349 # 1504
38361 # 1504
38373 # 1504
38385 # 1504
38397 # 1504
38409 # 1504
38421 # 1504
38433 # 1504
38445 # 1504
38457 # 1504
38469 # 1504
38481 # 1504
38493 # 1504
38505 # 1504
38517 # 1504
38529 # 1504
38541 # 1504
38553 # 1504
38565 # 1504
38577 # 1504
38589 # 1504
38601 # 1504
38613 # 1504
38625 # 1504
38637 # 1504
38649 # 1504
38661 # 1504
38673 # 1504
38685 # 1504
38697 # 1504
38709 # 1504
38721 # 1504
38733 # 1504
38745 # 1504
38757 # 1504
38769 # 1504
38781 # 1504
38793 # 1504
38805 # 1504
38817 # 1504
38829 # 1504
38841 # 1504
38853 # 1504
38865 # 1504
38877 # 1504
38889 # 1504
38901 # 1504
38913 # 1504
38925 # 1504
38937 # 1504
38949 # 1504
38961 # 1504
38973 # 1504
38985 # 1504
38997 # 1504
39009 # 1504
39021 # 1504
39033 # 1504
39045 # 1504
39057 # 1504
39069 # 1504
39081 # 1504
39093 # 1504
39105 # 1504
39117 # 1504
39129 # 1504
39141 # 1504
39153 # 1504
39165 # 1504
39177 # 1504
39189 # 1504
39201 # 1504
39213 # 1504
39225 # 1504
39237 # 1504
39249 # 1504
39261 # 1504
39273 # 1504
39285 # 1504
39297 # 1504
39309 # 1504
39321 # 1504
39333 # 1504
39345 # 1504
39357 # 1504
39369 # 1504
39381 # 1504
39393 # 1504
39405 # 1504
39417 # 1504
39429 # 1504
39441 # 1504
39453 # 1504
39465 # 1504
39477 # 1504
39489 # 1504
39501 # 1504
39513 # 1504
39525 # 1504
39537 # 1504
39549 # 1504
39561 # 1504
39573 # 1504
39585 # 1504
39597 # 1504
39609 # 1504
39621 # 1504
39633 # 1504
39645 # 1504
39657 # 1504
39669 # 1504
39681 # 1504
39693 # 1504
39705 # 1504
39717 # 1504
39729 # 1504
39741 # 1504
39753 # 1504
39765 # 1504
39777 # 1504
39789 # 1504
39801 # 1504
39813 # 1504
39825 # 1504
39837 # 1504
39849 # 1504
39861 # 1504
39873 # 1504
39885 # 1504
39897 # 1504
39909 # 1504
39921 # 1504
39933 # 1504
39945 # 1504
39957 # 1504
39969 # 1504
39981 # 1504
39993 # 1504
40005 # 1504
40017 # 1504
40029 # 1504
40041 # 1504
40053 # 1504
40065 # 1504
40077 # 1504
40089 # 1504
40101 # 1504
40113 # 1504
40125 # 1504
40137 # 1504
40149 # 1504
40161 # 1504
40173 # 1504
40185 # 1504
40197 # 1504
40209 # 1504
40221 # 1504
40233 # 1504
40245 # 1504
40257 # 1504
40269 # 1504
40281 # 1504
40293 # 1504
40305 # 1504
40317 # 1504
40329 # 1504
40341 # 1504
40353 # 1504
40365 # 1504
40377 # 1504
40389 # 1504
40401 # 1504
40413 # 1504
40425 # 1504
40437 # 1504
40449 # 1504
40461 # 1504
40473 # 1504
40485 # 1504
40497 # 1504
40509 # 1504
40521 # 1504
40533 # 1504
40545 # 1504
40557 # 1504
40569 # 1504
40581 # 1504
40593 # 1504
40605 # 1504
40617 # 1504
40629 # 1504
40641 # 1504
40653 # 1504
40665 # 1504
40677 # 1504
40689 # 1504
40701 # 1504
40713 # 1504
40725 # 1504
40737 # 1504
40749 # 1504
40761 # 1504
40773 # 1504
40785 # 1504
40797 # 1504
40809 # 1504
40821 # 1504
40833 # 1504
40845 # 1504
40857 # 1504
40869 # 1504
40881 # 1504
40893 # 1504
40905 # 1504
40917 # 1504
40929 # 1504
40941 # 1504
40953 # 1504
40965 # 1504
40977 # 1504
40989 # 1504
41001 # 1504
41013 # 1504
41025 # 1504
41037 # 1504
41049 # 1504
41061 # 1504
41073 # 1504
41085 # 1504
41097 # 1504
41109 # 1504
41121 # 1504
41133 # 1504
41145 # 1504
41157 # 1504
41169 # 1504
41181 # 1504
41193 # 1504
41205 # 1504
41217 # 1504
41229 # 1504
41241 # 1504
41253 # 1504
41265 # 1504
41277 # 1504
41289 # 1504
41301 # 1504
41313 # 1504
41325 # 1504
41337 # 1504
41349 # 1504
41361 # 1504
41373 # 1504
41385 # 1504
41397 # 1504
41409 # 1504
41421 # 1504
41433 # 1504
41445 # 1504
41457 # 1504
41469 # 1504
41481 # 1504
41493 # 1504
41505 # 1504
41517 # 1504
41529 # 1504
41541 # 1504
41553 # 1504
41565 # 1504
41577 # 1504
41589 # 1504
41601 # 1504
41613 # 1504
41625 # 1504
41637 # 1504
41649 # 1504
41661 # 1504
41673 # 1504
41685 # 1504
41697 # 1504
41709 # 1504
41721 # 1504
41733 # 1504
41745 # 1504
41757 # 1504
41769 # 1504
41781 # 1504
41793 # 1504
41805 # 1504
41817 # 1504
41829 # 1504
41841 # 1504
41853 # 1504
41865 # 1504
41877 # 1504
41889 # 1504
41901 # 1504
41913 # 1504
41925 # 1504
41937 # 1504
41949 # 1504
41961 # 1504
41973 # 1504
41985 # 1504
41997 # 1504
42009 # 1504
42021 # 1504
42033 # 1504
42045 # 1504
42057 # 1504
42069 # 1504
42081 # 1504
42093 # 1504
42105 # 1504
42117 # 1504
42129 # 1504
42141 # 1504
42153 # 1504
42165 # 1504
42177 # 1504
42189 # 1504
42201 # 1504
42213 # 1504
42225 # 1504
42237 # 1504
42249 # 1504
42261 # 1504
42273 # 1504
42285 # 1504
42297 # 1504
42309 # 1504
42321 # 1504
42333 # 1504
42345 # 1504
42357 # 1504
42369 # 1504
42381 # 1504
42393 # 1504
42405 # 1504
42417 # 1504
42429 # 1504
42441 # 1504
42453 # 1504
42465 # 1504
42477 # 1504
42489 # 1504
42501 # 1504
42513 # 1504
42525 # 1504
42537 # 1504
42549 # 1504
42561 # 1504
42573 # 1504
42585 # 1504
42597 # 1504
42609 # 1504
42621 # 1504
42633 # 1504
42645 # 1504
42657 # 1504
42669 # 1504
42681 # 1504
42693 # 1504
42705 # 1504
42717 # 1504
42729 # 1504
42741 # 1504
42753 # 1504
42765 # 1504
42777 # 1504
42789 # 1504
42801 # 1504
42813 # 1504
42825 # 1504
42837 # 1504
42849 # 1504
42861 # 1504
42873 # 1504
42885 # 1504
42897 # 1504
42909 # 1504
42921 # 1504
42933 # 1504
42945 # 1504
42957 # 1504
42969 # 1504
42981 # 1504
42993 # 1504
43005 # 1504
43017 # 1504
43029 # 1504
43041 # 1504
43053 # 1504
43065 # 1504
43077 # 1504
43089 # 1504
43101 # 1504
43113 # 1504
43125 # 1504
43137 # 1504
43149 # 1504
43161 # 1504
43173 # 1504
43185 # 1504
43197 # 1504
43209 # 1504
43221 # 1504
43233 # 1504
43245 # 1504
43257 # 1504
43269 # 1504
43281 # 1504
43293 # 1504
43305 # 1504
43317 # 1504
43329 # 1504
43341 # 1504
43353 # 1504
43365 # 1504
43377 # 1504
43389 # 1504
43401 # 1504
43413 # 1504
43425 # 1504
43437 # 1504
43449 # 1504
43461 # 1504
43473 # 1504
43485 # 1504
43497 # 1504
43509 # 1504
43521 # 1504
43533 # 1504
43545 # 1504
43557 # 1504
43569 # 1504
43581 # 1504
43593 # 1504
43605 # 1504
43617 # 1504
43629 # 1504
43641 # 1504
43653 # 1504
43665 # 1504
43677 # 1504
43689 # 1504
43701 # 1504
43713 # 1504
43725 # 1504
43737 # 1504
43749 # 1504
43761 # 1504
43773 # 1504
43785 # 1504
43797 # 1504
43809 # 1504
43821 # 1504
43833 # 1504
43845 # 1504
43857 # 1504
43869 # 1504
43881 # 1504
43893 # 1504
43905 # 1504
43917 # 1504
43929 # 1504
43941 # 1504
43953 # 1504
43965 # 1504
43977 # 1504
43989 # 1504
44001 # 1504
44013 # 1504
44025 # 1504
44037 # 1504
44049 # 1504
44061 # 1504
44073 # 1504
44085 # 1504
44097 # 1504
44109 # 1504
44121 # 1504
44133 # 1504
44145 # 1504
44157 # 1504
44169 # 1504
44181 # 1504
44193 # 1504
44205 # 1504
44217 # 1504
44229 # 1504
44241 # 1504
44253 # 1504
44265 # 1504
44277 # 1504
44289 # 1504
44301 # 1504
44313 # 1504
44325 # 1504
44337 # 1504
44349 # 1504
44361 # 1504
44373 # 1504
44385 # 1504
44397 # 1504
44409 # 1504
44421 # 1504
44433 # 1504
44445 # 1504
44457 # 1504
44469 # 1504
44481 # 1504
44493 # 1504
44505 # 1504
44517 # 1504
44529 # 1504
44541 # 1504
44553 # 1504
44565 # 1504
44577 # 1504
44589 # 1504
44601 # 1504
44613 # 1504
44625 # 1504
44637 # 1504
44649 # 1504
44661 # 1504
44673 # 1504
44685 # 1504
44697 # 1504
44709 # 1504
44721 # 1504
44733 # 1504
44745 # 1504
44757 # 1504
44769 # 1504
44781 # 1504
44793 # 1504
44805 # 1504
44817 # 1504
44829 # 1504
44841 # 1504
44853 # 1504
44865 # 1504
44877 # 1504
44889 # 1504
44901 # 1504
44913 # 1504
44925 # 1504
44937 # 1504
44949 # 1504
44961 # 1504
44973 # 1504
44985 # 1504
44997 # 1504
45009 # 1504
45021 # 1504
45033 # 1504
45045 # 1504
45057 # 1504
45069 # 1504
45081 # 1504
45093 # 1504
45105 # 1504
45117 # 1504
45129 # 1504
45141 # 1504
45153 # 1504
45165 # 1504
45177 # 1504
45189 # 1504
45201 # 1504
45213 # 1504
45225 # 1504
45237 # 1504
45249 # 1504
45261 # 1504
45273 # 1504
45285 # 1504
45297 # 1504
45309 # 1504
45321 # 1504
45333 # 1504
45345 # 1504
45357 # 1504
45369 # 1504
45381 # 1504
45393 # 1504
45405 # 1504
45417 # 1504
45429 # 1504
45441 # 1504
45453 # 1504
45465 # 1504
45477 # 1504
45489 # 1504
45501 # 1504
45513 # 1504
45525 # 1504
45537 # 1504
45549 # 1504
45561 # 1504
45573 # 1504
45585 # 1504
45597 # 1504
45609 # 1504
45621 # 1504
45633 # 1504
45645 # 1504
45657 # 1504
45669 # 1504
45681 # 1504
45693 # 1504
45705 # 1504
45717 # 1504
45729 # 1504
45741 # 1504
45753 # 1504
45765 # 1504
45777 # 1504
45789 # 1504
45801 # 1504
45813 # 1504
45825 # 1504
45837 # 1504
45849 # 1504
45861 # 1504
45873 # 1504
45885 # 1504
45897 # 1504
45909 # 1504
45921 # 1504
45933 # 1504
45945 # 1504
45957 # 1504
45969 # 1504
45981 # 1504
45993 # 1504
46005 # 1504
46017 # 1504
46029 # 1504
46041 # 1504
46053 # 1504
46065 # 1504
46077 # 1504
46089 # 1504
46101 # 1504
46113 # 1504
46125 # 1504
46137 # 1504
46149 # 1504
46161 # 1504
46173 # 1504
46185 # 1504
46197 # 1504
46209 # 1504
46221 # 1504
46233 # 1504
46245 # 1504
46257 # 1504
46269 # 1504
46281 # 1504
46293 # 1504
46305 # 1504
46317 # 1504
46329 # 1504
46341 # 1504
46353 # 1504
46365 # 1504
46377 # 1504
46389 # 1504
46401 # 1504
46413 # 1504
46425 # 1504
46437 # 1504
46449 # 1504
46461 # 1504
46473 # 1504
46485 # 1504
46497 # 1504
46509 # 1504
46521 # 1504
46533 # 1504
46545 # 1504
46557 # 1504
46569 # 1504
46581 # 1504
46593 # 1504
46605 # 1504
46617 # 1504
46629 # 1504
46641 # 1504
46653 # 1504
46665 # 1504
46677 # 1504
46689 # 1504
46701 # 1504
46713 # 1504
46725 # 1504
46737 # 1504
46749 # 1504
46761 # 1504
46773 # 1504
46785 # 1504
46797 # 1504
46809 # 1504
46821 # 1504
46833 # 1504
46845 # 1504
46857 # 1504
46869 # 1504
46881 # 1504
46893 # 1504
46905 # 1504
46917 # 1504
46929 # 1504
46941 # 1504
46953 # 1504
46965 # 1504
46977 # 1504
46989 # 1504
47001 # 1504
47013 # 1504
47025 # 1504
47037 # 1504
47049 # 1504
47061 # 1504
47073 # 1504
47085 # 1504
47097 # 1504
47109 # 1504
47121 # 1504
47133 # 1504
47145 # 1504
47157 # 1504
47169 # 1504
47181 # 1504
47193 # 1504
47205 # 1504
47217 # 1504
47229 # 1504
47241 # 1504
47253 # 1504
47265 # 1504
47277 # 1504
47289 # 1504
47301 # 1504
47313 # 1504
47325 # 1504
47337 # 1504
47349 # 1504
47361 # 1504
47373 # 1504
47385 # 1504
47397 # 1504
47409 # 1504
47421 # 1504
47433 # 1504
47445 # 1504
47457 # 1504
47469 # 1504
47481 # 1504
47493 # 1504
47505 # 1504
47517 # 1504
47529 # 1504
47541 # 1504
47553 # 1504
47565 # 1504
47577 # 1504
47589 # 1504
47601 # 1504
47613 # 1504
47625 # 1504
47637 # 1504
47649 # 1504
47661 # 1504
47673 # 1504
47685 # 1504
47697 # 1504
47709 # 1504
47721 # 1504
47733 # 1504
47745 # 1504
47757 # 1504
47769 # 1504
47781 # 1504
47793 # 1504
47805 # 1504
47817 # 1504
47829 # 1504
47841 # 1504
47853 # 1504
47865 # 1504
47877 # 1504
47889 # 1504
47901 # 1504
47913 # 1504
47925 # 1504
47937 # 1504
47949 # 1504
47961 # 1504
47973 # 1504
47985 # 1504
47997 # 1504
48009 # 1504
48021 # 1504
48033 # 1504
48045 # 1504
48057 # 1504
48069 # 1504
48081 # 1504
48093 # 1504
48105 # 1504
48117 # 1504
48129 # 1504
48141 # 1504
48153 # 1504
48165 # 1504
48177 # 1504
48189 # 1504
48201 # 1504
48213 # 1504
48225 # 1504
48237 # 1504
48249 # 1504
48261 # 1504
48273 # 1504
48285 # 1504
48297 # 1504
48309 # 1504
48321 # 1504
48333 # 1504
48345 # 1504
48357 # 1504
48369 # 1504
48381 # 1504
48393 # 1504
48405 # 1504
48417 # 1504
48429 # 1504
48441 # 1504
48453 # 1504
48465 # 1504
48477 # 1504
48489 # 1504
48501 # 1504
48513 # 1504
48525 # 1504
48537 # 1504
48549 # 1504
48561 # 1504
48573 # 1504
48585 # 1504
48597 # 1504
48609 # 1504
48621 # 1504
48633 # 1504
48645 # 1504
48657 # 1504
48669 # 1504
48681 # 1504
48693 # 1504
48705 # 1504
48717 # 1504
48729 # 1504
48741 # 1504
48753 # 1504
48765 # 1504
48777 # 1504
48789 # 1504
48801 # 1504
48813 # 1504
48825 # 1504
48837 # 1504
48849 # 1504
48861 # 1504
48873 # 1504
48885 # 1504
48897 # 1504
48909 # 1504
48921 # 1504
48933 # 1504
48945 # 1504
48957 # 1504
48969 # 1504
48981 # 1504
48993 # 1504
49005 # 1504
49017 # 1504
49029 # 1504
49041 # 1504
49053 # 1504
49065 # 1504
49077 # 1504
49089 # 1504
49101 # 1504
49113 # 1504
49125 # 1504
49137 # 1504
49149 # 1504
49161 # 1504
49173 # 1504
49185 # 1504
49197 # 1504
49209 # 1504
49221 # 1504
49233 # 1504
49245 # 1504
49257 # 1504
49269 # 1504
49281 # 1504
49293 # 1504
49305 # 1504
49317 # 1504
49329 # 1504
49341 # 1504
49353 # 1504
49365 # 1504
49377 # 1504
49389 # 1504
49401 # 1504
49413 # 1504
49425 # 1504
49437 # 1504
49449 # 1504
49461 # 1504
49473 # 1504
49485 # 1504
49497 # 1504
49509 # 1504
49521 # 1504
49533 # 1504
49545 # 1504
49557 # 1504
49569 # 1504
49581 # 1504
49593 # 1504
49605 # 1504
49617 # 1504
49629 # 1504
49641 # 1504
49653 # 1504
49665 # 1504
49677 # 1504
49689 # 1504
49701 # 1504
49713 # 1504
49725 # 1504
49737 # 1504
49749 # 1504
49761 # 1504
49773 # 1504
49785 # 1504
49797 # 1504
49809 # 1504
49821 # 1504
49833 # 1504
49845 # 1504
49857 # 1504
49869 # 1504
49881 # 1504
49893 # 1504
49905 # 1504
49917 # 1504
49929 # 1504
49941 # 1504
49953 # 1504
49965 # 1504
49977 # 1504
49989 # 1504
50001 # 1504
50013 # 1504
50025 # 1504
50037 # 1504
50049 # 1504
50061 # 1504
50073 # 1504
50085 # 1504
50097 # 1504
50109 # 1504
50121 # 1504
50133 # 1504
50145 # 1504
50157 # 1504
50169 # 1504
50181 # 1504
50193 # 1504
50205 # 1504
50217 # 1504
50229 # 1504
50241 # 1504
50253 # 1504
50265 # 1504
50277 # 1504
50289 # 1504
50301 # 1504
50313 # 1504
50325 # 1504
50337 # 1504
50349 # 1504
50361 # 1504
50373 # 1504
50385 # 1504
50397 # 1504
50409 # 1504
50421 # 1504
50433 # 1504
50445 # 1504
50457 # 1504
50469 # 1504
50481 # 1504
50493 # 1504
50505 # 1504
50517 # 1504
50529 # 1504
50541 # 1504
50553 # 1504
50565 # 1504
50577 # 1504
50589 # 1504
50601 # 1504
50613 # 1504
50625 # 1504
50637 # 1504
50649 # 1504
50661 # 1504
50673 # 1504
50685 # 1504
50697 # 1504
50709 # 1504
50721 # 1504
50733 # 1504
50745 # 1504
50757 # 1504
50769 # 1504
50781 # 1504
50793 # 1504
50805 # 1504
50817 # 1504
50829 # 1504
50841 # 1504
50853 # 1504
50865 # 1504
50877 # 1504
50889 # 1504
50901 # 1504
50913 # 1504
50925 # 1504
50937 # 1504
50949 # 1504
50961 # 1504
50973 # 1504
50985 # 1504
50997 # 1504
51009 # 1504
51021 # 1504
51033 # 1504
51045 # 1504
51057 # 1504
51069 # 1504
51081 # 1504
51093 # 1504
51105 # 1504
51117 # 1504
51129 # 1504
51141 # 1504
51153 # 1504
51165 # 1504
51177 # 1504
51189 # 1504
51201 # 1504
51213 # 1504
51225 # 1504
51237 # 1504
51249 # 1504
51261 # 1504
51273 # 1504
51285 # 1504
51297 # 1504
51309 # 1504
51321 # 1504
51333 # 1504
51345 # 1504
51357 # 1504
51369 # 1504
51381 # 1504
51393 # 1504
51405 # 1504
51417 # 1504
51429 # 1504
51441 # 1504
51453 # 1504
51465 # 1504
51477 # 1504
51489 # 1504
51501 # 1504
51513 # 1504
51525 # 1504
51537 # 1504
51549 # 1504
51561 # 1504
51573 # 1504
51585 # 1504
51597 # 1504
51609 # 1504
51621 # 1504
51633 # 1504
51645 # 1504
51657 # 1504
51669 # 1504
51681 # 1504
51693 # 1504
51705 # 1504
51717 # 1504
51729 # 1504
51741 # 1504
51753 # 1504
51765 # 1504
51777 # 1504
51789 # 1504
51801 # 1504
51813 # 1504
51825 # 1504
51837 # 1504
51849 # 1504
51861 # 1504
51873 # 1504
51885 # 1504
51897 # 1504
51909 # 1504
51921 # 1504
51933 # 1504
51945 # 1504
51957 # 1504
51969 # 1504
51981 # 1504
51993 # 1504
52005 # 1504
52017 # 1504
52029 # 1504
52041 # 1504
52053 # 1504
52065 # 1504
52077 # 1504
52089 # 1504
52101 # 1504
52113 # 1504
52125 # 1504
52137 # 1504
52149 # 1504
52161 # 1504
52173 # 1504
52185 # 1504
52197 # 1504
52209 # 1504
52221 # 1504
52233 # 1504
52245 # 1504
52257 # 1504
52269 # 1504
52281 # 1504
52293 # 1504
52305 # 1504
52317 # 1504
52329 # 1504
52341 # 1504
52353 # 1504
52365 # 1504
52377 # 1504
52389 # 1504
52401 # 1504
52413 # 1504
52425 # 1504
52437 # 1504
52449 # 1504
52461 # 1504
52473 # 1504
52485 # 1504
52497 # 1504
52509 # 1504
52521 # 1504
52533 # 1504
52545 # 1504
52557 # 1504
52569 # 1504
52581 # 1504
52593 # 1504
52605 # 1504
52617 # 1504
52629 # 1504
52641 # 1504
52653 # 1504
52665 # 1504
52677 # 1504
52689 # 1504
52701 # 1504
52713 # 1504
52725 # 1504
52737 # 1504
52749 # 1504
52761 # 1504
52773 # 1504
52785 # 1504
52797 # 1504
52809 # 1504
52821 # 1504
52833 # 1504
52845 # 1504
52857 # 1504
52869 # 1504
52881 # 1504
52893 # 1504
52905 # 1504
52917 # 1504
52929 # 1504
52941 # 1504
52953 # 1504
52965 # 1504
52977 # 1504
52989 # 1504
53001 # 1504
53013 # 1504
53025 # 1504
53037 # 1504
53049 # 1504
53061 # 1504
53073 # 1504
53085 # 1504
53097 # 1504
53109 # 1504
53121 # 1504
53133 # 1504
53145 # 1504
53157 # 1504
53169 # 1504
53181 # 1504
53193 # 1504
53205 # 1504
53217 # 1504
53229 # 1504
53241 # 1504
53253 # 1504
53265 # 1504
53277 # 1504
53289 # 1504
53301 # 1504
53313 # 1504
53325 # 1504
53337 # 1504
53349 # 1504
53361 # 1504
53373 # 1504
53385 # 1504
53397 # 1504
53409 # 1504
53421 # 1504
53433 # 1504
53445 # 1504
53457 # 1504
53469 # 1504
53481 # 1504
53493 # 1504
53505 # 1504
53517 # 1504
53529 # 1504
53541 # 1504
53553 # 1504
53565 # 1504
53577 # 1504
53589 # 1504
53601 # 1504
53613 # 1504
53625 # 1504
53637 # 1504
53649 # 1504
53661 # 1504
53673 # 1504
53685 # 1504
53697 # 1504
53709 # 1504
53721 # 1504
53733 # 1504
53745 # 1504
53757 # 1504
53769 # 1504
53781 # 1504
53793 # 1504
53805 # 1504
53817 # 1504
53829 # 1504
53841 # 1504
53853 # 1504
53865 # 1504
53877 # 1504
53889 # 1504
53901 # 1504
53913 # 1504
53925 # 1504
53937 # 1504
53949 # 1504
53961 # 1504
53973 # 1504
53985 # 1504
53997 # 1504
54009 # 1504
54021 # 1504
54033 # 1504
54045 # 1504
54057 # 1504
54069 # 1504
54081 # 1504
54093 # 1504
54105 # 1504
54117 # 1504
54129 # 1504
54141 # 1504
54153 # 1504
54165 # 1504
54177 # 1504
54189 # 1504
54201 # 1504
54213 # 1504
54225 # 1504
54237 # 1504
54249 # 1504
54261 # 1504
54273 # 1504
54285 # 1504
54297 # 1504
54309 # 1504
54321 # 1504
54333 # 1504
54345 # 1504
54357 # 1504
54369 # 1504
54381 # 1504
54393 # 1504
54405 # 1504
54417 # 1504
54429 # 1504
54441 # 1504
54453 # 1504
54465 # 1504
54477 # 1504
54489 # 1504
54501 # 1504
54513 # 1504
54525 # 1504
54537 # 1504
54549 # 1504
54561 # 1504
54573 # 1504
54585 # 1504
54597 # 1504
54609 # 1504
54621 # 1504
54633 # 1504
54645 # 1504
54657 # 1504
54669 # 1504
54681 # 1504
54693 # 1504
54705 # 1504
54717 # 1504
54729 # 1504
54741 # 1504
54753 # 1504
54765 # 1504
54777 # 1504
54789 # 1504
54801 # 1504
54813 # 1504
54825 # 1504
54837 # 1504
54849 # 1504
54861 # 1504
54873 # 1504
54885 # 1504
54897 # 1504
54909 # 1504
54921 # 1504
54933 # 1504
54945 # 1504
54957 # 1504
54969 # 1504
54981 # 1504
54993 # 1504
55005 # 1504
55017 # 1504
55029 # 1504
55041 # 1504
55053 # 1504
55065 # 1504
55077 # 1504
55089 # 1504
55101 # 1504
55113 # 1504
55125 # 1504
55137 # 1504
55149 # 1504
55161 # 1504
55173 # 1504
55185 # 1504
55197 # 1504
55209 # 1504
55221 # 1504
55233 # 1504
55245 # 1504
55257 # 1504
55269 # 1504
55281 # 1504
55293 # 1504
55305 # 1504
55317 # 1504
55329 # 1504
55341 # 1504
55353 # 1504
55365 # 1504
55377 # 1504
55389 # 1504
55401 # 1504
55413 # 1504
55425 # 1504
55437 # 1504
55449 # 1504
55461 # 1504
55473 # 1504
55485 # 1504
55497 # 1504
55509 # 1504
55521 # 1504
55533 # 1504
55545 # 1504
55557 # 1504
55569 # 1504
55581 # 1504
55593 # 1504
55605 # 1504
55617 # 1504
55629 # 1504
55641 # 1504
55653 # 1504
55665 # 1504
55677 # 1504
55689 # 1504
55701 # 1504
55713 # 1504
55725 # 1504
55737 # 1504
55749 # 1504
55761 # 1504
55773 # 1504
55785 # 1504
55797 # 1504
55809 # 1504
55821 # 1504
55833 # 1504
55845 # 1504
55857 # 1504
55869 # 1504
55881 # 1504
55887 + 52
55893 # 1504
55893 - 52 6
55905 # 1504
55917 # 1504
55929 # 1504
55941 # 1504
55953 # 1504
55965 # 1504
55977 # 1504
55989 # 1504
56001 # 1504
56013 # 1504
56025 # 1504
56037 # 1504
56049 # 1504
56061 # 1504
56073 # 1504
56085 # 1504
56097 # 1504
56109 # 1504
56121 # 1504
56133 # 1504
56145 # 1504
56157 # 1504
56169 # 1504
56181 # 1504
56193 # 1504
56205 # 1504
56217 # 1504
56229 # 1504
56241 # 1504
56253 # 1504
56265 # 1504
56277 # 1504
56289 # 1504
56301 # 1504
56313 # 1504
56325 # 1504
56337 # 1504
56349 # 1504
56361 # 1504
56373 # 1504
56385 # 1504
56397 # 1504
56409 # 1504
56421 # 1504
56433 # 1504
56445 # 1504
56457 # 1504
56469 # 1504
56481 # 1504
56493 # 1504
56505 # 1504
56517 # 1504
56529 # 1504
56541 # 1504
56553 # 1504
56565 # 1504
56577 # 1504
56589 # 1504
56601 # 1504
56613 # 1504
56625 # 1504
56637 # 1504
56649 # 1504
56661 # 1504
56673 # 1504
56685 # 1504
56697 # 1504
56709 # 1504
56721 # 1504
56733 # 1504
56745 # 1504
56757 # 1504
56769 # 1504
56781 # 1504
56793 # 1504
56805 # 1504
56817 # 1504
56829 # 1504
56841 # 1504
56853 # 1504
56865 # 1504
56877 # 1504
56889 # 1504
56901 # 1504
56913 # 1504
56925 # 1504
56937 # 1504
56949 # 1504
56961 # 1504
56973 # 1504
56985 # 1504
56997 # 1504
57009 # 1504
57021 # 1504
57033 # 1504
57045 # 1504
57057 # 1504
57069 # 1504
57081 # 1504
57093 # 1504
57105 # 1504
57117 # 1504
57129 # 1504
57141 # 1504
57153 # 1504
57165 # 1504
57177 # 1504
57189 # 1504
57201 # 1504
57213 # 1504
57225 # 1504
57237 # 1504
57249 # 1504
57261 # 1504
57273 # 1504
57285 # 1504
57297 # 1504
57309 # 1504
57321 # 1504
57333 # 1504
57345 # 1504
57357 # 1504
57369 # 1504
57381 # 1504
57393 # 1504
57405 # 1504
57417 # 1504
57429 # 1504
57441 # 1504
57453 # 1504
57465 # 1504
57477 # 1504
57489 # 1504
57501 # 1504
57513 # 1504
57525 # 1504
57537 # 1504
57549 # 1504
57561 # 1504
57573 # 1504
57585 # 1504
57597 # 1504
57609 # 1504
57621 # 1504
57633 # 1504
57645 # 1504
57657 # 1504
57669 # 1504
57681 # 1504
57693 # 1504
57705 # 1504
57717 # 1504
57729 # 1504
57741 # 1504
57753 # 1504
57765 # 1504
57777 # 1504
57789 # 1504
57801 # 1504
57813 # 1504
57825 # 1504
57837 # 1504
57849 # 1504
57861 # 1504
57873 # 1504
57885 # 1504
57897 # 1504
57909 # 1504
57921 # 1504
57933 # 1504
57945 # 1504
57957 # 1504
57969 # 1504
57981 # 1504
57993 # 1504
58005 # 1504
58017 # 1504
58029 # 1504
58041 # 1504
58053 # 1504
58065 # 1504
58077 # 1504
58089 # 1504
58101 # 1504
58113 # 1504
58125 # 1504
58137 # 1504
58149 # 1504
58161 # 1504
58173 # 1504
58185 # 1504
58197 # 1504
58209 # 1504
58221 # 1504
58233 # 1504
58245 # 1504
58257 # 1504
58269 # 1504
58281 # 1504
58293 # 1504
58305 # 1504
58317 # 1504
58329 # 1504
58341 # 1504
58353 # 1504
58365 # 1504
58377 # 1504
58389 # 1504
58401 # 1504
58413 # 1504
58425 # 1504
58437 # 1504
58449 # 1504
58461 # 1504
58473 # 1504
58485 # 1504
58497 # 1504
58509 # 1504
58521 # 1504
58533 # 1504
58545 # 1504
58557 # 1504
58569 # 1504
58581 # 1504
58593 # 1504
58605 # 1504
58617 # 1504
58629 # 1504
58641 # 1504
58653 # 1504
58665 # 1504
58677 # 1504
58689 # 1504
58701 # 1504
58713 # 1504
58725 # 1504
58737 # 1504
58749 # 1504
58761 # 1504
58773 # 1504
58785 # 1504
58797 # 1504
58809 # 1504
58821 # 1504
58833 # 1504
58845 # 1504
58857 # 1504
58869 # 1504
58881 # 1504
58893 # 1504
58905 # 1504
58917 # 1504
58929 # 1504
58941 # 1504
58953 # 1504
58965 # 1504
58977 # 1504
58989 # 1504
59001 # 1504
59013 # 1504
59025 # 1504
59037 # 1504
59049 # 1504
59061 # 1504
59073 # 1504
59085 # 1504
59097 # 1504
59109 # 1504
59121 # 1504
59133 # 1504
59145 # 1504
59157 # 1504
59169 # 1504
59181 # 1504
59193 # 1504
59205 # 1504
59217 # 1504
59229 # 1504
59241 # 1504
59253 # 1504
59265 # 1504
59277 # 1504
59289 # 1504
59301 # 1504
59313 # 1504
59325 # 1504
59337 # 1504
59349 # 1504
59361 # 1504
59373 # 1504
59385 # 1504
59397 # 1504
59409 # 1504
59421 # 1504
59433 # 1504
59445 # 1504
59457 # 1504
59469 # 1504
59481 # 1504
59493 # 1504
59505 # 1504
59517 # 1504
59529 # 1504
59541 # 1504
59553 # 1504
59565 # 1504
59577 # 1504
59589 # 1504
59601 # 1504
59613 # 1504
59625 # 1504
59637 # 1504
59649 # 1504
59661 # 1504
59673 # 1504
59685 # 1504
59697 # 1504
59709 # 1504
59721 # 1504
59733 # 1504
59745 # 1504
59757 # 1504
59769 # 1504
59781 # 1504
59793 # 1504
59805 # 1504
59817 # 1504
59829 # 1504
59841 # 1504
59853 # 1504
59865 # 1504
59877 # 1504
59889 # 1504
59901 # 1504
59913 # 1504
59925 # 1504
