1744941870.061589
1744941870.362330
1744941870.668167
1744941870.975911
1744941871.284658
1744941871.592930
1744941871.893841
1744941872.197003
1744941872.504006
1744941872.805444
1744941873.106081
1744941873.406683
1744941873.712034
1744941874.018958
1744941874.322843
1744941874.623710
1744941874.926593
1744941875.227178
1744941875.527840
1744941875.828658
1744941876.129241
1744941876.431182
1744941876.733426
1744941877.034179
1744941877.334948
1744941877.635533
1744941877.936000
1744941878.236610
1744941878.537115
1744941878.838478
1744941879.139097
1744941879.439715
1744941879.740388
1744941880.041077
1744941880.347272
1744941880.654853
1744941880.955548
1744941881.256286
1744941881.557035
1744941881.857858
1744941882.159050
1744941882.459770
1744941882.760532
1744941883.061186
1744941883.361678
1744941883.662956
1744941883.963538
1744941884.264988
1744941884.565888
1744941884.867844
1744941885.168444
1744941885.469099
1744941885.769727
1744941886.070475
1744941886.371716
1744941886.672435
1744941886.973248
1744941887.273863
1744941887.574559
1744941887.875179
1744941888.176044
1744941888.476687
1744941888.777248
1744941889.077908
1744941889.379277
1744941889.679870
1744941889.980545
1744941890.281103
1744941890.581708
1744941890.882528
1744941891.183309
1744941891.484099
1744941891.784807
1744941892.085425
1744941892.386028
1744941892.686866
1744941892.987988
1744941893.288805
1744941893.590406
1744941893.891088
1744941894.191767
1744941894.492607
1744941894.793722
1744941895.094420
1744941895.394962
1744941895.695894
1744941895.996558
1744941896.297468
1744941896.598280
1744941896.899837
1744941897.200434
1744941897.501239
1744941897.801849
1744941898.102905
1744941898.403404
1744941898.704056
1744941899.004680
1744941899.305608
1744941899.606297
1744941899.907425
1744941900.208076
1744941900.508917
1744941900.809585
1744941901.110193
1744941901.410938
1744941901.711531
1744941902.012111
1744941902.313208
1744941902.613788
1744941902.914894
1744941903.215563
1744941903.517089
1744941903.817757
1744941904.118932
1744941904.419714
1744941904.720393
1744941905.021177
1744941905.322071
1744941905.622939
1744941905.923643
1744941906.224683
1744941906.525524
1744941906.826237
1744941907.126887
1744941907.427505
1744941907.728694
1744941908.029623
1744941908.330253
1744941908.631081
1744941908.931838
1744941909.232482
1744941909.533144
1744941909.833848
1744941910.136567
1744941910.437096
1744941910.737733
1744941911.038355
1744941911.338853
1744941911.639437
1744941911.940123
1744941912.240736
1744941912.541431
1744941912.842026
1744941913.142661
1744941913.443253
1744941913.743867
1744941914.044369
1744941914.344961
1744941914.645606
1744941914.946237
1744941915.246825
1744941915.547985
1744941915.849084
1744941916.149780
1744941916.450526
1744941916.751500
1744941917.051986
1744941917.352565
1744941917.653098
1744941917.953743
1744941918.254658
1744941918.555557
1744941918.856637
1744941919.157262
1744941919.457865
1744941919.759223
1744941920.060561
1744941920.361497
1744941920.663218
1744941920.964718
1744941921.265376
1744941921.566030
1744941921.866741
1744941922.167347
1744941922.468023
1744941922.768643
1744941923.069243
1744941923.370024
1744941923.670629
1744941923.971440
1744941924.272080
1744941924.572599
1744941924.873106
1744941925.173895
1744941925.474589
1744941925.775300
1744941926.083599
1744941926.384203
1744941926.684866
1744941926.985400
1744941927.286185
1744941927.586788
1744941927.887455
1744941928.188179
