1744941869.861105 1744941870.061589 200.4840
1744941870.161890 1744941870.362330 200.4399
1744941870.462537 1744941870.668167 205.6301
1744941870.775330 1744941870.975911 200.5808
1744941871.077093 1744941871.284658 207.5651
1744941871.390652 1744941871.592930 202.2781
1744941871.693283 1744941871.893841 200.5579
1744941871.994259 1744941872.197003 202.7438
1744941872.301506 1744941872.504006 202.4999
1744941872.604223 1744941872.805444 201.2210
1744941872.905653 1744941873.106081 200.4280
1744941873.206304 1744941873.406683 200.3789
1744941873.506896 1744941873.712034 205.1380
1744941873.818466 1744941874.018958 200.4921
1744941874.119162 1744941874.322843 203.6810
1744941874.423257 1744941874.623710 200.4528
1744941874.725580 1744941874.926593 201.0131
1744941875.026802 1744941875.227178 200.3760
1744941875.327395 1744941875.527840 200.4449
1744941875.628327 1744941875.828658 200.3312
1744941875.928867 1744941876.129241 200.3739
1744941876.229440 1744941876.431182 201.7419
1744941876.531383 1744941876.733426 202.0431
1744941876.833641 1744941877.034179 200.5379
1744941877.134581 1744941877.334948 200.3670
1744941877.435164 1744941877.635533 200.3691
1744941877.735737 1744941877.936000 200.2630
1744941878.036374 1744941878.236610 200.2358
1744941878.336840 1744941878.537115 200.2752
1744941878.637326 1744941878.838478 201.1521
1744941878.938725 1744941879.139097 200.3720
1744941879.239288 1744941879.439715 200.4268
1744941879.539957 1744941879.740388 200.4309
1744941879.840695 1744941880.041077 200.3820
1744941880.141294 1744941880.347272 205.9779
1744941880.454020 1744941880.654853 200.8331
1744941880.755141 1744941880.955548 200.4070
1744941881.055782 1744941881.256286 200.5038
1744941881.356535 1744941881.557035 200.5000
1744941881.657337 1744941881.857858 200.5210
1744941881.958115 1744941882.159050 200.9349
1744941882.259345 1744941882.459770 200.4249
1744941882.560056 1744941882.760532 200.4759
1744941882.860759 1744941883.061186 200.4271
1744941883.161448 1744941883.361678 200.2299
1744941883.461901 1744941883.662956 201.0550
1744941883.763293 1744941883.963538 200.2449
1744941884.064589 1744941884.264988 200.3989
1744941884.365492 1744941884.565888 200.3958
1744941884.666117 1744941884.867844 201.7272
1744941884.968027 1744941885.168444 200.4168
1744941885.268734 1744941885.469099 200.3651
1744941885.569304 1744941885.769727 200.4230
1744941885.869952 1744941886.070475 200.5231
1744941886.170864 1744941886.371716 200.8519
1744941886.471925 1744941886.672435 200.5100
1744941886.772699 1744941886.973248 200.5489
1744941887.073479 1744941887.273863 200.3841
1744941887.374187 1744941887.574559 200.3720
1744941887.674829 1744941887.875179 200.3500
1744941887.975633 1744941888.176044 200.4111
1744941888.276279 1744941888.476687 200.4080
1744941888.576887 1744941888.777248 200.3610
1744941888.877454 1744941889.077908 200.4540
1744941889.178887 1744941889.379277 200.3901
1744941889.479484 1744941889.679870 200.3858
1744941889.780161 1744941889.980545 200.3841
1744941890.080795 1744941890.281103 200.3078
1744941890.381312 1744941890.581708 200.3961
1744941890.682009 1744941890.882528 200.5191
1744941890.983038 1744941891.183309 200.2711
1744941891.283634 1744941891.484099 200.4650
1744941891.584424 1744941891.784807 200.3829
1744941891.885049 1744941892.085425 200.3758
1744941892.185637 1744941892.386028 200.3911
1744941892.486413 1744941892.686866 200.4530
1744941892.787180 1744941892.987988 200.8080
1744941893.088402 1744941893.288805 200.4030
1744941893.389987 1744941893.590406 200.4189
1744941893.690652 1744941893.891088 200.4361
1744941893.991330 1744941894.191767 200.4371
1744941894.292024 1744941894.492607 200.5832
1744941894.592868 1744941894.793722 200.8538
1744941894.893959 1744941895.094420 200.4609
1744941895.194629 1744941895.394962 200.3331
1744941895.495391 1744941895.695894 200.5031
1744941895.796185 1744941895.996558 200.3729
1744941896.097074 1744941896.297468 200.3939
1744941896.397692 1744941896.598280 200.5880
1744941896.699447 1744941896.899837 200.3901
1744941897.000040 1744941897.200434 200.3939
1744941897.300678 1744941897.501239 200.5610
1744941897.601491 1744941897.801849 200.3579
1744941897.902056 1744941898.102905 200.8491
1744941898.203134 1744941898.403404 200.2699
1744941898.503647 1744941898.704056 200.4089
1744941898.804290 1744941899.004680 200.3899
1744941899.104909 1744941899.305608 200.6991
1744941899.405891 1744941899.606297 200.4061
1744941899.706842 1744941899.907425 200.5830
1744941900.007697 1744941900.208076 200.3789
1744941900.308298 1744941900.508917 200.6190
1744941900.609125 1744941900.809585 200.4602
1744941900.909817 1744941901.110193 200.3760
1744941901.210440 1744941901.410938 200.4981
1744941901.511154 1744941901.711531 200.3770
1744941901.811745 1744941902.012111 200.3660
1744941902.112895 1744941902.313208 200.3131
1744941902.413405 1744941902.613788 200.3829
1744941902.714017 1744941902.914894 200.8772
1744941903.015165 1744941903.215563 200.3980
1744941903.316691 1744941903.517089 200.3980
1744941903.617319 1744941903.817757 200.4378
1744941903.918484 1744941904.118932 200.4480
1744941904.219361 1744941904.419714 200.3529
1744941904.519956 1744941904.720393 200.4368
1744941904.820636 1744941905.021177 200.5410
1744941905.121650 1744941905.322071 200.4211
1744941905.422502 1744941905.622939 200.4371
1744941905.723202 1744941905.923643 200.4411
1744941906.024230 1744941906.224683 200.4530
1744941906.325019 1744941906.525524 200.5050
1744941906.625734 1744941906.826237 200.5029
1744941906.926447 1744941907.126887 200.4402
1744941907.227158 1744941907.427505 200.3469
1744941907.527804 1744941907.728694 200.8901
1744941907.829111 1744941908.029623 200.5119
1744941908.129855 1744941908.330253 200.3980
1744941908.430598 1744941908.631081 200.4831
1744941908.731332 1744941908.931838 200.5060
1744941909.032054 1744941909.232482 200.4280
1744941909.332741 1744941909.533144 200.4030
1744941909.633389 1744941909.833848 200.4590
1744941909.936155 1744941910.136567 200.4120
1744941910.236788 1744941910.437096 200.3081
1744941910.537353 1744941910.737733 200.3798
1744941910.837929 1744941911.038355 200.4261
1744941911.138580 1744941911.338853 200.2728
1744941911.439031 1744941911.639437 200.4061
1744941911.739728 1744941911.940123 200.3951
1744941912.040333 1744941912.240736 200.4030
1744941912.341041 1744941912.541431 200.3899
1744941912.641644 1744941912.842026 200.3820
1744941912.942234 1744941913.142661 200.4271
1744941913.242893 1744941913.443253 200.3601
1744941913.543483 1744941913.743867 200.3839
1744941913.844103 1744941914.044369 200.2659
1744941914.144591 1744941914.344961 200.3698
1744941914.445188 1744941914.645606 200.4180
1744941914.745862 1744941914.946237 200.3751
1744941915.046494 1744941915.246825 200.3310
1744941915.347699 1744941915.547985 200.2861
1744941915.648544 1744941915.849084 200.5398
1744941915.949292 1744941916.149780 200.4881
1744941916.250015 1744941916.450526 200.5110
1744941916.551145 1744941916.751500 200.3548
1744941916.851713 1744941917.051986 200.2730
1744941917.152174 1744941917.352565 200.3911
1744941917.452750 1744941917.653098 200.3481
1744941917.753262 1744941917.953743 200.4809
1744941918.054004 1744941918.254658 200.6540
1744941918.355043 1744941918.555557 200.5141
1744941918.656018 1744941918.856637 200.6190
1744941918.956868 1744941919.157262 200.3942
1744941919.257587 1744941919.457865 200.2780
1744941919.558109 1744941919.759223 201.1139
1744941919.860157 1744941920.060561 200.4039
1744941920.160858 1744941920.361497 200.6390
1744941920.461726 1744941920.663218 201.4921
1744941920.764317 1744941920.964718 200.4011
1744941921.064940 1744941921.265376 200.4361
1744941921.365601 1744941921.566030 200.4290
1744941921.666300 1744941921.866741 200.4409
1744941921.966971 1744941922.167347 200.3760
1744941922.267612 1744941922.468023 200.4111
1744941922.568260 1744941922.768643 200.3829
1744941922.868923 1744941923.069243 200.3200
1744941923.169584 1744941923.370024 200.4399
1744941923.470236 1744941923.670629 200.3930
1744941923.770915 1744941923.971440 200.5250
1744941924.071665 1744941924.272080 200.4149
1744941924.372351 1744941924.572599 200.2480
1744941924.672737 1744941924.873106 200.3691
1744941924.973363 1744941925.173895 200.5320
1744941925.274187 1744941925.474589 200.4020
1744941925.574854 1744941925.775300 200.4461
1744941925.875635 1744941926.083599 207.9642
1744941926.183815 1744941926.384203 200.3880
1744941926.484408 1744941926.684866 200.4580
1744941926.785073 1744941926.985400 200.3269
1744941927.085603 1744941927.286185 200.5820
1744941927.386397 1744941927.586788 200.3911
1744941927.687007 1744941927.887455 200.4480
1744941927.987705 1744941928.188179 200.4740
