1744941869.861105
1744941870.161890
1744941870.462537
1744941870.775330
1744941871.077093
1744941871.390652
1744941871.693283
1744941871.994259
1744941872.301506
1744941872.604223
1744941872.905653
1744941873.206304
1744941873.506896
1744941873.818466
1744941874.119162
1744941874.423257
1744941874.725580
1744941875.026802
1744941875.327395
1744941875.628327
1744941875.928867
1744941876.229440
1744941876.531383
1744941876.833641
1744941877.134581
1744941877.435164
1744941877.735737
1744941878.036374
1744941878.336840
1744941878.637326
1744941878.938725
1744941879.239288
1744941879.539957
1744941879.840695
1744941880.141294
1744941880.454020
1744941880.755141
1744941881.055782
1744941881.356535
1744941881.657337
1744941881.958115
1744941882.259345
1744941882.560056
1744941882.860759
1744941883.161448
1744941883.461901
1744941883.763293
1744941884.064589
1744941884.365492
1744941884.666117
1744941884.968027
1744941885.268734
1744941885.569304
1744941885.869952
1744941886.170864
1744941886.471925
1744941886.772699
1744941887.073479
1744941887.374187
1744941887.674829
1744941887.975633
1744941888.276279
1744941888.576887
1744941888.877454
1744941889.178887
1744941889.479484
1744941889.780161
1744941890.080795
1744941890.381312
1744941890.682009
1744941890.983038
1744941891.283634
1744941891.584424
1744941891.885049
1744941892.185637
1744941892.486413
1744941892.787180
1744941893.088402
1744941893.389987
1744941893.690652
1744941893.991330
1744941894.292024
1744941894.592868
1744941894.893959
1744941895.194629
1744941895.495391
1744941895.796185
1744941896.097074
1744941896.397692
1744941896.699447
1744941897.000040
1744941897.300678
1744941897.601491
1744941897.902056
1744941898.203134
1744941898.503647
1744941898.804290
1744941899.104909
1744941899.405891
1744941899.706842
1744941900.007697
1744941900.308298
1744941900.609125
1744941900.909817
1744941901.210440
1744941901.511154
1744941901.811745
1744941902.112895
1744941902.413405
1744941902.714017
1744941903.015165
1744941903.316691
1744941903.617319
1744941903.918484
1744941904.219361
1744941904.519956
1744941904.820636
1744941905.121650
1744941905.422502
1744941905.723202
1744941906.024230
1744941906.325019
1744941906.625734
1744941906.926447
1744941907.227158
1744941907.527804
1744941907.829111
1744941908.129855
1744941908.430598
1744941908.731332
1744941909.032054
1744941909.332741
1744941909.633389
1744941909.936155
1744941910.236788
1744941910.537353
1744941910.837929
1744941911.138580
1744941911.439031
1744941911.739728
1744941912.040333
1744941912.341041
1744941912.641644
1744941912.942234
1744941913.242893
1744941913.543483
1744941913.844103
1744941914.144591
1744941914.445188
1744941914.745862
1744941915.046494
1744941915.347699
1744941915.648544
1744941915.949292
1744941916.250015
1744941916.551145
1744941916.851713
1744941917.152174
1744941917.452750
1744941917.753262
1744941918.054004
1744941918.355043
1744941918.656018
1744941918.956868
1744941919.257587
1744941919.558109
1744941919.860157
1744941920.160858
1744941920.461726
1744941920.764317
1744941921.064940
1744941921.365601
1744941921.666300
1744941921.966971
1744941922.267612
1744941922.568260
1744941922.868923
1744941923.169584
1744941923.470236
1744941923.770915
1744941924.071665
1744941924.372351
1744941924.672737
1744941924.973363
1744941925.274187
1744941925.574854
1744941925.875635
1744941926.183815
1744941926.484408
1744941926.785073
1744941927.085603
1744941927.386397
1744941927.687007
1744941927.987705
1744941928.289305
