1744941603.144432
1744941603.446505
1744941603.749453
1744941604.051658
1744941604.352237
1744941604.652840
1744941604.953431
1744941605.254935
1744941605.555656
1744941605.856305
1744941606.156991
1744941606.458115
1744941606.758785
1744941607.059483
1744941607.360239
1744941607.661002
1744941607.961617
1744941608.262226
1744941608.562958
1744941608.863564
1744941609.164339
1744941609.465094
1744941609.765713
1744941610.066415
1744941610.366962
1744941610.667639
1744941610.969128
1744941611.269748
1744941611.570475
1744941611.871127
1744941612.171726
1744941612.472758
1744941612.774216
1744941613.074972
1744941613.375977
1744941613.676664
1744941613.977292
1744941614.277926
1744941614.578993
1744941614.879807
1744941615.180511
1744941615.481085
1744941615.781863
1744941616.082579
1744941616.383452
1744941616.684862
1744941616.985945
1744941617.286538
1744941617.587263
1744941617.888054
1744941618.188846
1744941618.489752
1744941618.790334
1744941619.091112
1744941619.391970
1744941619.692712
1744941619.993604
1744941620.294761
1744941620.595411
1744941620.897894
1744941621.198514
1744941621.499531
1744941621.801104
1744941622.102070
1744941622.403482
1744941622.704182
1744941623.005035
1744941623.305716
1744941623.606468
1744941623.907198
1744941624.207831
1744941624.508458
1744941624.809572
1744941625.110618
1744941625.411571
1744941625.715372
1744941626.016027
1744941626.317068
1744941626.618191
1744941626.919156
1744941627.219693
1744941627.521475
1744941627.822162
1744941628.122877
1744941628.423409
1744941628.724018
1744941629.025770
1744941629.327252
1744941629.627893
1744941629.928537
1744941630.230737
1744941630.534178
1744941630.841204
1744941631.142335
1744941631.444425
1744941631.751656
1744941632.057698
1744941632.359899
1744941632.665941
1744941632.968550
1744941633.276847
1744941633.583088
1744941633.885800
1744941634.188736
1744941634.489481
1744941634.790345
1744941635.094076
1744941635.400800
1744941635.703585
1744941636.006308
1744941636.306835
1744941636.607419
1744941636.908023
1744941637.216963
1744941637.517712
1744941637.820035
1744941638.135857
1744941638.436812
1744941638.737718
1744941639.039643
1744941639.340156
1744941639.640711
1744941639.941446
1744941640.248001
1744941640.550152
1744941640.850888
1744941641.151704
1744941641.452343
1744941641.758970
1744941642.059583
1744941642.360521
1744941642.663453
1744941642.971390
1744941643.272018
1744941643.573191
1744941643.877996
1744941644.180707
1744941644.481435
1744941644.782270
1744941645.085222
1744941645.388038
1744941645.688835
1744941645.989979
1744941646.290584
1744941646.592004
1744941646.892564
1744941647.193272
1744941647.493884
1744941647.802641
1744941648.103248
1744941648.403939
1744941648.714533
1744941649.016055
1744941649.318391
1744941649.619112
1744941649.924255
1744941650.232421
1744941650.537325
1744941650.839356
1744941651.142542
1744941651.449097
1744941651.757893
1744941652.058444
1744941652.359419
1744941652.661438
1744941652.962081
1744941653.264307
1744941653.566896
1744941653.867521
1744941654.168541
1744941654.469102
1744941654.770901
1744941655.072618
1744941655.373188
1744941655.675932
1744941655.976462
1744941656.277153
1744941656.577754
1744941656.881390
1744941657.182166
1744941657.483341
1744941657.784040
1744941658.091095
1744941658.399962
1744941658.702474
1744941659.006141
1744941659.307587
1744941659.608194
1744941659.908799
1744941660.209467
1744941660.510062
1744941660.815778
1744941661.124573
1744941661.440987
