1744941602.943920 1744941603.144432 200.5122
1744941603.246013 1744941603.446505 200.4921
1744941603.546738 1744941603.749453 202.7152
1744941603.851167 1744941604.051658 200.4910
1744941604.151877 1744941604.352237 200.3601
1744941604.452450 1744941604.652840 200.3899
1744941604.753048 1744941604.953431 200.3829
1744941605.053617 1744941605.254935 201.3180
1744941605.355178 1744941605.555656 200.4778
1744941605.655873 1744941605.856305 200.4318
1744941605.956538 1744941606.156991 200.4530
1744941606.257601 1744941606.458115 200.5141
1744941606.558390 1744941606.758785 200.3951
1744941606.859113 1744941607.059483 200.3701
1744941607.159808 1744941607.360239 200.4311
1744941607.460589 1744941607.661002 200.4130
1744941607.761247 1744941607.961617 200.3701
1744941608.061846 1744941608.262226 200.3801
1744941608.362495 1744941608.562958 200.4631
1744941608.663169 1744941608.863564 200.3951
1744941608.963773 1744941609.164339 200.5661
1744941609.264664 1744941609.465094 200.4302
1744941609.565306 1744941609.765713 200.4070
1744941609.866005 1744941610.066415 200.4101
1744941610.166631 1744941610.366962 200.3310
1744941610.467235 1744941610.667639 200.4039
1744941610.768485 1744941610.969128 200.6428
1744941611.069306 1744941611.269748 200.4421
1744941611.370004 1744941611.570475 200.4712
1744941611.670731 1744941611.871127 200.3958
1744941611.971341 1744941612.171726 200.3851
1744941612.272374 1744941612.472758 200.3841
1744941612.573567 1744941612.774216 200.6490
1744941612.874545 1744941613.074972 200.4268
1744941613.175167 1744941613.375977 200.8100
1744941613.476189 1744941613.676664 200.4752
1744941613.776885 1744941613.977292 200.4070
1744941614.077538 1744941614.277926 200.3880
1744941614.378136 1744941614.578993 200.8572
1744941614.679398 1744941614.879807 200.4089
1744941614.980114 1744941615.180511 200.3970
1744941615.280755 1744941615.481085 200.3300
1744941615.581479 1744941615.781863 200.3839
1744941615.882128 1744941616.082579 200.4509
1744941616.182914 1744941616.383452 200.5379
1744941616.483761 1744941616.684862 201.1008
1744941616.785539 1744941616.985945 200.4061
1744941617.086147 1744941617.286538 200.3908
1744941617.386867 1744941617.587263 200.3961
1744941617.687507 1744941617.888054 200.5470
1744941617.988344 1744941618.188846 200.5022
1744941618.289341 1744941618.489752 200.4111
1744941618.590057 1744941618.790334 200.2771
1744941618.890635 1744941619.091112 200.4769
1744941619.191421 1744941619.391970 200.5489
1744941619.492173 1744941619.692712 200.5391
1744941619.792928 1744941619.993604 200.6760
1744941620.093887 1744941620.294761 200.8739
1744941620.394993 1744941620.595411 200.4180
1744941620.697415 1744941620.897894 200.4788
1744941620.998109 1744941621.198514 200.4049
1744941621.298757 1744941621.499531 200.7740
1744941621.599758 1744941621.801104 201.3462
1744941621.901458 1744941622.102070 200.6121
1744941622.203240 1744941622.403482 200.2420
1744941622.503724 1744941622.704182 200.4578
1744941622.804463 1744941623.005035 200.5720
1744941623.105328 1744941623.305716 200.3880
1744941623.406062 1744941623.606468 200.4061
1744941623.706675 1744941623.907198 200.5229
1744941624.007416 1744941624.207831 200.4149
1744941624.308054 1744941624.508458 200.4039
1744941624.609097 1744941624.809572 200.4750
1744941624.910226 1744941625.110618 200.3920
1744941625.211173 1744941625.411571 200.3980
1744941625.514990 1744941625.715372 200.3820
1744941625.815590 1744941626.016027 200.4371
1744941626.116300 1744941626.317068 200.7680
1744941626.417491 1744941626.618191 200.7000
1744941626.718749 1744941626.919156 200.4070
1744941627.019393 1744941627.219693 200.3000
1744941627.320211 1744941627.521475 201.2641
1744941627.621761 1744941627.822162 200.4008
1744941627.922467 1744941628.122877 200.4099
1744941628.223096 1744941628.423409 200.3131
1744941628.523637 1744941628.724018 200.3810
1744941628.824227 1744941629.025770 201.5429
1744941629.126150 1744941629.327252 201.1020
1744941629.427539 1744941629.627893 200.3539
1744941629.728140 1744941629.928537 200.3968
1744941630.029637 1744941630.230737 201.0999
1744941630.331788 1744941630.534178 202.3900
1744941630.640615 1744941630.841204 200.5889
1744941630.941559 1744941631.142335 200.7759
1744941631.243344 1744941631.444425 201.0810
1744941631.545994 1744941631.751656 205.6620
1744941631.856772 1744941632.057698 200.9261
1744941632.158374 1744941632.359899 201.5250
1744941632.461636 1744941632.665941 204.3049
1744941632.766170 1744941632.968550 202.3799
1744941633.068793 1744941633.276847 208.0538
1744941633.377077 1744941633.583088 206.0108
1744941633.684876 1744941633.885800 200.9239
1744941633.987504 1744941634.188736 201.2320
1744941634.289072 1744941634.489481 200.4089
1744941634.589966 1744941634.790345 200.3789
1744941634.890587 1744941635.094076 203.4888
1744941635.200305 1744941635.400800 200.4950
1744941635.501032 1744941635.703585 202.5528
1744941635.803908 1744941636.006308 202.4000
1744941636.106519 1744941636.306835 200.3160
1744941636.407037 1744941636.607419 200.3820
1744941636.707625 1744941636.908023 200.3982
1744941637.016232 1744941637.216963 200.7310
1744941637.317322 1744941637.517712 200.3901
1744941637.617958 1744941637.820035 202.0769
1744941637.925821 1744941638.135857 210.0360
1744941638.236111 1744941638.436812 200.7010
1744941638.537275 1744941638.737718 200.4430
1744941638.838779 1744941639.039643 200.8641
1744941639.139891 1744941639.340156 200.2652
1744941639.440381 1744941639.640711 200.3300
1744941639.741037 1744941639.941446 200.4092
1744941640.047569 1744941640.248001 200.4321
1744941640.349750 1744941640.550152 200.4020
1744941640.650403 1744941640.850888 200.4850
1744941640.951287 1744941641.151704 200.4170
1744941641.251936 1744941641.452343 200.4070
1744941641.558508 1744941641.758970 200.4621
1744941641.859191 1744941642.059583 200.3920
1744941642.160042 1744941642.360521 200.4790
1744941642.460702 1744941642.663453 202.7512
1744941642.769390 1744941642.971390 201.9999
1744941643.071617 1744941643.272018 200.4011
1744941643.372233 1744941643.573191 200.9580
1744941643.677474 1744941643.877996 200.5219
1744941643.978667 1744941644.180707 202.0400
1744941644.281048 1744941644.481435 200.3870
1744941644.581640 1744941644.782270 200.6299
1744941644.883722 1744941645.085222 201.4999
1744941645.187540 1744941645.388038 200.4979
1744941645.488343 1744941645.688835 200.4919
1744941645.789022 1744941645.989979 200.9571
1744941646.090203 1744941646.290584 200.3810
1744941646.391518 1744941646.592004 200.4859
1744941646.692198 1744941646.892564 200.3660
1744941646.992786 1744941647.193272 200.4862
1744941647.293493 1744941647.493884 200.3911
1744941647.601147 1744941647.802641 201.4940
1744941647.902857 1744941648.103248 200.3908
1744941648.203546 1744941648.403939 200.3930
1744941648.504166 1744941648.714533 210.3672
1744941648.815787 1744941649.016055 200.2680
1744941649.116320 1744941649.318391 202.0712
1744941649.418680 1744941649.619112 200.4321
1744941649.721904 1744941649.924255 202.3509
1744941650.028246 1744941650.232421 204.1750
1744941650.334867 1744941650.537325 202.4579
1744941650.638855 1744941650.839356 200.5010
1744941650.939634 1744941651.142542 202.9078
1744941651.243341 1744941651.449097 205.7559
1744941651.556325 1744941651.757893 201.5681
1744941651.858050 1744941652.058444 200.3939
1744941652.158721 1744941652.359419 200.6981
1744941652.460690 1744941652.661438 200.7480
1744941652.761656 1744941652.962081 200.4249
1744941653.063904 1744941653.264307 200.4030
1744941653.364515 1744941653.566896 202.3809
1744941653.667110 1744941653.867521 200.4111
1744941653.968158 1744941654.168541 200.3829
1744941654.268759 1744941654.469102 200.3429
1744941654.569361 1744941654.770901 201.5400
1744941654.872179 1744941655.072618 200.4390
1744941655.172935 1744941655.373188 200.2530
1744941655.473488 1744941655.675932 202.4438
1744941655.776131 1744941655.976462 200.3310
1744941656.076658 1744941656.277153 200.4950
1744941656.377372 1744941656.577754 200.3820
1744941656.677982 1744941656.881390 203.4080
1744941656.981799 1744941657.182166 200.3672
1744941657.282846 1744941657.483341 200.4950
1744941657.583571 1744941657.784040 200.4690
1744941657.884509 1744941658.091095 206.5859
1744941658.197755 1744941658.399962 202.2069
1744941658.500746 1744941658.702474 201.7281
1744941658.803800 1744941659.006141 202.3408
1744941659.107139 1744941659.307587 200.4478
1744941659.407812 1744941659.608194 200.3820
1744941659.708415 1744941659.908799 200.3839
1744941660.009066 1744941660.209467 200.4008
1744941660.309683 1744941660.510062 200.3789
1744941660.610264 1744941660.815778 205.5140
1744941660.917580 1744941661.124573 206.9931
1744941661.224902 1744941661.440987 216.0852
