1744941602.943920
1744941603.246013
1744941603.546738
1744941603.851167
1744941604.151877
1744941604.452450
1744941604.753048
1744941605.053617
1744941605.355178
1744941605.655873
1744941605.956538
1744941606.257601
1744941606.558390
1744941606.859113
1744941607.159808
1744941607.460589
1744941607.761247
1744941608.061846
1744941608.362495
1744941608.663169
1744941608.963773
1744941609.264664
1744941609.565306
1744941609.866005
1744941610.166631
1744941610.467235
1744941610.768485
1744941611.069306
1744941611.370004
1744941611.670731
1744941611.971341
1744941612.272374
1744941612.573567
1744941612.874545
1744941613.175167
1744941613.476189
1744941613.776885
1744941614.077538
1744941614.378136
1744941614.679398
1744941614.980114
1744941615.280755
1744941615.581479
1744941615.882128
1744941616.182914
1744941616.483761
1744941616.785539
1744941617.086147
1744941617.386867
1744941617.687507
1744941617.988344
1744941618.289341
1744941618.590057
1744941618.890635
1744941619.191421
1744941619.492173
1744941619.792928
1744941620.093887
1744941620.394993
1744941620.697415
1744941620.998109
1744941621.298757
1744941621.599758
1744941621.901458
1744941622.203240
1744941622.503724
1744941622.804463
1744941623.105328
1744941623.406062
1744941623.706675
1744941624.007416
1744941624.308054
1744941624.609097
1744941624.910226
1744941625.211173
1744941625.514990
1744941625.815590
1744941626.116300
1744941626.417491
1744941626.718749
1744941627.019393
1744941627.320211
1744941627.621761
1744941627.922467
1744941628.223096
1744941628.523637
1744941628.824227
1744941629.126150
1744941629.427539
1744941629.728140
1744941630.029637
1744941630.331788
1744941630.640615
1744941630.941559
1744941631.243344
1744941631.545994
1744941631.856772
1744941632.158374
1744941632.461636
1744941632.766170
1744941633.068793
1744941633.377077
1744941633.684876
1744941633.987504
1744941634.289072
1744941634.589966
1744941634.890587
1744941635.200305
1744941635.501032
1744941635.803908
1744941636.106519
1744941636.407037
1744941636.707625
1744941637.016232
1744941637.317322
1744941637.617958
1744941637.925821
1744941638.236111
1744941638.537275
1744941638.838779
1744941639.139891
1744941639.440381
1744941639.741037
1744941640.047569
1744941640.349750
1744941640.650403
1744941640.951287
1744941641.251936
1744941641.558508
1744941641.859191
1744941642.160042
1744941642.460702
1744941642.769390
1744941643.071617
1744941643.372233
1744941643.677474
1744941643.978667
1744941644.281048
1744941644.581640
1744941644.883722
1744941645.187540
1744941645.488343
1744941645.789022
1744941646.090203
1744941646.391518
1744941646.692198
1744941646.992786
1744941647.293493
1744941647.601147
1744941647.902857
1744941648.203546
1744941648.504166
1744941648.815787
1744941649.116320
1744941649.418680
1744941649.721904
1744941650.028246
1744941650.334867
1744941650.638855
1744941650.939634
1744941651.243341
1744941651.556325
1744941651.858050
1744941652.158721
1744941652.460690
1744941652.761656
1744941653.063904
1744941653.364515
1744941653.667110
1744941653.968158
1744941654.268759
1744941654.569361
1744941654.872179
1744941655.172935
1744941655.473488
1744941655.776131
1744941656.076658
1744941656.377372
1744941656.677982
1744941656.981799
1744941657.282846
1744941657.583571
1744941657.884509
1744941658.197755
1744941658.500746
1744941658.803800
1744941659.107139
1744941659.407812
1744941659.708415
1744941660.009066
1744941660.309683
1744941660.610264
1744941660.917580
1744941661.224902
