1744940958.025064
1744940958.133680
1744940958.242141
1744940958.350677
1744940958.459679
1744940958.568229
1744940958.678748
1744940958.787270
1744940958.897246
1744940959.007059
1744940959.115593
1744940959.224160
1744940959.333520
1744940959.442227
1744940959.550666
1744940959.659828
1744940959.768559
1744940959.878004
1744940959.986446
1744940960.095259
1744940960.203880
1744940960.312489
1744940960.421066
1744940960.529830
1744940960.638614
1744940960.747186
1744940960.855777
1744940960.964440
1744940961.073278
1744940961.182083
1744940961.290617
1744940961.399248
1744940961.507881
1744940961.616567
1744940961.725204
1744940961.833803
1744940961.942421
1744940962.051033
1744940962.159596
1744940962.268320
1744940962.376955
1744940962.485560
1744940962.594068
1744940962.703357
1744940962.811878
1744940962.920461
1744940963.029100
1744940963.137826
1744940963.246487
1744940963.355065
1744940963.463643
1744940963.572225
1744940963.681050
1744940963.789917
1744940963.898531
1744940964.007182
1744940964.115990
1744940964.224540
1744940964.333099
1744940964.441742
1744940964.550288
1744940964.658825
1744940964.767428
1744940964.876045
1744940964.984635
1744940965.093082
1744940965.201642
1744940965.310386
1744940965.419051
1744940965.527733
1744940965.636316
1744940965.744791
1744940965.853507
1744940965.962183
1744940966.070710
1744940966.179219
1744940966.287777
1744940966.396436
1744940966.505145
1744940966.613833
1744940966.722288
1744940966.831077
1744940966.939795
1744940967.048796
1744940967.157388
1744940967.266239
1744940967.375099
1744940967.483579
1744940967.601267
1744940967.709743
1744940967.818270
1744940967.926819
1744940968.035317
1744940968.143826
1744940968.252452
1744940968.361190
1744940968.469907
1744940968.578416
1744940968.686950
1744940968.795796
1744940968.904424
1744940969.013285
1744940969.121898
1744940969.230463
1744940969.339170
1744940969.447789
1744940969.556366
1744940969.664857
1744940969.773402
1744940969.882099
1744940969.990945
1744940970.099456
1744940970.208066
1744940970.316673
1744940970.425316
1744940970.533826
1744940970.642426
1744940970.751325
1744940970.859872
1744940970.968478
1744940971.077047
1744940971.187702
1744940971.296382
1744940971.404991
1744940971.513460
1744940971.622047
1744940971.730651
1744940971.839380
1744940971.948162
1744940972.056664
1744940972.165282
1744940972.273922
1744940972.382796
1744940972.491578
1744940972.600192
1744940972.708780
1744940972.817492
1744940972.925984
1744940973.034491
1744940973.143399
1744940973.252103
1744940973.360746
1744940973.469448
1744940973.577967
1744940973.686610
1744940973.795155
1744940973.903656
1744940974.012305
1744940974.120862
1744940974.229514
1744940974.338040
1744940974.446936
1744940974.555480
1744940974.663976
1744940974.772685
1744940974.881328
1744940974.989891
1744940975.098576
1744940975.207208
1744940975.315737
1744940975.424309
1744940975.532901
1744940975.641655
1744940975.750449
1744940975.858997
1744940975.967663
1744940976.076265
1744940976.184825
1744940976.293493
1744940976.401985
1744940976.510944
1744940976.619471
1744940976.728145
1744940976.836877
1744940976.945713
1744940977.054239
1744940977.162800
1744940977.271483
1744940977.380136
1744940977.488659
1744940977.597152
1744940977.705614
1744940977.814326
1744940977.922877
1744940978.031532
1744940978.140118
1744940978.249064
1744940978.357666
1744940978.466202
1744940978.575264
1744940978.684009
1744940978.792774
1744940978.901456
1744940979.010070
1744940979.118620
1744940979.227522
1744940979.336134
1744940979.444811
1744940979.553465
1744940979.661985
1744940979.770547
1744940979.879104
1744940979.987713
1744940980.096344
1744940980.204767
1744940980.313255
1744940980.421810
1744940980.530423
1744940980.639167
1744940980.747745
1744940980.856328
1744940980.964810
1744940981.073766
1744940981.182554
1744940981.291251
1744940981.399716
1744940981.508355
1744940981.617057
1744940981.725692
1744940981.834255
1744940981.942664
1744940982.051237
1744940982.159722
1744940982.268325
1744940982.376869
1744940982.485405
1744940982.594088
1744940982.702699
1744940982.811376
1744940982.919962
1744940983.028659
1744940983.137138
1744940983.245741
1744940983.354378
1744940983.462886
1744940983.571617
1744940983.680262
1744940983.788750
1744940983.897271
1744940984.005954
1744940984.114529
1744940984.223206
1744940984.331672
1744940984.440324
1744940984.548979
1744940984.657505
1744940984.766165
1744940984.874812
1744940984.983366
1744940985.092036
1744940985.200617
1744940985.309176
1744940985.417682
1744940985.526303
1744940985.634871
1744940985.743405
1744940985.851957
1744940985.960509
1744940986.069087
1744940986.177644
1744940986.286211
1744940986.394854
1744940986.504171
1744940986.612631
1744940986.721698
1744940986.830308
1744940986.938864
1744940987.047499
1744940987.156010
1744940987.264509
1744940987.373141
1744940987.482035
1744940987.590645
1744940987.699486
1744940987.808192
1744940987.916876
1744940988.025383
1744940988.133925
1744940988.242601
1744940988.351640
1744940988.460228
1744940988.568889
1744940988.677554
1744940988.786324
1744940988.894929
1744940989.003462
1744940989.112108
1744940989.220657
1744940989.329068
1744940989.437480
1744940989.546007
1744940989.654594
1744940989.763159
1744940989.871754
1744940989.980369
1744940990.088937
1744940990.197584
1744940990.306241
1744940990.415142
1744940990.524209
1744940990.632774
1744940990.743153
1744940990.851708
1744940990.960353
1744940991.068912
1744940991.177512
1744940991.286168
1744940991.394897
1744940991.503451
1744940991.612087
1744940991.720529
1744940991.829116
1744940991.937691
1744940992.046346
1744940992.155029
1744940992.263569
1744940992.372075
1744940992.481188
1744940992.589741
1744940992.698335
1744940992.806923
1744940992.915572
1744940993.024626
1744940993.133313
1744940993.241926
1744940993.350410
1744940993.458936
1744940993.567630
1744940993.676264
1744940993.784849
1744940993.893327
1744940994.001907
1744940994.110553
1744940994.219344
1744940994.327948
1744940994.436564
1744940994.545024
1744940994.654265
1744940994.762916
1744940994.871509
1744940994.979980
1744940995.088540
1744940995.197226
1744940995.305881
1744940995.414528
1744940995.523226
1744940995.631747
1744940995.740353
1744940995.849207
1744940995.957887
1744940996.066408
1744940996.175002
1744940996.283973
1744940996.392465
1744940996.501089
1744940996.609611
1744940996.719726
1744940996.828462
1744940996.937101
1744940997.045794
1744940997.154603
1744940997.263271
1744940997.371882
1744940997.480406
1744940997.588900
1744940997.697477
1744940997.806083
1744940997.914697
1744940998.023728
1744940998.132402
1744940998.241123
1744940998.349829
1744940998.458408
1744940998.567025
1744940998.675705
1744940998.784345
1744940998.893010
1744940999.001683
1744940999.110498
1744940999.219456
1744940999.328114
1744940999.436736
1744940999.545404
1744940999.653973
1744940999.762527
1744940999.870983
1744940999.979760
1744941000.088585
1744941000.197160
1744941000.305732
1744941000.414491
1744941000.523170
1744941000.631946
1744941000.740754
1744941000.849594
1744941000.958247
1744941001.067822
1744941001.176484
1744941001.285104
1744941001.394780
1744941001.503236
1744941001.611798
1744941001.722888
1744941001.831670
1744941001.940315
1744941002.049086
1744941002.157604
1744941002.266259
1744941002.374862
1744941002.483456
1744941002.591951
1744941002.700490
1744941002.809196
1744941002.917765
1744941003.026283
1744941003.134953
1744941003.243504
1744941003.352162
1744941003.460898
1744941003.569548
1744941003.678127
1744941003.786590
1744941003.895092
1744941004.003731
1744941004.112369
1744941004.223781
1744941004.332377
1744941004.441110
1744941004.549595
1744941004.658239
1744941004.767012
1744941004.875578
1744941004.984353
1744941005.092955
1744941005.201370
1744941005.309912
1744941005.418563
1744941005.527198
1744941005.636191
1744941005.744775
1744941005.853383
1744941005.961838
1744941006.070473
1744941006.178942
1744941006.287509
1744941006.396170
1744941006.504750
1744941006.613423
1744941006.722183
1744941006.834851
1744941006.943548
1744941007.052330
1744941007.160973
1744941007.269816
1744941007.378386
1744941007.487333
1744941007.595848
1744941007.704380
1744941007.813016
1744941007.921613
1744941008.030193
1744941008.138819
1744941008.247303
1744941008.355958
1744941008.464719
1744941008.573414
1744941008.681980
1744941008.790617
1744941008.899372
1744941009.008028
1744941009.116902
1744941009.225622
1744941009.334077
1744941009.442744
1744941009.551333
1744941009.660081
1744941009.768751
1744941009.877350
1744941009.986128
1744941010.094609
1744941010.203152
1744941010.312136
1744941010.420847
1744941010.529419
1744941010.638051
1744941010.746664
1744941010.855191
1744941010.963849
1744941011.072516
1744941011.181205
1744941011.289824
1744941011.398321
1744941011.507116
1744941011.615828
1744941011.724415
1744941011.833096
1744941011.941823
1744941012.050616
1744941012.159267
1744941012.267914
1744941012.376649
1744941012.485711
1744941012.594476
1744941012.703149
1744941012.811861
1744941012.920531
1744941013.029338
1744941013.137799
1744941013.246547
1744941013.355206
1744941013.463919
1744941013.572607
1744941013.681254
1744941013.790077
1744941013.898713
1744941014.007297
1744941014.116019
1744941014.224544
1744941014.333061
1744941014.442132
1744941014.550672
1744941014.659241
1744941014.767874
1744941014.876428
1744941014.985049
1744941015.093685
1744941015.202282
1744941015.310892
1744941015.419568
1744941015.528169
1744941015.637510
1744941015.746000
1744941015.854606
1744941015.963154
1744941016.071792
1744941016.180430
1744941016.288953
1744941016.397456
