1744940958.016539 1744940958.025064 8.5249
1744940958.125400 1744940958.133680 8.2800
1744940958.233881 1744940958.242141 8.2600
1744940958.342388 1744940958.350677 8.2891
1744940958.451295 1744940958.459679 8.3840
1744940958.559952 1744940958.568229 8.2769
1744940958.668529 1744940958.678748 10.2189
1744940958.778960 1744940958.787270 8.3101
1744940958.888534 1744940958.897246 8.7118
1744940958.998300 1744940959.007059 8.7590
1744940959.107256 1744940959.115593 8.3370
1744940959.215814 1744940959.224160 8.3458
1744940959.324355 1744940959.333520 9.1650
1744940959.433913 1744940959.442227 8.3139
1744940959.542436 1744940959.550666 8.2302
1744940959.651444 1744940959.659828 8.3840
1744940959.760151 1744940959.768559 8.4081
1744940959.868993 1744940959.878004 9.0110
1744940959.978218 1744940959.986446 8.2278
1744940960.086709 1744940960.095259 8.5499
1744940960.195578 1744940960.203880 8.3020
1744940960.304174 1744940960.312489 8.3151
1744940960.412674 1744940960.421066 8.3921
1744940960.521245 1744940960.529830 8.5850
1744940960.630293 1744940960.638614 8.3210
1744940960.738886 1744940960.747186 8.2998
1744940960.847460 1744940960.855777 8.3170
1744940960.956060 1744940960.964440 8.3802
1744940961.064672 1744940961.073278 8.6060
1744940961.173739 1744940961.182083 8.3439
1744940961.282383 1744940961.290617 8.2340
1744940961.390896 1744940961.399248 8.3518
1744940961.499561 1744940961.507881 8.3199
1744940961.608279 1744940961.616567 8.2879
1744940961.716837 1744940961.725204 8.3671
1744940961.825494 1744940961.833803 8.3089
1744940961.934090 1744940961.942421 8.3311
1744940962.042720 1744940962.051033 8.3129
1744940962.151298 1744940962.159596 8.2979
1744940962.259872 1744940962.268320 8.4481
1744940962.368641 1744940962.376955 8.3141
1744940962.477249 1744940962.485560 8.3110
1744940962.585714 1744940962.594068 8.3539
1744940962.694281 1744940962.703357 9.0759
1744940962.803650 1744940962.811878 8.2281
1744940962.912172 1744940962.920461 8.2889
1744940963.020786 1744940963.029100 8.3139
1744940963.129389 1744940963.137826 8.4369
1744940963.238185 1744940963.246487 8.3020
1744940963.346734 1744940963.355065 8.3311
1744940963.455299 1744940963.463643 8.3442
1744940963.563900 1744940963.572225 8.3251
1744940963.672428 1744940963.681050 8.6222
1744940963.781358 1744940963.789917 8.5590
1744940963.890231 1744940963.898531 8.3001
1744940963.998816 1744940964.007182 8.3659
1744940964.107534 1744940964.115990 8.4560
1744940964.216259 1744940964.224540 8.2810
1744940964.324829 1744940964.333099 8.2698
1744940964.433400 1744940964.441742 8.3420
1744940964.541960 1744940964.550288 8.3280
1744940964.650536 1744940964.658825 8.2889
1744940964.759118 1744940964.767428 8.3098
1744940964.867632 1744940964.876045 8.4131
1744940964.976317 1744940964.984635 8.3182
1744940965.084830 1744940965.093082 8.2519
1744940965.193315 1744940965.201642 8.3270
1744940965.302069 1744940965.310386 8.3170
1744940965.410716 1744940965.419051 8.3349
1744940965.519405 1744940965.527733 8.3282
1744940965.627987 1744940965.636316 8.3292
1744940965.736495 1744940965.744791 8.2960
1744940965.845126 1744940965.853507 8.3811
1744940965.953725 1744940965.962183 8.4579
1744940966.062371 1744940966.070710 8.3389
1744940966.170950 1744940966.179219 8.2691
1744940966.279410 1744940966.287777 8.3671
1744940966.388049 1744940966.396436 8.3871
1744940966.496697 1744940966.505145 8.4481
1744940966.605473 1744940966.613833 8.3599
1744940966.714014 1744940966.722288 8.2738
1744940966.822565 1744940966.831077 8.5120
1744940966.931360 1744940966.939795 8.4350
1744940967.040268 1744940967.048796 8.5280
1744940967.148989 1744940967.157388 8.3990
1744940967.257868 1744940967.266239 8.3709
1744940967.366508 1744940967.375099 8.5909
1744940967.475259 1744940967.483579 8.3199
1744940967.583880 1744940967.601267 17.3872
1744940967.701482 1744940967.709743 8.2610
1744940967.809988 1744940967.818270 8.2819
1744940967.918558 1744940967.926819 8.2612
1744940968.027035 1744940968.035317 8.2819
1744940968.135511 1744940968.143826 8.3151
1744940968.244097 1744940968.252452 8.3549
1744940968.352760 1744940968.361190 8.4300
1744940968.461389 1744940968.469907 8.5180
1744940968.570153 1744940968.578416 8.2631
1744940968.678718 1744940968.686950 8.2319
1744940968.787257 1744940968.795796 8.5390
1744940968.896091 1744940968.904424 8.3330
1744940969.004739 1744940969.013285 8.5459
1744940969.113580 1744940969.121898 8.3179
1744940969.222156 1744940969.230463 8.3070
1744940969.330756 1744940969.339170 8.4140
1744940969.439400 1744940969.447789 8.3890
1744940969.548053 1744940969.556366 8.3129
1744940969.656506 1744940969.664857 8.3508
1744940969.765046 1744940969.773402 8.3561
1744940969.873681 1744940969.882099 8.4178
1744940969.982387 1744940969.990945 8.5580
1744940970.091159 1744940970.099456 8.2970
1744940970.199730 1744940970.208066 8.3361
1744940970.308394 1744940970.316673 8.2791
1744940970.416892 1744940970.425316 8.4240
1744940970.525593 1744940970.533826 8.2331
1744940970.634087 1744940970.642426 8.3389
1744940970.742968 1744940970.751325 8.3568
1744940970.851644 1744940970.859872 8.2281
1744940970.960168 1744940970.968478 8.3101
1744940971.068692 1744940971.077047 8.3551
1744940971.177290 1744940971.187702 10.4120
1744940971.288018 1744940971.296382 8.3640
1744940971.396679 1744940971.404991 8.3120
1744940971.505163 1744940971.513460 8.2970
1744940971.613672 1744940971.622047 8.3749
1744940971.722336 1744940971.730651 8.3148
1744940971.830949 1744940971.839380 8.4310
1744940971.939732 1744940971.948162 8.4300
1744940972.048379 1744940972.056664 8.2850
1744940972.156978 1744940972.165282 8.3041
1744940972.265594 1744940972.273922 8.3280
1744940972.374462 1744940972.382796 8.3342
1744940972.483030 1744940972.491578 8.5480
1744940972.591860 1744940972.600192 8.3320
1744940972.700437 1744940972.708780 8.3430
1744940972.809136 1744940972.817492 8.3561
1744940972.917726 1744940972.925984 8.2579
1744940973.026179 1744940973.034491 8.3120
1744940973.134777 1744940973.143399 8.6219
1744940973.243710 1744940973.252103 8.3930
1744940973.352445 1744940973.360746 8.3010
1744940973.461159 1744940973.469448 8.2891
1744940973.569614 1744940973.577967 8.3530
1744940973.678289 1744940973.686610 8.3210
1744940973.786850 1744940973.795155 8.3051
1744940973.895375 1744940973.903656 8.2810
1744940974.003946 1744940974.012305 8.3590
1744940974.112507 1744940974.120862 8.3549
1744940974.221115 1744940974.229514 8.3988
1744940974.329742 1744940974.338040 8.2982
1744940974.438563 1744940974.446936 8.3728
1744940974.547209 1744940974.555480 8.2710
1744940974.655678 1744940974.663976 8.2979
1744940974.764316 1744940974.772685 8.3690
1744940974.872953 1744940974.881328 8.3752
1744940974.981540 1744940974.989891 8.3511
1744940975.090194 1744940975.098576 8.3821
1744940975.198793 1744940975.207208 8.4150
1744940975.307455 1744940975.315737 8.2819
1744940975.415984 1744940975.424309 8.3251
1744940975.524632 1744940975.532901 8.2691
1744940975.633242 1744940975.641655 8.4131
1744940975.742028 1744940975.750449 8.4209
1744940975.850669 1744940975.858997 8.3282
1744940975.959342 1744940975.967663 8.3210
1744940976.067953 1744940976.076265 8.3120
1744940976.176621 1744940976.184825 8.2040
1744940976.285042 1744940976.293493 8.4510
1744940976.393742 1744940976.401985 8.2428
1744940976.502479 1744940976.510944 8.4648
1744940976.611222 1744940976.619471 8.2490
1744940976.719828 1744940976.728145 8.3170
1744940976.828440 1744940976.836877 8.4372
1744940976.937459 1744940976.945713 8.2541
1744940977.045917 1744940977.054239 8.3220
1744940977.154497 1744940977.162800 8.3032
1744940977.263162 1744940977.271483 8.3210
1744940977.371771 1744940977.380136 8.3649
1744940977.480381 1744940977.488659 8.2779
1744940977.588796 1744940977.597152 8.3561
1744940977.697361 1744940977.705614 8.2531
1744940977.805971 1744940977.814326 8.3551
1744940977.914571 1744940977.922877 8.3060
1744940978.023203 1744940978.031532 8.3292
1744940978.131727 1744940978.140118 8.3909
1744940978.240569 1744940978.249064 8.4949
1744940978.349350 1744940978.357666 8.3160
1744940978.457866 1744940978.466202 8.3361
1744940978.566528 1744940978.575264 8.7359
1744940978.675594 1744940978.684009 8.4150
1744940978.784289 1744940978.792774 8.4851
1744940978.893004 1744940978.901456 8.4522
1744940979.001784 1744940979.010070 8.2860
1744940979.110345 1744940979.118620 8.2750
1744940979.219129 1744940979.227522 8.3928
1744940979.327817 1744940979.336134 8.3170
1744940979.436431 1744940979.444811 8.3802
1744940979.545056 1744940979.553465 8.4088
1744940979.653675 1744940979.661985 8.3098
1744940979.762234 1744940979.770547 8.3129
1744940979.870757 1744940979.879104 8.3468
1744940979.979397 1744940979.987713 8.3160
1744940980.087919 1744940980.096344 8.4250
1744940980.196543 1744940980.204767 8.2240
1744940980.305015 1744940980.313255 8.2400
1744940980.413531 1744940980.421810 8.2788
1744940980.522107 1744940980.530423 8.3160
1744940980.630819 1744940980.639167 8.3480
1744940980.739329 1744940980.747745 8.4159
1744940980.848046 1744940980.856328 8.2819
1744940980.956548 1744940980.964810 8.2619
1744940981.065060 1744940981.073766 8.7061
1744940981.174123 1744940981.182554 8.4310
1744940981.282888 1744940981.291251 8.3630
1744940981.391434 1744940981.399716 8.2819
1744940981.500004 1744940981.508355 8.3508
1744940981.608641 1744940981.617057 8.4162
1744940981.717440 1744940981.725692 8.2521
1744940981.825985 1744940981.834255 8.2700
1744940981.934411 1744940981.942664 8.2529
1744940982.042871 1744940982.051237 8.3661
1744940982.151456 1744940982.159722 8.2660
1744940982.260011 1744940982.268325 8.3141
1744940982.368545 1744940982.376869 8.3239
1744940982.477114 1744940982.485405 8.2910
1744940982.585694 1744940982.594088 8.3940
1744940982.694269 1744940982.702699 8.4300
1744940982.802993 1744940982.811376 8.3830
1744940982.911688 1744940982.919962 8.2738
1744940983.020318 1744940983.028659 8.3411
1744940983.128821 1744940983.137138 8.3170
1744940983.237427 1744940983.245741 8.3139
1744940983.346044 1744940983.354378 8.3339
1744940983.454654 1744940983.462886 8.2321
1744940983.563181 1744940983.571617 8.4360
1744940983.671912 1744940983.680262 8.3501
1744940983.780526 1744940983.788750 8.2240
1744940983.889050 1744940983.897271 8.2209
1744940983.997540 1744940984.005954 8.4140
1744940984.106173 1744940984.114529 8.3559
1744940984.214898 1744940984.223206 8.3079
1744940984.323423 1744940984.331672 8.2490
1744940984.431979 1744940984.440324 8.3451
1744940984.540703 1744940984.548979 8.2760
1744940984.649245 1744940984.657505 8.2600
1744940984.757759 1744940984.766165 8.4059
1744940984.866532 1744940984.874812 8.2798
1744940984.975142 1744940984.983366 8.2240
1744940985.083675 1744940985.092036 8.3611
1744940985.192330 1744940985.200617 8.2872
1744940985.300830 1744940985.309176 8.3461
1744940985.409392 1744940985.417682 8.2898
1744940985.517981 1744940985.526303 8.3220
1744940985.626513 1744940985.634871 8.3580
1744940985.735108 1744940985.743405 8.2972
1744940985.843608 1744940985.851957 8.3492
1744940985.952251 1744940985.960509 8.2581
1744940986.060704 1744940986.069087 8.3830
1744940986.169258 1744940986.177644 8.3859
1744940986.277870 1744940986.286211 8.3411
1744940986.386511 1744940986.394854 8.3430
1744940986.495265 1744940986.504171 8.9059
1744940986.604389 1744940986.612631 8.2421
1744940986.713196 1744940986.721698 8.5020
1744940986.821945 1744940986.830308 8.3630
1744940986.930628 1744940986.938864 8.2359
1744940987.039192 1744940987.047499 8.3070
1744940987.147689 1744940987.156010 8.3208
1744940987.256240 1744940987.264509 8.2691
1744940987.364817 1744940987.373141 8.3241
1744940987.473461 1744940987.482035 8.5740
1744940987.582325 1744940987.590645 8.3201
1744940987.690972 1744940987.699486 8.5139
1744940987.799763 1744940987.808192 8.4291
1744940987.908401 1744940987.916876 8.4751
1744940988.017109 1744940988.025383 8.2741
1744940988.125613 1744940988.133925 8.3120
1744940988.234252 1744940988.242601 8.3489
1744940988.342844 1744940988.351640 8.7960
1744940988.451917 1744940988.460228 8.3110
1744940988.560508 1744940988.568889 8.3809
1744940988.669134 1744940988.677554 8.4200
1744940988.777834 1744940988.786324 8.4901
1744940988.886686 1744940988.894929 8.2428
1744940988.995059 1744940989.003462 8.4031
1744940989.103777 1744940989.112108 8.3311
1744940989.212326 1744940989.220657 8.3311
1744940989.320811 1744940989.329068 8.2569
1744940989.429260 1744940989.437480 8.2200
1744940989.537694 1744940989.546007 8.3129
1744940989.646317 1744940989.654594 8.2769
1744940989.754913 1744940989.763159 8.2459
1744940989.863446 1744940989.871754 8.3079
1744940989.972061 1744940989.980369 8.3082
1744940990.080570 1744940990.088937 8.3671
1744940990.189208 1744940990.197584 8.3759
1744940990.297910 1744940990.306241 8.3311
1744940990.406603 1744940990.415142 8.5390
1744940990.515885 1744940990.524209 8.3239
1744940990.624350 1744940990.632774 8.4240
1744940990.733050 1744940990.743153 10.1030
1744940990.843386 1744940990.851708 8.3220
1744940990.952005 1744940990.960353 8.3480
1744940991.060661 1744940991.068912 8.2510
1744940991.169163 1744940991.177512 8.3489
1744940991.277883 1744940991.286168 8.2850
1744940991.386486 1744940991.394897 8.4109
1744940991.495138 1744940991.503451 8.3132
1744940991.603712 1744940991.612087 8.3749
1744940991.712247 1744940991.720529 8.2822
1744940991.820772 1744940991.829116 8.3442
1744940991.929405 1744940991.937691 8.2860
1744940992.037984 1744940992.046346 8.3621
1744940992.146672 1744940992.155029 8.3570
1744940992.255243 1744940992.263569 8.3261
1744940992.363770 1744940992.372075 8.3051
1744940992.472326 1744940992.481188 8.8620
1744940992.581418 1744940992.589741 8.3230
1744940992.689910 1744940992.698335 8.4250
1744940992.798540 1744940992.806923 8.3828
1744940992.907191 1744940992.915572 8.3809
1744940993.015992 1744940993.024626 8.6341
1744940993.124888 1744940993.133313 8.4250
1744940993.233598 1744940993.241926 8.3280
1744940993.342161 1744940993.350410 8.2490
1744940993.450707 1744940993.458936 8.2290
1744940993.559322 1744940993.567630 8.3079
1744940993.667935 1744940993.676264 8.3292
1744940993.776599 1744940993.784849 8.2500
1744940993.885025 1744940993.893327 8.3020
1744940993.993635 1744940994.001907 8.2722
1744940994.102219 1744940994.110553 8.3339
1744940994.210905 1744940994.219344 8.4388
1744940994.319576 1744940994.327948 8.3721
1744940994.428243 1744940994.436564 8.3210
1744940994.536754 1744940994.545024 8.2700
1744940994.645988 1744940994.654265 8.2769
1744940994.754612 1744940994.762916 8.3041
1744940994.863155 1744940994.871509 8.3542
1744940994.971760 1744940994.979980 8.2200
1744940995.080302 1744940995.088540 8.2381
1744940995.188861 1744940995.197226 8.3652
1744940995.297485 1744940995.305881 8.3959
1744940995.406110 1744940995.414528 8.4178
1744940995.514828 1744940995.523226 8.3981
1744940995.623513 1744940995.631747 8.2340
1744940995.731989 1744940995.740353 8.3642
1744940995.840747 1744940995.849207 8.4598
1744940995.949517 1744940995.957887 8.3699
1744940996.058125 1744940996.066408 8.2829
1744940996.166718 1744940996.175002 8.2841
1744940996.275429 1744940996.283973 8.5440
1744940996.384220 1744940996.392465 8.2452
1744940996.492616 1744940996.501089 8.4732
1744940996.601288 1744940996.609611 8.3230
1744940996.710860 1744940996.719726 8.8661
1744940996.820077 1744940996.828462 8.3849
1744940996.928752 1744940996.937101 8.3489
1744940997.037297 1744940997.045794 8.4970
1744940997.146280 1744940997.154603 8.3230
1744940997.254874 1744940997.263271 8.3971
1744940997.363576 1744940997.371882 8.3060
1744940997.472096 1744940997.480406 8.3101
1744940997.580600 1744940997.588900 8.3001
1744940997.689211 1744940997.697477 8.2662
1744940997.797748 1744940997.806083 8.3349
1744940997.906307 1744940997.914697 8.3899
1744940998.015015 1744940998.023728 8.7130
1744940998.124017 1744940998.132402 8.3849
1744940998.232645 1744940998.241123 8.4779
1744940998.341455 1744940998.349829 8.3740
1744940998.450125 1744940998.458408 8.2831
1744940998.558680 1744940998.567025 8.3449
1744940998.667338 1744940998.675705 8.3671
1744940998.776029 1744940998.784345 8.3158
1744940998.884541 1744940998.893010 8.4689
1744940998.993394 1744940999.001683 8.2891
1744940999.102026 1744940999.110498 8.4720
1744940999.210872 1744940999.219456 8.5840
1744940999.319760 1744940999.328114 8.3539
1744940999.428404 1744940999.436736 8.3320
1744940999.537033 1744940999.545404 8.3709
1744940999.645685 1744940999.653973 8.2881
1744940999.754242 1744940999.762527 8.2850
1744940999.862715 1744940999.870983 8.2679
1744940999.971344 1744940999.979760 8.4159
1744941000.079976 1744941000.088585 8.6088
1744941000.188860 1744941000.197160 8.3001
1744941000.297404 1744941000.305732 8.3280
1744941000.406047 1744941000.414491 8.4438
1744941000.514853 1744941000.523170 8.3170
1744941000.623506 1744941000.631946 8.4400
1744941000.732255 1744941000.740754 8.4989
1744941000.841255 1744941000.849594 8.3392
1744941000.949897 1744941000.958247 8.3499
1744941001.058428 1744941001.067822 9.3939
1744941001.168152 1744941001.176484 8.3320
1744941001.276734 1744941001.285104 8.3699
1744941001.386362 1744941001.394780 8.4178
1744941001.494926 1744941001.503236 8.3101
1744941001.603560 1744941001.611798 8.2381
1744941001.714426 1744941001.722888 8.4620
1744941001.823314 1744941001.831670 8.3561
1744941001.931981 1744941001.940315 8.3339
1744941002.040620 1744941002.049086 8.4660
1744941002.149280 1744941002.157604 8.3239
1744941002.257908 1744941002.266259 8.3508
1744941002.366544 1744941002.374862 8.3179
1744941002.475111 1744941002.483456 8.3449
1744941002.583663 1744941002.591951 8.2879
1744941002.692122 1744941002.700490 8.3680
1744941002.800818 1744941002.809196 8.3780
1744941002.909405 1744941002.917765 8.3599
1744941003.017969 1744941003.026283 8.3141
1744941003.126579 1744941003.134953 8.3740
1744941003.235237 1744941003.243504 8.2672
1744941003.343781 1744941003.352162 8.3809
1744941003.452504 1744941003.460898 8.3940
1744941003.561150 1744941003.569548 8.3978
1744941003.669718 1744941003.678127 8.4090
1744941003.778359 1744941003.786590 8.2312
1744941003.886787 1744941003.895092 8.3051
1744941003.995390 1744941004.003731 8.3411
1744941004.104022 1744941004.112369 8.3470
1744941004.215263 1744941004.223781 8.5182
1744941004.324085 1744941004.332377 8.2920
1744941004.432705 1744941004.441110 8.4050
1744941004.541344 1744941004.549595 8.2512
1744941004.649920 1744941004.658239 8.3189
1744941004.758530 1744941004.767012 8.4820
1744941004.867285 1744941004.875578 8.2929
1744941004.975904 1744941004.984353 8.4491
1744941005.084583 1744941005.092955 8.3721
1744941005.193112 1744941005.201370 8.2581
1744941005.301630 1744941005.309912 8.2819
1744941005.410237 1744941005.418563 8.3258
1744941005.518858 1744941005.527198 8.3401
1744941005.627510 1744941005.636191 8.6808
1744941005.736402 1744941005.744775 8.3730
1744941005.845059 1744941005.853383 8.3241
1744941005.953559 1744941005.961838 8.2791
1744941006.062063 1744941006.070473 8.4100
1744941006.170667 1744941006.178942 8.2750
1744941006.279251 1744941006.287509 8.2579
1744941006.387733 1744941006.396170 8.4369
1744941006.496437 1744941006.504750 8.3129
1744941006.605050 1744941006.613423 8.3730
1744941006.713716 1744941006.722183 8.4670
1744941006.824038 1744941006.834851 10.8130
1744941006.935320 1744941006.943548 8.2281
1744941007.044093 1744941007.052330 8.2371
1744941007.152663 1744941007.160973 8.3101
1744941007.261450 1744941007.269816 8.3659
1744941007.370077 1744941007.378386 8.3091
1744941007.478696 1744941007.487333 8.6370
1744941007.587511 1744941007.595848 8.3370
1744941007.696129 1744941007.704380 8.2510
1744941007.804707 1744941007.813016 8.3089
1744941007.913307 1744941007.921613 8.3060
1744941008.021804 1744941008.030193 8.3890
1744941008.130518 1744941008.138819 8.3010
1744941008.239001 1744941008.247303 8.3020
1744941008.347613 1744941008.355958 8.3449
1744941008.456307 1744941008.464719 8.4121
1744941008.564905 1744941008.573414 8.5092
1744941008.673744 1744941008.681980 8.2359
1744941008.782233 1744941008.790617 8.3840
1744941008.890920 1744941008.899372 8.4522
1744941008.999662 1744941009.008028 8.3661
1744941009.108559 1744941009.116902 8.3432
1744941009.217191 1744941009.225622 8.4310
1744941009.325826 1744941009.334077 8.2510
1744941009.434422 1744941009.442744 8.3220
1744941009.543009 1744941009.551333 8.3239
1744941009.651704 1744941009.660081 8.3768
1744941009.760395 1744941009.768751 8.3559
1744941009.869089 1744941009.877350 8.2612
1744941009.977795 1744941009.986128 8.3332
1744941010.086324 1744941010.094609 8.2850
1744941010.194918 1744941010.203152 8.2340
1744941010.303488 1744941010.312136 8.6479
1744941010.412372 1744941010.420847 8.4748
1744941010.521063 1744941010.529419 8.3559
1744941010.629700 1744941010.638051 8.3511
1744941010.738323 1744941010.746664 8.3411
1744941010.846843 1744941010.855191 8.3480
1744941010.955481 1744941010.963849 8.3680
1744941011.064150 1744941011.072516 8.3659
1744941011.172841 1744941011.181205 8.3640
1744941011.281498 1744941011.289824 8.3261
1744941011.390016 1744941011.398321 8.3048
1744941011.498624 1744941011.507116 8.4920
1744941011.607430 1744941011.615828 8.3981
1744941011.716140 1744941011.724415 8.2750
1744941011.824721 1744941011.833096 8.3749
1744941011.933282 1744941011.941823 8.5411
1744941012.042279 1744941012.050616 8.3370
1744941012.150957 1744941012.159267 8.3098
1744941012.259576 1744941012.267914 8.3380
1744941012.368219 1744941012.376649 8.4300
1744941012.477345 1744941012.485711 8.3661
1744941012.585869 1744941012.594476 8.6069
1744941012.694776 1744941012.703149 8.3730
1744941012.803510 1744941012.811861 8.3511
1744941012.912273 1744941012.920531 8.2581
1744941013.020824 1744941013.029338 8.5139
1744941013.129545 1744941013.137799 8.2541
1744941013.238118 1744941013.246547 8.4291
1744941013.346849 1744941013.355206 8.3570
1744941013.455549 1744941013.463919 8.3699
1744941013.564228 1744941013.572607 8.3790
1744941013.672937 1744941013.681254 8.3170
1744941013.781738 1744941013.790077 8.3389
1744941013.890358 1744941013.898713 8.3551
1744941013.998928 1744941014.007297 8.3690
1744941014.107632 1744941014.116019 8.3871
1744941014.216328 1744941014.224544 8.2161
1744941014.324748 1744941014.333061 8.3129
1744941014.433349 1744941014.442132 8.7831
1744941014.542355 1744941014.550672 8.3170
1744941014.650990 1744941014.659241 8.2510
1744941014.759536 1744941014.767874 8.3380
1744941014.868022 1744941014.876428 8.4059
1744941014.976648 1744941014.985049 8.4009
1744941015.085320 1744941015.093685 8.3649
1744941015.193972 1744941015.202282 8.3098
1744941015.302495 1744941015.310892 8.3971
1744941015.411239 1744941015.419568 8.3292
1744941015.519841 1744941015.528169 8.3280
1744941015.628416 1744941015.637510 9.0940
1744941015.737746 1744941015.746000 8.2541
1744941015.846239 1744941015.854606 8.3668
1744941015.954843 1744941015.963154 8.3110
1744941016.063461 1744941016.071792 8.3308
1744941016.172101 1744941016.180430 8.3289
1744941016.280593 1744941016.288953 8.3601
1744941016.389144 1744941016.397456 8.3120
