1744940958.016539
1744940958.125400
1744940958.233881
1744940958.342388
1744940958.451295
1744940958.559952
1744940958.668529
1744940958.778960
1744940958.888534
1744940958.998300
1744940959.107256
1744940959.215814
1744940959.324355
1744940959.433913
1744940959.542436
1744940959.651444
1744940959.760151
1744940959.868993
1744940959.978218
1744940960.086709
1744940960.195578
1744940960.304174
1744940960.412674
1744940960.521245
1744940960.630293
1744940960.738886
1744940960.847460
1744940960.956060
1744940961.064672
1744940961.173739
1744940961.282383
1744940961.390896
1744940961.499561
1744940961.608279
1744940961.716837
1744940961.825494
1744940961.934090
1744940962.042720
1744940962.151298
1744940962.259872
1744940962.368641
1744940962.477249
1744940962.585714
1744940962.694281
1744940962.803650
1744940962.912172
1744940963.020786
1744940963.129389
1744940963.238185
1744940963.346734
1744940963.455299
1744940963.563900
1744940963.672428
1744940963.781358
1744940963.890231
1744940963.998816
1744940964.107534
1744940964.216259
1744940964.324829
1744940964.433400
1744940964.541960
1744940964.650536
1744940964.759118
1744940964.867632
1744940964.976317
1744940965.084830
1744940965.193315
1744940965.302069
1744940965.410716
1744940965.519405
1744940965.627987
1744940965.736495
1744940965.845126
1744940965.953725
1744940966.062371
1744940966.170950
1744940966.279410
1744940966.388049
1744940966.496697
1744940966.605473
1744940966.714014
1744940966.822565
1744940966.931360
1744940967.040268
1744940967.148989
1744940967.257868
1744940967.366508
1744940967.475259
1744940967.583880
1744940967.701482
1744940967.809988
1744940967.918558
1744940968.027035
1744940968.135511
1744940968.244097
1744940968.352760
1744940968.461389
1744940968.570153
1744940968.678718
1744940968.787257
1744940968.896091
1744940969.004739
1744940969.113580
1744940969.222156
1744940969.330756
1744940969.439400
1744940969.548053
1744940969.656506
1744940969.765046
1744940969.873681
1744940969.982387
1744940970.091159
1744940970.199730
1744940970.308394
1744940970.416892
1744940970.525593
1744940970.634087
1744940970.742968
1744940970.851644
1744940970.960168
1744940971.068692
1744940971.177290
1744940971.288018
1744940971.396679
1744940971.505163
1744940971.613672
1744940971.722336
1744940971.830949
1744940971.939732
1744940972.048379
1744940972.156978
1744940972.265594
1744940972.374462
1744940972.483030
1744940972.591860
1744940972.700437
1744940972.809136
1744940972.917726
1744940973.026179
1744940973.134777
1744940973.243710
1744940973.352445
1744940973.461159
1744940973.569614
1744940973.678289
1744940973.786850
1744940973.895375
1744940974.003946
1744940974.112507
1744940974.221115
1744940974.329742
1744940974.438563
1744940974.547209
1744940974.655678
1744940974.764316
1744940974.872953
1744940974.981540
1744940975.090194
1744940975.198793
1744940975.307455
1744940975.415984
1744940975.524632
1744940975.633242
1744940975.742028
1744940975.850669
1744940975.959342
1744940976.067953
1744940976.176621
1744940976.285042
1744940976.393742
1744940976.502479
1744940976.611222
1744940976.719828
1744940976.828440
1744940976.937459
1744940977.045917
1744940977.154497
1744940977.263162
1744940977.371771
1744940977.480381
1744940977.588796
1744940977.697361
1744940977.805971
1744940977.914571
1744940978.023203
1744940978.131727
1744940978.240569
1744940978.349350
1744940978.457866
1744940978.566528
1744940978.675594
1744940978.784289
1744940978.893004
1744940979.001784
1744940979.110345
1744940979.219129
1744940979.327817
1744940979.436431
1744940979.545056
1744940979.653675
1744940979.762234
1744940979.870757
1744940979.979397
1744940980.087919
1744940980.196543
1744940980.305015
1744940980.413531
1744940980.522107
1744940980.630819
1744940980.739329
1744940980.848046
1744940980.956548
1744940981.065060
1744940981.174123
1744940981.282888
1744940981.391434
1744940981.500004
1744940981.608641
1744940981.717440
1744940981.825985
1744940981.934411
1744940982.042871
1744940982.151456
1744940982.260011
1744940982.368545
1744940982.477114
1744940982.585694
1744940982.694269
1744940982.802993
1744940982.911688
1744940983.020318
1744940983.128821
1744940983.237427
1744940983.346044
1744940983.454654
1744940983.563181
1744940983.671912
1744940983.780526
1744940983.889050
1744940983.997540
1744940984.106173
1744940984.214898
1744940984.323423
1744940984.431979
1744940984.540703
1744940984.649245
1744940984.757759
1744940984.866532
1744940984.975142
1744940985.083675
1744940985.192330
1744940985.300830
1744940985.409392
1744940985.517981
1744940985.626513
1744940985.735108
1744940985.843608
1744940985.952251
1744940986.060704
1744940986.169258
1744940986.277870
1744940986.386511
1744940986.495265
1744940986.604389
1744940986.713196
1744940986.821945
1744940986.930628
1744940987.039192
1744940987.147689
1744940987.256240
1744940987.364817
1744940987.473461
1744940987.582325
1744940987.690972
1744940987.799763
1744940987.908401
1744940988.017109
1744940988.125613
1744940988.234252
1744940988.342844
1744940988.451917
1744940988.560508
1744940988.669134
1744940988.777834
1744940988.886686
1744940988.995059
1744940989.103777
1744940989.212326
1744940989.320811
1744940989.429260
1744940989.537694
1744940989.646317
1744940989.754913
1744940989.863446
1744940989.972061
1744940990.080570
1744940990.189208
1744940990.297910
1744940990.406603
1744940990.515885
1744940990.624350
1744940990.733050
1744940990.843386
1744940990.952005
1744940991.060661
1744940991.169163
1744940991.277883
1744940991.386486
1744940991.495138
1744940991.603712
1744940991.712247
1744940991.820772
1744940991.929405
1744940992.037984
1744940992.146672
1744940992.255243
1744940992.363770
1744940992.472326
1744940992.581418
1744940992.689910
1744940992.798540
1744940992.907191
1744940993.015992
1744940993.124888
1744940993.233598
1744940993.342161
1744940993.450707
1744940993.559322
1744940993.667935
1744940993.776599
1744940993.885025
1744940993.993635
1744940994.102219
1744940994.210905
1744940994.319576
1744940994.428243
1744940994.536754
1744940994.645988
1744940994.754612
1744940994.863155
1744940994.971760
1744940995.080302
1744940995.188861
1744940995.297485
1744940995.406110
1744940995.514828
1744940995.623513
1744940995.731989
1744940995.840747
1744940995.949517
1744940996.058125
1744940996.166718
1744940996.275429
1744940996.384220
1744940996.492616
1744940996.601288
1744940996.710860
1744940996.820077
1744940996.928752
1744940997.037297
1744940997.146280
1744940997.254874
1744940997.363576
1744940997.472096
1744940997.580600
1744940997.689211
1744940997.797748
1744940997.906307
1744940998.015015
1744940998.124017
1744940998.232645
1744940998.341455
1744940998.450125
1744940998.558680
1744940998.667338
1744940998.776029
1744940998.884541
1744940998.993394
1744940999.102026
1744940999.210872
1744940999.319760
1744940999.428404
1744940999.537033
1744940999.645685
1744940999.754242
1744940999.862715
1744940999.971344
1744941000.079976
1744941000.188860
1744941000.297404
1744941000.406047
1744941000.514853
1744941000.623506
1744941000.732255
1744941000.841255
1744941000.949897
1744941001.058428
1744941001.168152
1744941001.276734
1744941001.386362
1744941001.494926
1744941001.603560
1744941001.714426
1744941001.823314
1744941001.931981
1744941002.040620
1744941002.149280
1744941002.257908
1744941002.366544
1744941002.475111
1744941002.583663
1744941002.692122
1744941002.800818
1744941002.909405
1744941003.017969
1744941003.126579
1744941003.235237
1744941003.343781
1744941003.452504
1744941003.561150
1744941003.669718
1744941003.778359
1744941003.886787
1744941003.995390
1744941004.104022
1744941004.215263
1744941004.324085
1744941004.432705
1744941004.541344
1744941004.649920
1744941004.758530
1744941004.867285
1744941004.975904
1744941005.084583
1744941005.193112
1744941005.301630
1744941005.410237
1744941005.518858
1744941005.627510
1744941005.736402
1744941005.845059
1744941005.953559
1744941006.062063
1744941006.170667
1744941006.279251
1744941006.387733
1744941006.496437
1744941006.605050
1744941006.713716
1744941006.824038
1744941006.935320
1744941007.044093
1744941007.152663
1744941007.261450
1744941007.370077
1744941007.478696
1744941007.587511
1744941007.696129
1744941007.804707
1744941007.913307
1744941008.021804
1744941008.130518
1744941008.239001
1744941008.347613
1744941008.456307
1744941008.564905
1744941008.673744
1744941008.782233
1744941008.890920
1744941008.999662
1744941009.108559
1744941009.217191
1744941009.325826
1744941009.434422
1744941009.543009
1744941009.651704
1744941009.760395
1744941009.869089
1744941009.977795
1744941010.086324
1744941010.194918
1744941010.303488
1744941010.412372
1744941010.521063
1744941010.629700
1744941010.738323
1744941010.846843
1744941010.955481
1744941011.064150
1744941011.172841
1744941011.281498
1744941011.390016
1744941011.498624
1744941011.607430
1744941011.716140
1744941011.824721
1744941011.933282
1744941012.042279
1744941012.150957
1744941012.259576
1744941012.368219
1744941012.477345
1744941012.585869
1744941012.694776
1744941012.803510
1744941012.912273
1744941013.020824
1744941013.129545
1744941013.238118
1744941013.346849
1744941013.455549
1744941013.564228
1744941013.672937
1744941013.781738
1744941013.890358
1744941013.998928
1744941014.107632
1744941014.216328
1744941014.324748
1744941014.433349
1744941014.542355
1744941014.650990
1744941014.759536
1744941014.868022
1744941014.976648
1744941015.085320
1744941015.193972
1744941015.302495
1744941015.411239
1744941015.519841
1744941015.628416
1744941015.737746
1744941015.846239
1744941015.954843
1744941016.063461
1744941016.172101
1744941016.280593
1744941016.389144
